---------------------------------------------------------------

[2019-11-27T11:05:34+08:00] 127.0.0.1 GET www.mall.com/admin/index/index
[运行时间：0.087005s] [吞吐率：11.49req/s] [内存消耗：2,565.20kb] [文件加载：70]
[ info ] [ LANG ] C:\wamp\www\mall\thinkphp\lang\zh-cn.php
[ info ] [ ROUTE ] array (
)
[ info ] [ HEADER ] array (
  'host' => 'www.mall.com',
  'connection' => 'keep-alive',
  'upgrade-insecure-requests' => '1',
  'user-agent' => 'Mozilla/5.0 (Windows NT 6.1; Win64; x64) AppleWebKit/537.36 (KHTML, like Gecko) Chrome/76.0.3809.87 Safari/537.36',
  'accept' => 'text/html,application/xhtml+xml,application/xml;q=0.9,image/webp,image/apng,*/*;q=0.8,application/signed-exchange;v=b3',
  'accept-encoding' => 'gzip, deflate',
  'accept-language' => 'zh-CN,zh;q=0.9,en;q=0.8',
  'cookie' => 'ace.settings=%7B%22navbar-fixed%22%3A1%2C%22main-container-fixed%22%3A-1%2C%22sidebar-fixed%22%3A1%2C%22sidebar-collapsed%22%3A-1%7D; pgv_pvi=2395768832',
)
[ info ] [ PARAM ] array (
)
[ info ] [ VIEW ] C:\wamp\www\mall\thinkphp\tpl/dispatch_jump.tpl [ array (
  0 => 'code',
  1 => 'msg',
  2 => 'data',
  3 => 'url',
  4 => 'wait',
) ]
---------------------------------------------------------------

[2019-11-27T11:05:38+08:00] 127.0.0.1 GET www.mall.com/admin/login/index.html
[运行时间：0.058003s] [吞吐率：17.24req/s] [内存消耗：3,059.95kb] [文件加载：76]
[ info ] [ LANG ] C:\wamp\www\mall\thinkphp\lang\zh-cn.php
[ info ] [ ROUTE ] array (
)
[ info ] [ HEADER ] array (
  'host' => 'www.mall.com',
  'connection' => 'keep-alive',
  'upgrade-insecure-requests' => '1',
  'user-agent' => 'Mozilla/5.0 (Windows NT 6.1; Win64; x64) AppleWebKit/537.36 (KHTML, like Gecko) Chrome/76.0.3809.87 Safari/537.36',
  'accept' => 'text/html,application/xhtml+xml,application/xml;q=0.9,image/webp,image/apng,*/*;q=0.8,application/signed-exchange;v=b3',
  'referer' => 'http://www.mall.com/admin/index/index',
  'accept-encoding' => 'gzip, deflate',
  'accept-language' => 'zh-CN,zh;q=0.9,en;q=0.8',
  'cookie' => 'pgv_pvi=2395768832; PHPSESSID=fa457h6mbq4rq8fsm2c9uvna5f',
)
[ info ] [ PARAM ] array (
)
[ info ] [ VIEW ] C:\wamp\www\mall\application\admin\view\login\index.html [ array (
) ]
---------------------------------------------------------------

[2019-11-27T11:05:38+08:00] 127.0.0.1 GET www.mall.com/admin/login/verify.html
[运行时间：0.068004s] [吞吐率：14.70req/s] [内存消耗：3,021.20kb] [文件加载：73]
[ info ] [ LANG ] C:\wamp\www\mall\thinkphp\lang\zh-cn.php
[ info ] [ ROUTE ] array (
)
[ info ] [ HEADER ] array (
  'host' => 'www.mall.com',
  'connection' => 'keep-alive',
  'user-agent' => 'Mozilla/5.0 (Windows NT 6.1; Win64; x64) AppleWebKit/537.36 (KHTML, like Gecko) Chrome/76.0.3809.87 Safari/537.36',
  'accept' => 'image/webp,image/apng,image/*,*/*;q=0.8',
  'referer' => 'http://www.mall.com/admin/login/index.html',
  'accept-encoding' => 'gzip, deflate',
  'accept-language' => 'zh-CN,zh;q=0.9,en;q=0.8',
  'cookie' => 'pgv_pvi=2395768832; PHPSESSID=fa457h6mbq4rq8fsm2c9uvna5f',
)
[ info ] [ PARAM ] array (
)
---------------------------------------------------------------

[2019-11-27T11:05:40+08:00] 127.0.0.1 GET www.mall.com/admin/login/verify.html?rand=0.375827987504316
[运行时间：0.041002s] [吞吐率：24.39req/s] [内存消耗：3,021.76kb] [文件加载：73]
[ info ] [ LANG ] C:\wamp\www\mall\thinkphp\lang\zh-cn.php
[ info ] [ ROUTE ] array (
)
[ info ] [ HEADER ] array (
  'host' => 'www.mall.com',
  'connection' => 'keep-alive',
  'user-agent' => 'Mozilla/5.0 (Windows NT 6.1; Win64; x64) AppleWebKit/537.36 (KHTML, like Gecko) Chrome/76.0.3809.87 Safari/537.36',
  'accept' => 'image/webp,image/apng,image/*,*/*;q=0.8',
  'referer' => 'http://www.mall.com/admin/login/index.html',
  'accept-encoding' => 'gzip, deflate',
  'accept-language' => 'zh-CN,zh;q=0.9,en;q=0.8',
  'cookie' => 'thinkphp_show_page_trace=0|0; pgv_pvi=2395768832; PHPSESSID=fa457h6mbq4rq8fsm2c9uvna5f',
)
[ info ] [ PARAM ] array (
  'rand' => '0.375827987504316',
)
---------------------------------------------------------------

[2019-11-27T11:05:45+08:00] 127.0.0.1 POST www.mall.com/admin/login/login.html
[运行时间：0.093005s] [吞吐率：10.75req/s] [内存消耗：4,278.75kb] [文件加载：79]
[ info ] [ LANG ] C:\wamp\www\mall\thinkphp\lang\zh-cn.php
[ info ] [ ROUTE ] array (
)
[ info ] [ HEADER ] array (
  'host' => 'www.mall.com',
  'connection' => 'keep-alive',
  'content-length' => '40',
  'accept' => 'application/json, text/javascript, */*; q=0.01',
  'origin' => 'http://www.mall.com',
  'x-requested-with' => 'XMLHttpRequest',
  'user-agent' => 'Mozilla/5.0 (Windows NT 6.1; Win64; x64) AppleWebKit/537.36 (KHTML, like Gecko) Chrome/76.0.3809.87 Safari/537.36',
  'content-type' => 'application/x-www-form-urlencoded; charset=UTF-8',
  'referer' => 'http://www.mall.com/admin/login/index.html',
  'accept-encoding' => 'gzip, deflate',
  'accept-language' => 'zh-CN,zh;q=0.9,en;q=0.8',
  'cookie' => 'thinkphp_show_page_trace=0|0; pgv_pvi=2395768832; PHPSESSID=fa457h6mbq4rq8fsm2c9uvna5f',
)
[ info ] [ PARAM ] array (
  'username' => 'admin',
  'password' => '123456',
  'code' => 'rnqr',
)
[ info ] [ DB ] INIT mysql
[ sql ] [ DB ] CONNECT:[ UseTime:0.012001s ] mysql:host=localhost;dbname=mall;charset=utf8
[ sql ] [ SQL ] SHOW COLUMNS FROM `mall_admin` [ RunTime:0.025001s ]
[ sql ] [ SQL ] SELECT * FROM `mall_admin` WHERE  `username` = 'admin' LIMIT 1 [ RunTime:0.004001s ]
[ sql ] [ SQL ] UPDATE `mall_admin`  SET `login_time` = 1574823945 , `login_ip` = '127.0.0.1'  WHERE  `admin_id` = 1 [ RunTime:0.003000s ]
---------------------------------------------------------------

[2019-11-27T11:05:46+08:00] 127.0.0.1 GET www.mall.com/admin/index/index.html
[运行时间：0.053003s] [吞吐率：18.87req/s] [内存消耗：2,589.47kb] [文件加载：70]
[ info ] [ LANG ] C:\wamp\www\mall\thinkphp\lang\zh-cn.php
[ info ] [ ROUTE ] array (
)
[ info ] [ HEADER ] array (
  'host' => 'www.mall.com',
  'connection' => 'keep-alive',
  'upgrade-insecure-requests' => '1',
  'user-agent' => 'Mozilla/5.0 (Windows NT 6.1; Win64; x64) AppleWebKit/537.36 (KHTML, like Gecko) Chrome/76.0.3809.87 Safari/537.36',
  'accept' => 'text/html,application/xhtml+xml,application/xml;q=0.9,image/webp,image/apng,*/*;q=0.8,application/signed-exchange;v=b3',
  'referer' => 'http://www.mall.com/admin/login/index.html',
  'accept-encoding' => 'gzip, deflate',
  'accept-language' => 'zh-CN,zh;q=0.9,en;q=0.8',
  'cookie' => 'ace.settings=%7B%22navbar-fixed%22%3A1%2C%22main-container-fixed%22%3A-1%2C%22sidebar-fixed%22%3A1%2C%22sidebar-collapsed%22%3A-1%7D; thinkphp_show_page_trace=0|0; pgv_pvi=2395768832; PHPSESSID=fa457h6mbq4rq8fsm2c9uvna5f',
)
[ info ] [ PARAM ] array (
)
[ info ] [ VIEW ] C:\wamp\www\mall\application\admin\view\index\index.html [ array (
) ]
---------------------------------------------------------------

[2019-11-27T11:05:46+08:00] 127.0.0.1 GET www.mall.com/admin/index/copy.html
[运行时间：0.081004s] [吞吐率：12.35req/s] [内存消耗：2,494.97kb] [文件加载：68]
[ info ] [ LANG ] C:\wamp\www\mall\thinkphp\lang\zh-cn.php
[ info ] [ ROUTE ] array (
)
[ info ] [ HEADER ] array (
  'host' => 'www.mall.com',
  'connection' => 'keep-alive',
  'upgrade-insecure-requests' => '1',
  'user-agent' => 'Mozilla/5.0 (Windows NT 6.1; Win64; x64) AppleWebKit/537.36 (KHTML, like Gecko) Chrome/76.0.3809.87 Safari/537.36',
  'accept' => 'text/html,application/xhtml+xml,application/xml;q=0.9,image/webp,image/apng,*/*;q=0.8,application/signed-exchange;v=b3',
  'referer' => 'http://www.mall.com/admin/index/index.html',
  'accept-encoding' => 'gzip, deflate',
  'accept-language' => 'zh-CN,zh;q=0.9,en;q=0.8',
  'cookie' => 'ace.settings=%7B%22navbar-fixed%22%3A1%2C%22main-container-fixed%22%3A-1%2C%22sidebar-fixed%22%3A1%2C%22sidebar-collapsed%22%3A-1%7D; thinkphp_show_page_trace=0|0; pgv_pvi=2395768832; PHPSESSID=fa457h6mbq4rq8fsm2c9uvna5f',
)
[ info ] [ PARAM ] array (
)
[ info ] [ VIEW ] C:\wamp\www\mall\application\admin\view\index\copy.html [ array (
) ]
---------------------------------------------------------------

[2019-11-27T11:05:46+08:00] 127.0.0.1 GET www.mall.com/static/admin//static/admin/images/favicon.ico
[运行时间：0.041003s] [吞吐率：24.39req/s] [内存消耗：2,057.49kb] [文件加载：59]
[ info ] [ LANG ] C:\wamp\www\mall\thinkphp\lang\zh-cn.php
---------------------------------------------------------------

[2019-11-27T11:07:09+08:00] 127.0.0.1 GET www.mall.com/admin/index/index.html
[运行时间：0.061003s] [吞吐率：16.39req/s] [内存消耗：2,589.80kb] [文件加载：70]
[ info ] [ LANG ] C:\wamp\www\mall\thinkphp\lang\zh-cn.php
[ info ] [ ROUTE ] array (
)
[ info ] [ HEADER ] array (
  'host' => 'www.mall.com',
  'connection' => 'keep-alive',
  'cache-control' => 'max-age=0',
  'upgrade-insecure-requests' => '1',
  'user-agent' => 'Mozilla/5.0 (Windows NT 6.1; Win64; x64) AppleWebKit/537.36 (KHTML, like Gecko) Chrome/76.0.3809.87 Safari/537.36',
  'accept' => 'text/html,application/xhtml+xml,application/xml;q=0.9,image/webp,image/apng,*/*;q=0.8,application/signed-exchange;v=b3',
  'referer' => 'http://www.mall.com/admin/login/index.html',
  'accept-encoding' => 'gzip, deflate',
  'accept-language' => 'zh-CN,zh;q=0.9,en;q=0.8',
  'cookie' => 'ace.settings=%7B%22navbar-fixed%22%3A1%2C%22main-container-fixed%22%3A-1%2C%22sidebar-fixed%22%3A1%2C%22sidebar-collapsed%22%3A-1%7D; thinkphp_show_page_trace=0|0; pgv_pvi=2395768832; PHPSESSID=fa457h6mbq4rq8fsm2c9uvna5f',
)
[ info ] [ PARAM ] array (
)
[ info ] [ VIEW ] C:\wamp\www\mall\application\admin\view\index\index.html [ array (
) ]
---------------------------------------------------------------

[2019-11-27T11:07:09+08:00] 127.0.0.1 GET www.mall.com/admin/index/copy.html
[运行时间：0.042002s] [吞吐率：23.81req/s] [内存消耗：2,494.97kb] [文件加载：68]
[ info ] [ LANG ] C:\wamp\www\mall\thinkphp\lang\zh-cn.php
[ info ] [ ROUTE ] array (
)
[ info ] [ HEADER ] array (
  'host' => 'www.mall.com',
  'connection' => 'keep-alive',
  'upgrade-insecure-requests' => '1',
  'user-agent' => 'Mozilla/5.0 (Windows NT 6.1; Win64; x64) AppleWebKit/537.36 (KHTML, like Gecko) Chrome/76.0.3809.87 Safari/537.36',
  'accept' => 'text/html,application/xhtml+xml,application/xml;q=0.9,image/webp,image/apng,*/*;q=0.8,application/signed-exchange;v=b3',
  'referer' => 'http://www.mall.com/admin/index/index.html',
  'accept-encoding' => 'gzip, deflate',
  'accept-language' => 'zh-CN,zh;q=0.9,en;q=0.8',
  'cookie' => 'ace.settings=%7B%22navbar-fixed%22%3A1%2C%22main-container-fixed%22%3A-1%2C%22sidebar-fixed%22%3A1%2C%22sidebar-collapsed%22%3A-1%7D; thinkphp_show_page_trace=0|0; pgv_pvi=2395768832; PHPSESSID=fa457h6mbq4rq8fsm2c9uvna5f',
)
[ info ] [ PARAM ] array (
)
[ info ] [ VIEW ] C:\wamp\www\mall\application\admin\view\index\copy.html [ array (
) ]
---------------------------------------------------------------

[2019-11-27T11:07:23+08:00] 127.0.0.1 GET www.mall.com/admin/index/logout.html
[运行时间：0.051002s] [吞吐率：19.61req/s] [内存消耗：2,568.66kb] [文件加载：71]
[ info ] [ LANG ] C:\wamp\www\mall\thinkphp\lang\zh-cn.php
[ info ] [ ROUTE ] array (
)
[ info ] [ HEADER ] array (
  'host' => 'www.mall.com',
  'connection' => 'keep-alive',
  'upgrade-insecure-requests' => '1',
  'user-agent' => 'Mozilla/5.0 (Windows NT 6.1; Win64; x64) AppleWebKit/537.36 (KHTML, like Gecko) Chrome/76.0.3809.87 Safari/537.36',
  'accept' => 'text/html,application/xhtml+xml,application/xml;q=0.9,image/webp,image/apng,*/*;q=0.8,application/signed-exchange;v=b3',
  'referer' => 'http://www.mall.com/admin/index/index.html',
  'accept-encoding' => 'gzip, deflate',
  'accept-language' => 'zh-CN,zh;q=0.9,en;q=0.8',
  'cookie' => 'ace.settings=%7B%22navbar-fixed%22%3A1%2C%22main-container-fixed%22%3A-1%2C%22sidebar-fixed%22%3A1%2C%22sidebar-collapsed%22%3A-1%7D; thinkphp_show_page_trace=0|0; pgv_pvi=2395768832; PHPSESSID=fa457h6mbq4rq8fsm2c9uvna5f',
)
[ info ] [ PARAM ] array (
)
[ info ] [ VIEW ] C:\wamp\www\mall\thinkphp\tpl/dispatch_jump.tpl [ array (
  0 => 'code',
  1 => 'msg',
  2 => 'data',
  3 => 'url',
  4 => 'wait',
) ]
---------------------------------------------------------------

[2019-11-27T11:07:26+08:00] 127.0.0.1 GET www.mall.com/admin/login/index.html
[运行时间：0.055003s] [吞吐率：18.18req/s] [内存消耗：3,060.11kb] [文件加载：76]
[ info ] [ LANG ] C:\wamp\www\mall\thinkphp\lang\zh-cn.php
[ info ] [ ROUTE ] array (
)
[ info ] [ HEADER ] array (
  'host' => 'www.mall.com',
  'connection' => 'keep-alive',
  'upgrade-insecure-requests' => '1',
  'user-agent' => 'Mozilla/5.0 (Windows NT 6.1; Win64; x64) AppleWebKit/537.36 (KHTML, like Gecko) Chrome/76.0.3809.87 Safari/537.36',
  'accept' => 'text/html,application/xhtml+xml,application/xml;q=0.9,image/webp,image/apng,*/*;q=0.8,application/signed-exchange;v=b3',
  'referer' => 'http://www.mall.com/admin/index/logout.html',
  'accept-encoding' => 'gzip, deflate',
  'accept-language' => 'zh-CN,zh;q=0.9,en;q=0.8',
  'cookie' => 'thinkphp_show_page_trace=0|0; pgv_pvi=2395768832; PHPSESSID=fa457h6mbq4rq8fsm2c9uvna5f',
)
[ info ] [ PARAM ] array (
)
[ info ] [ VIEW ] C:\wamp\www\mall\application\admin\view\login\index.html [ array (
) ]
---------------------------------------------------------------

[2019-11-27T11:07:26+08:00] 127.0.0.1 GET www.mall.com/admin/login/verify.html
[运行时间：0.065004s] [吞吐率：15.38req/s] [内存消耗：3,021.22kb] [文件加载：73]
[ info ] [ LANG ] C:\wamp\www\mall\thinkphp\lang\zh-cn.php
[ info ] [ ROUTE ] array (
)
[ info ] [ HEADER ] array (
  'host' => 'www.mall.com',
  'connection' => 'keep-alive',
  'user-agent' => 'Mozilla/5.0 (Windows NT 6.1; Win64; x64) AppleWebKit/537.36 (KHTML, like Gecko) Chrome/76.0.3809.87 Safari/537.36',
  'accept' => 'image/webp,image/apng,image/*,*/*;q=0.8',
  'referer' => 'http://www.mall.com/admin/login/index.html',
  'accept-encoding' => 'gzip, deflate',
  'accept-language' => 'zh-CN,zh;q=0.9,en;q=0.8',
  'cookie' => 'thinkphp_show_page_trace=0|0; pgv_pvi=2395768832; PHPSESSID=fa457h6mbq4rq8fsm2c9uvna5f',
)
[ info ] [ PARAM ] array (
)
---------------------------------------------------------------

[2019-11-27T11:07:34+08:00] 127.0.0.1 POST www.mall.com/admin/login/login.html
[运行时间：0.061004s] [吞吐率：16.39req/s] [内存消耗：3,026.83kb] [文件加载：74]
[ info ] [ LANG ] C:\wamp\www\mall\thinkphp\lang\zh-cn.php
[ info ] [ ROUTE ] array (
)
[ info ] [ HEADER ] array (
  'host' => 'www.mall.com',
  'connection' => 'keep-alive',
  'content-length' => '40',
  'accept' => 'application/json, text/javascript, */*; q=0.01',
  'origin' => 'http://www.mall.com',
  'x-requested-with' => 'XMLHttpRequest',
  'user-agent' => 'Mozilla/5.0 (Windows NT 6.1; Win64; x64) AppleWebKit/537.36 (KHTML, like Gecko) Chrome/76.0.3809.87 Safari/537.36',
  'content-type' => 'application/x-www-form-urlencoded; charset=UTF-8',
  'referer' => 'http://www.mall.com/admin/login/index.html',
  'accept-encoding' => 'gzip, deflate',
  'accept-language' => 'zh-CN,zh;q=0.9,en;q=0.8',
  'cookie' => 'thinkphp_show_page_trace=0|0; pgv_pvi=2395768832; PHPSESSID=fa457h6mbq4rq8fsm2c9uvna5f',
)
[ info ] [ PARAM ] array (
  'username' => 'admin',
  'password' => '123456',
  'code' => '4ss2',
)
---------------------------------------------------------------

[2019-11-27T11:07:35+08:00] 127.0.0.1 POST www.mall.com/admin/login/login.html
[运行时间：0.058003s] [吞吐率：17.24req/s] [内存消耗：3,026.83kb] [文件加载：74]
[ info ] [ LANG ] C:\wamp\www\mall\thinkphp\lang\zh-cn.php
[ info ] [ ROUTE ] array (
)
[ info ] [ HEADER ] array (
  'host' => 'www.mall.com',
  'connection' => 'keep-alive',
  'content-length' => '40',
  'accept' => 'application/json, text/javascript, */*; q=0.01',
  'origin' => 'http://www.mall.com',
  'x-requested-with' => 'XMLHttpRequest',
  'user-agent' => 'Mozilla/5.0 (Windows NT 6.1; Win64; x64) AppleWebKit/537.36 (KHTML, like Gecko) Chrome/76.0.3809.87 Safari/537.36',
  'content-type' => 'application/x-www-form-urlencoded; charset=UTF-8',
  'referer' => 'http://www.mall.com/admin/login/index.html',
  'accept-encoding' => 'gzip, deflate',
  'accept-language' => 'zh-CN,zh;q=0.9,en;q=0.8',
  'cookie' => 'thinkphp_show_page_trace=0|0; pgv_pvi=2395768832; PHPSESSID=fa457h6mbq4rq8fsm2c9uvna5f',
)
[ info ] [ PARAM ] array (
  'username' => 'admin',
  'password' => '123456',
  'code' => '4ss2',
)
---------------------------------------------------------------

[2019-11-27T11:07:35+08:00] 127.0.0.1 GET www.mall.com/admin/login/index.html
[运行时间：0.060003s] [吞吐率：16.67req/s] [内存消耗：3,060.31kb] [文件加载：76]
[ info ] [ LANG ] C:\wamp\www\mall\thinkphp\lang\zh-cn.php
[ info ] [ ROUTE ] array (
)
[ info ] [ HEADER ] array (
  'host' => 'www.mall.com',
  'connection' => 'keep-alive',
  'cache-control' => 'max-age=0',
  'upgrade-insecure-requests' => '1',
  'user-agent' => 'Mozilla/5.0 (Windows NT 6.1; Win64; x64) AppleWebKit/537.36 (KHTML, like Gecko) Chrome/76.0.3809.87 Safari/537.36',
  'accept' => 'text/html,application/xhtml+xml,application/xml;q=0.9,image/webp,image/apng,*/*;q=0.8,application/signed-exchange;v=b3',
  'referer' => 'http://www.mall.com/admin/login/index.html',
  'accept-encoding' => 'gzip, deflate',
  'accept-language' => 'zh-CN,zh;q=0.9,en;q=0.8',
  'cookie' => 'thinkphp_show_page_trace=0|0; pgv_pvi=2395768832; PHPSESSID=fa457h6mbq4rq8fsm2c9uvna5f',
)
[ info ] [ PARAM ] array (
)
[ info ] [ VIEW ] C:\wamp\www\mall\application\admin\view\login\index.html [ array (
) ]
---------------------------------------------------------------

[2019-11-27T11:07:35+08:00] 127.0.0.1 GET www.mall.com/admin/login/verify.html
[运行时间：0.114007s] [吞吐率：8.77req/s] [内存消耗：3,021.38kb] [文件加载：73]
[ info ] [ LANG ] C:\wamp\www\mall\thinkphp\lang\zh-cn.php
[ info ] [ ROUTE ] array (
)
[ info ] [ HEADER ] array (
  'host' => 'www.mall.com',
  'connection' => 'keep-alive',
  'user-agent' => 'Mozilla/5.0 (Windows NT 6.1; Win64; x64) AppleWebKit/537.36 (KHTML, like Gecko) Chrome/76.0.3809.87 Safari/537.36',
  'accept' => 'image/webp,image/apng,image/*,*/*;q=0.8',
  'referer' => 'http://www.mall.com/admin/login/index.html',
  'accept-encoding' => 'gzip, deflate',
  'accept-language' => 'zh-CN,zh;q=0.9,en;q=0.8',
  'cookie' => 'thinkphp_show_page_trace=0|0; pgv_pvi=2395768832; PHPSESSID=fa457h6mbq4rq8fsm2c9uvna5f',
)
[ info ] [ PARAM ] array (
)
---------------------------------------------------------------

[2019-11-27T11:07:42+08:00] 127.0.0.1 POST www.mall.com/admin/login/login.html
[运行时间：0.071004s] [吞吐率：14.08req/s] [内存消耗：4,278.75kb] [文件加载：79]
[ info ] [ LANG ] C:\wamp\www\mall\thinkphp\lang\zh-cn.php
[ info ] [ ROUTE ] array (
)
[ info ] [ HEADER ] array (
  'host' => 'www.mall.com',
  'connection' => 'keep-alive',
  'content-length' => '40',
  'accept' => 'application/json, text/javascript, */*; q=0.01',
  'origin' => 'http://www.mall.com',
  'x-requested-with' => 'XMLHttpRequest',
  'user-agent' => 'Mozilla/5.0 (Windows NT 6.1; Win64; x64) AppleWebKit/537.36 (KHTML, like Gecko) Chrome/76.0.3809.87 Safari/537.36',
  'content-type' => 'application/x-www-form-urlencoded; charset=UTF-8',
  'referer' => 'http://www.mall.com/admin/login/index.html',
  'accept-encoding' => 'gzip, deflate',
  'accept-language' => 'zh-CN,zh;q=0.9,en;q=0.8',
  'cookie' => 'thinkphp_show_page_trace=0|0; pgv_pvi=2395768832; PHPSESSID=fa457h6mbq4rq8fsm2c9uvna5f',
)
[ info ] [ PARAM ] array (
  'username' => 'admin',
  'password' => '123456',
  'code' => 'ywi5',
)
[ info ] [ DB ] INIT mysql
[ sql ] [ DB ] CONNECT:[ UseTime:0.001001s ] mysql:host=localhost;dbname=mall;charset=utf8
[ sql ] [ SQL ] SHOW COLUMNS FROM `mall_admin` [ RunTime:0.001000s ]
[ sql ] [ SQL ] SELECT * FROM `mall_admin` WHERE  `username` = 'admin' LIMIT 1 [ RunTime:0.000000s ]
[ sql ] [ SQL ] UPDATE `mall_admin`  SET `login_time` = 1574824062 , `login_ip` = '127.0.0.1'  WHERE  `admin_id` = 1 [ RunTime:0.000000s ]
---------------------------------------------------------------

[2019-11-27T11:07:43+08:00] 127.0.0.1 GET www.mall.com/admin/index/index.html
[运行时间：0.055003s] [吞吐率：18.18req/s] [内存消耗：2,589.47kb] [文件加载：70]
[ info ] [ LANG ] C:\wamp\www\mall\thinkphp\lang\zh-cn.php
[ info ] [ ROUTE ] array (
)
[ info ] [ HEADER ] array (
  'host' => 'www.mall.com',
  'connection' => 'keep-alive',
  'upgrade-insecure-requests' => '1',
  'user-agent' => 'Mozilla/5.0 (Windows NT 6.1; Win64; x64) AppleWebKit/537.36 (KHTML, like Gecko) Chrome/76.0.3809.87 Safari/537.36',
  'accept' => 'text/html,application/xhtml+xml,application/xml;q=0.9,image/webp,image/apng,*/*;q=0.8,application/signed-exchange;v=b3',
  'referer' => 'http://www.mall.com/admin/login/index.html',
  'accept-encoding' => 'gzip, deflate',
  'accept-language' => 'zh-CN,zh;q=0.9,en;q=0.8',
  'cookie' => 'ace.settings=%7B%22navbar-fixed%22%3A1%2C%22main-container-fixed%22%3A-1%2C%22sidebar-fixed%22%3A1%2C%22sidebar-collapsed%22%3A-1%7D; thinkphp_show_page_trace=0|0; pgv_pvi=2395768832; PHPSESSID=fa457h6mbq4rq8fsm2c9uvna5f',
)
[ info ] [ PARAM ] array (
)
[ info ] [ VIEW ] C:\wamp\www\mall\application\admin\view\index\index.html [ array (
) ]
---------------------------------------------------------------

[2019-11-27T11:07:43+08:00] 127.0.0.1 GET www.mall.com/admin/index/copy.html
[运行时间：0.066004s] [吞吐率：15.15req/s] [内存消耗：2,494.97kb] [文件加载：68]
[ info ] [ LANG ] C:\wamp\www\mall\thinkphp\lang\zh-cn.php
[ info ] [ ROUTE ] array (
)
[ info ] [ HEADER ] array (
  'host' => 'www.mall.com',
  'connection' => 'keep-alive',
  'upgrade-insecure-requests' => '1',
  'user-agent' => 'Mozilla/5.0 (Windows NT 6.1; Win64; x64) AppleWebKit/537.36 (KHTML, like Gecko) Chrome/76.0.3809.87 Safari/537.36',
  'accept' => 'text/html,application/xhtml+xml,application/xml;q=0.9,image/webp,image/apng,*/*;q=0.8,application/signed-exchange;v=b3',
  'referer' => 'http://www.mall.com/admin/index/index.html',
  'accept-encoding' => 'gzip, deflate',
  'accept-language' => 'zh-CN,zh;q=0.9,en;q=0.8',
  'cookie' => 'ace.settings=%7B%22navbar-fixed%22%3A1%2C%22main-container-fixed%22%3A-1%2C%22sidebar-fixed%22%3A1%2C%22sidebar-collapsed%22%3A-1%7D; thinkphp_show_page_trace=0|0; pgv_pvi=2395768832; PHPSESSID=fa457h6mbq4rq8fsm2c9uvna5f',
)
[ info ] [ PARAM ] array (
)
[ info ] [ VIEW ] C:\wamp\www\mall\application\admin\view\index\copy.html [ array (
) ]
---------------------------------------------------------------

[2019-11-27T17:15:26+08:00] 127.0.0.1 GET www.mall.com/admin/index/index
[运行时间：0.112006s] [吞吐率：8.93req/s] [内存消耗：2,588.73kb] [文件加载：70]
[ info ] [ LANG ] C:\wamp\www\mall\thinkphp\lang\zh-cn.php
[ info ] [ ROUTE ] array (
)
[ info ] [ HEADER ] array (
  'host' => 'www.mall.com',
  'connection' => 'keep-alive',
  'upgrade-insecure-requests' => '1',
  'user-agent' => 'Mozilla/5.0 (Windows NT 6.1; Win64; x64) AppleWebKit/537.36 (KHTML, like Gecko) Chrome/76.0.3809.87 Safari/537.36',
  'accept' => 'text/html,application/xhtml+xml,application/xml;q=0.9,image/webp,image/apng,*/*;q=0.8,application/signed-exchange;v=b3',
  'accept-encoding' => 'gzip, deflate',
  'accept-language' => 'zh-CN,zh;q=0.9,en;q=0.8',
  'cookie' => 'ace.settings=%7B%22navbar-fixed%22%3A1%2C%22main-container-fixed%22%3A-1%2C%22sidebar-fixed%22%3A1%2C%22sidebar-collapsed%22%3A-1%7D; thinkphp_show_page_trace=0|0; pgv_pvi=2395768832; PHPSESSID=fa457h6mbq4rq8fsm2c9uvna5f',
)
[ info ] [ PARAM ] array (
)
[ info ] [ VIEW ] C:\wamp\www\mall\application\admin\view\index\index.html [ array (
) ]
---------------------------------------------------------------

[2019-11-27T17:15:27+08:00] 127.0.0.1 GET www.mall.com/admin/index/copy.html
[运行时间：0.077004s] [吞吐率：12.99req/s] [内存消耗：2,494.95kb] [文件加载：68]
[ info ] [ LANG ] C:\wamp\www\mall\thinkphp\lang\zh-cn.php
[ info ] [ ROUTE ] array (
)
[ info ] [ HEADER ] array (
  'host' => 'www.mall.com',
  'connection' => 'keep-alive',
  'upgrade-insecure-requests' => '1',
  'user-agent' => 'Mozilla/5.0 (Windows NT 6.1; Win64; x64) AppleWebKit/537.36 (KHTML, like Gecko) Chrome/76.0.3809.87 Safari/537.36',
  'accept' => 'text/html,application/xhtml+xml,application/xml;q=0.9,image/webp,image/apng,*/*;q=0.8,application/signed-exchange;v=b3',
  'referer' => 'http://www.mall.com/admin/index/index',
  'accept-encoding' => 'gzip, deflate',
  'accept-language' => 'zh-CN,zh;q=0.9,en;q=0.8',
  'cookie' => 'ace.settings=%7B%22navbar-fixed%22%3A1%2C%22main-container-fixed%22%3A-1%2C%22sidebar-fixed%22%3A1%2C%22sidebar-collapsed%22%3A-1%7D; thinkphp_show_page_trace=0|0; pgv_pvi=2395768832; PHPSESSID=fa457h6mbq4rq8fsm2c9uvna5f',
)
[ info ] [ PARAM ] array (
)
[ info ] [ VIEW ] C:\wamp\www\mall\application\admin\view\index\copy.html [ array (
) ]
---------------------------------------------------------------

[2019-11-27T17:15:27+08:00] 127.0.0.1 GET www.mall.com/static/admin//static/admin/images/favicon.ico
[运行时间：0.060003s] [吞吐率：16.67req/s] [内存消耗：2,057.48kb] [文件加载：59]
[ info ] [ LANG ] C:\wamp\www\mall\thinkphp\lang\zh-cn.php
---------------------------------------------------------------

[2019-11-27T17:15:59+08:00] 127.0.0.1 GET www.mall.com/admin/index/copy
[运行时间：0.050003s] [吞吐率：20.00req/s] [内存消耗：2,494.23kb] [文件加载：68]
[ info ] [ LANG ] C:\wamp\www\mall\thinkphp\lang\zh-cn.php
[ info ] [ ROUTE ] array (
)
[ info ] [ HEADER ] array (
  'host' => 'www.mall.com',
  'connection' => 'keep-alive',
  'upgrade-insecure-requests' => '1',
  'user-agent' => 'Mozilla/5.0 (Windows NT 6.1; Win64; x64) AppleWebKit/537.36 (KHTML, like Gecko) Chrome/76.0.3809.87 Safari/537.36',
  'accept' => 'text/html,application/xhtml+xml,application/xml;q=0.9,image/webp,image/apng,*/*;q=0.8,application/signed-exchange;v=b3',
  'accept-encoding' => 'gzip, deflate',
  'accept-language' => 'zh-CN,zh;q=0.9,en;q=0.8',
  'cookie' => 'ace.settings=%7B%22navbar-fixed%22%3A1%2C%22main-container-fixed%22%3A-1%2C%22sidebar-fixed%22%3A1%2C%22sidebar-collapsed%22%3A-1%7D; thinkphp_show_page_trace=0|0; pgv_pvi=2395768832; PHPSESSID=fa457h6mbq4rq8fsm2c9uvna5f',
)
[ info ] [ PARAM ] array (
)
[ info ] [ VIEW ] C:\wamp\www\mall\application\admin\view\index\copy.html [ array (
) ]
---------------------------------------------------------------

[2019-11-27T17:16:02+08:00] 127.0.0.1 GET www.mall.com/admin/index/index
[运行时间：0.054003s] [吞吐率：18.52req/s] [内存消耗：2,588.73kb] [文件加载：70]
[ info ] [ LANG ] C:\wamp\www\mall\thinkphp\lang\zh-cn.php
[ info ] [ ROUTE ] array (
)
[ info ] [ HEADER ] array (
  'host' => 'www.mall.com',
  'connection' => 'keep-alive',
  'upgrade-insecure-requests' => '1',
  'user-agent' => 'Mozilla/5.0 (Windows NT 6.1; Win64; x64) AppleWebKit/537.36 (KHTML, like Gecko) Chrome/76.0.3809.87 Safari/537.36',
  'accept' => 'text/html,application/xhtml+xml,application/xml;q=0.9,image/webp,image/apng,*/*;q=0.8,application/signed-exchange;v=b3',
  'accept-encoding' => 'gzip, deflate',
  'accept-language' => 'zh-CN,zh;q=0.9,en;q=0.8',
  'cookie' => 'ace.settings=%7B%22navbar-fixed%22%3A1%2C%22main-container-fixed%22%3A-1%2C%22sidebar-fixed%22%3A1%2C%22sidebar-collapsed%22%3A-1%7D; thinkphp_show_page_trace=0|0; pgv_pvi=2395768832; PHPSESSID=fa457h6mbq4rq8fsm2c9uvna5f',
)
[ info ] [ PARAM ] array (
)
[ info ] [ VIEW ] C:\wamp\www\mall\application\admin\view\index\index.html [ array (
) ]
---------------------------------------------------------------

[2019-11-27T17:16:02+08:00] 127.0.0.1 GET www.mall.com/admin/index/copy.html
[运行时间：0.057003s] [吞吐率：17.54req/s] [内存消耗：2,494.95kb] [文件加载：68]
[ info ] [ LANG ] C:\wamp\www\mall\thinkphp\lang\zh-cn.php
[ info ] [ ROUTE ] array (
)
[ info ] [ HEADER ] array (
  'host' => 'www.mall.com',
  'connection' => 'keep-alive',
  'upgrade-insecure-requests' => '1',
  'user-agent' => 'Mozilla/5.0 (Windows NT 6.1; Win64; x64) AppleWebKit/537.36 (KHTML, like Gecko) Chrome/76.0.3809.87 Safari/537.36',
  'accept' => 'text/html,application/xhtml+xml,application/xml;q=0.9,image/webp,image/apng,*/*;q=0.8,application/signed-exchange;v=b3',
  'referer' => 'http://www.mall.com/admin/index/index',
  'accept-encoding' => 'gzip, deflate',
  'accept-language' => 'zh-CN,zh;q=0.9,en;q=0.8',
  'cookie' => 'ace.settings=%7B%22navbar-fixed%22%3A1%2C%22main-container-fixed%22%3A-1%2C%22sidebar-fixed%22%3A1%2C%22sidebar-collapsed%22%3A-1%7D; thinkphp_show_page_trace=0|0; pgv_pvi=2395768832; PHPSESSID=fa457h6mbq4rq8fsm2c9uvna5f',
)
[ info ] [ PARAM ] array (
)
[ info ] [ VIEW ] C:\wamp\www\mall\application\admin\view\index\copy.html [ array (
) ]
---------------------------------------------------------------

[2019-11-27T17:16:11+08:00] 127.0.0.1 GET www.mall.com/admin/index/index
[运行时间：0.065003s] [吞吐率：15.38req/s] [内存消耗：2,564.26kb] [文件加载：70]
[ info ] [ LANG ] C:\wamp\www\mall\thinkphp\lang\zh-cn.php
[ info ] [ ROUTE ] array (
)
[ info ] [ HEADER ] array (
  'host' => 'www.mall.com',
  'user-agent' => 'Mozilla/5.0 (Windows NT 6.1; Win64; x64; rv:70.0) Gecko/20100101 Firefox/70.0',
  'accept' => 'text/html,application/xhtml+xml,application/xml;q=0.9,*/*;q=0.8',
  'accept-language' => 'zh-CN,zh;q=0.8,zh-TW;q=0.7,zh-HK;q=0.5,en-US;q=0.3,en;q=0.2',
  'accept-encoding' => 'gzip, deflate',
  'connection' => 'keep-alive',
  'cookie' => 'pgv_pvi=1350569984',
  'upgrade-insecure-requests' => '1',
)
[ info ] [ PARAM ] array (
)
[ info ] [ VIEW ] C:\wamp\www\mall\thinkphp\tpl/dispatch_jump.tpl [ array (
  0 => 'code',
  1 => 'msg',
  2 => 'data',
  3 => 'url',
  4 => 'wait',
) ]
---------------------------------------------------------------

[2019-11-27T17:17:48+08:00] 127.0.0.1 GET www.mall.com/admin/index/logout.html
[运行时间：0.053003s] [吞吐率：18.87req/s] [内存消耗：2,568.65kb] [文件加载：71]
[ info ] [ LANG ] C:\wamp\www\mall\thinkphp\lang\zh-cn.php
[ info ] [ ROUTE ] array (
)
[ info ] [ HEADER ] array (
  'host' => 'www.mall.com',
  'connection' => 'keep-alive',
  'upgrade-insecure-requests' => '1',
  'user-agent' => 'Mozilla/5.0 (Windows NT 6.1; Win64; x64) AppleWebKit/537.36 (KHTML, like Gecko) Chrome/76.0.3809.87 Safari/537.36',
  'accept' => 'text/html,application/xhtml+xml,application/xml;q=0.9,image/webp,image/apng,*/*;q=0.8,application/signed-exchange;v=b3',
  'referer' => 'http://www.mall.com/admin/index/index',
  'accept-encoding' => 'gzip, deflate',
  'accept-language' => 'zh-CN,zh;q=0.9,en;q=0.8',
  'cookie' => 'ace.settings=%7B%22navbar-fixed%22%3A1%2C%22main-container-fixed%22%3A-1%2C%22sidebar-fixed%22%3A1%2C%22sidebar-collapsed%22%3A-1%7D; thinkphp_show_page_trace=0|0; pgv_pvi=2395768832; PHPSESSID=fa457h6mbq4rq8fsm2c9uvna5f',
)
[ info ] [ PARAM ] array (
)
[ info ] [ VIEW ] C:\wamp\www\mall\thinkphp\tpl/dispatch_jump.tpl [ array (
  0 => 'code',
  1 => 'msg',
  2 => 'data',
  3 => 'url',
  4 => 'wait',
) ]
---------------------------------------------------------------

[2019-11-27T17:17:51+08:00] 127.0.0.1 GET www.mall.com/admin/login/index.html
[运行时间：0.061004s] [吞吐率：16.39req/s] [内存消耗：3,060.11kb] [文件加载：76]
[ info ] [ LANG ] C:\wamp\www\mall\thinkphp\lang\zh-cn.php
[ info ] [ ROUTE ] array (
)
[ info ] [ HEADER ] array (
  'host' => 'www.mall.com',
  'connection' => 'keep-alive',
  'upgrade-insecure-requests' => '1',
  'user-agent' => 'Mozilla/5.0 (Windows NT 6.1; Win64; x64) AppleWebKit/537.36 (KHTML, like Gecko) Chrome/76.0.3809.87 Safari/537.36',
  'accept' => 'text/html,application/xhtml+xml,application/xml;q=0.9,image/webp,image/apng,*/*;q=0.8,application/signed-exchange;v=b3',
  'referer' => 'http://www.mall.com/admin/index/logout.html',
  'accept-encoding' => 'gzip, deflate',
  'accept-language' => 'zh-CN,zh;q=0.9,en;q=0.8',
  'cookie' => 'thinkphp_show_page_trace=0|0; pgv_pvi=2395768832; PHPSESSID=fa457h6mbq4rq8fsm2c9uvna5f',
)
[ info ] [ PARAM ] array (
)
[ info ] [ VIEW ] C:\wamp\www\mall\application\admin\view\login\index.html [ array (
) ]
---------------------------------------------------------------

[2019-11-27T17:17:51+08:00] 127.0.0.1 GET www.mall.com/admin/login/verify.html
[运行时间：0.071004s] [吞吐率：14.08req/s] [内存消耗：3,021.22kb] [文件加载：73]
[ info ] [ LANG ] C:\wamp\www\mall\thinkphp\lang\zh-cn.php
[ info ] [ ROUTE ] array (
)
[ info ] [ HEADER ] array (
  'host' => 'www.mall.com',
  'connection' => 'keep-alive',
  'user-agent' => 'Mozilla/5.0 (Windows NT 6.1; Win64; x64) AppleWebKit/537.36 (KHTML, like Gecko) Chrome/76.0.3809.87 Safari/537.36',
  'accept' => 'image/webp,image/apng,image/*,*/*;q=0.8',
  'referer' => 'http://www.mall.com/admin/login/index.html',
  'accept-encoding' => 'gzip, deflate',
  'accept-language' => 'zh-CN,zh;q=0.9,en;q=0.8',
  'cookie' => 'thinkphp_show_page_trace=0|0; pgv_pvi=2395768832; PHPSESSID=fa457h6mbq4rq8fsm2c9uvna5f',
)
[ info ] [ PARAM ] array (
)
---------------------------------------------------------------

[2019-11-27T17:17:58+08:00] 127.0.0.1 POST www.mall.com/admin/login/login.html
[运行时间：0.228013s] [吞吐率：4.39req/s] [内存消耗：4,278.75kb] [文件加载：79]
[ info ] [ LANG ] C:\wamp\www\mall\thinkphp\lang\zh-cn.php
[ info ] [ ROUTE ] array (
)
[ info ] [ HEADER ] array (
  'host' => 'www.mall.com',
  'connection' => 'keep-alive',
  'content-length' => '40',
  'accept' => 'application/json, text/javascript, */*; q=0.01',
  'origin' => 'http://www.mall.com',
  'x-requested-with' => 'XMLHttpRequest',
  'user-agent' => 'Mozilla/5.0 (Windows NT 6.1; Win64; x64) AppleWebKit/537.36 (KHTML, like Gecko) Chrome/76.0.3809.87 Safari/537.36',
  'content-type' => 'application/x-www-form-urlencoded; charset=UTF-8',
  'referer' => 'http://www.mall.com/admin/login/index.html',
  'accept-encoding' => 'gzip, deflate',
  'accept-language' => 'zh-CN,zh;q=0.9,en;q=0.8',
  'cookie' => 'thinkphp_show_page_trace=0|0; pgv_pvi=2395768832; PHPSESSID=fa457h6mbq4rq8fsm2c9uvna5f',
)
[ info ] [ PARAM ] array (
  'username' => 'admin',
  'password' => '123456',
  'code' => 'jhon',
)
[ info ] [ DB ] INIT mysql
[ sql ] [ DB ] CONNECT:[ UseTime:0.073004s ] mysql:host=localhost;dbname=mall;charset=utf8
[ sql ] [ SQL ] SHOW COLUMNS FROM `mall_admin` [ RunTime:0.063004s ]
[ sql ] [ SQL ] SELECT * FROM `mall_admin` WHERE  `username` = 'admin' LIMIT 1 [ RunTime:0.011001s ]
[ sql ] [ SQL ] UPDATE `mall_admin`  SET `login_time` = 1574846278 , `login_ip` = '127.0.0.1'  WHERE  `admin_id` = 1 [ RunTime:0.009000s ]
---------------------------------------------------------------

[2019-11-27T17:17:59+08:00] 127.0.0.1 GET www.mall.com/admin/index/index.html
[运行时间：0.046003s] [吞吐率：21.74req/s] [内存消耗：2,589.47kb] [文件加载：70]
[ info ] [ LANG ] C:\wamp\www\mall\thinkphp\lang\zh-cn.php
[ info ] [ ROUTE ] array (
)
[ info ] [ HEADER ] array (
  'host' => 'www.mall.com',
  'connection' => 'keep-alive',
  'upgrade-insecure-requests' => '1',
  'user-agent' => 'Mozilla/5.0 (Windows NT 6.1; Win64; x64) AppleWebKit/537.36 (KHTML, like Gecko) Chrome/76.0.3809.87 Safari/537.36',
  'accept' => 'text/html,application/xhtml+xml,application/xml;q=0.9,image/webp,image/apng,*/*;q=0.8,application/signed-exchange;v=b3',
  'referer' => 'http://www.mall.com/admin/login/index.html',
  'accept-encoding' => 'gzip, deflate',
  'accept-language' => 'zh-CN,zh;q=0.9,en;q=0.8',
  'cookie' => 'ace.settings=%7B%22navbar-fixed%22%3A1%2C%22main-container-fixed%22%3A-1%2C%22sidebar-fixed%22%3A1%2C%22sidebar-collapsed%22%3A-1%7D; thinkphp_show_page_trace=0|0; pgv_pvi=2395768832; PHPSESSID=fa457h6mbq4rq8fsm2c9uvna5f',
)
[ info ] [ PARAM ] array (
)
[ info ] [ VIEW ] C:\wamp\www\mall\application\admin\view\index\index.html [ array (
) ]
---------------------------------------------------------------

[2019-11-27T17:18:00+08:00] 127.0.0.1 GET www.mall.com/admin/index/copy.html
[运行时间：0.066004s] [吞吐率：15.15req/s] [内存消耗：2,494.97kb] [文件加载：68]
[ info ] [ LANG ] C:\wamp\www\mall\thinkphp\lang\zh-cn.php
[ info ] [ ROUTE ] array (
)
[ info ] [ HEADER ] array (
  'host' => 'www.mall.com',
  'connection' => 'keep-alive',
  'upgrade-insecure-requests' => '1',
  'user-agent' => 'Mozilla/5.0 (Windows NT 6.1; Win64; x64) AppleWebKit/537.36 (KHTML, like Gecko) Chrome/76.0.3809.87 Safari/537.36',
  'accept' => 'text/html,application/xhtml+xml,application/xml;q=0.9,image/webp,image/apng,*/*;q=0.8,application/signed-exchange;v=b3',
  'referer' => 'http://www.mall.com/admin/index/index.html',
  'accept-encoding' => 'gzip, deflate',
  'accept-language' => 'zh-CN,zh;q=0.9,en;q=0.8',
  'cookie' => 'ace.settings=%7B%22navbar-fixed%22%3A1%2C%22main-container-fixed%22%3A-1%2C%22sidebar-fixed%22%3A1%2C%22sidebar-collapsed%22%3A-1%7D; thinkphp_show_page_trace=0|0; pgv_pvi=2395768832; PHPSESSID=fa457h6mbq4rq8fsm2c9uvna5f',
)
[ info ] [ PARAM ] array (
)
[ info ] [ VIEW ] C:\wamp\www\mall\application\admin\view\index\copy.html [ array (
) ]
