---------------------------------------------------------------

<<<<<<< HEAD
[2019-12-03T20:03:32+08:00] 127.0.0.1 GET www.mall.com/admin/rbac/node.html
[运行时间：0.273832s] [吞吐率：3.65req/s] [内存消耗：2,338.38kb] [文件加载：73]
=======
[2019-12-03T09:09:01+08:00] 127.0.0.1 GET www.mall.com/admin/index/index
[运行时间：0.077004s] [吞吐率：12.99req/s] [内存消耗：2,568.52kb] [文件加载：71]
>>>>>>> 83002a61b142ea2c151b293e3cdba29382d4ce64
[ info ] [ LANG ] C:\wamp\www\mall\thinkphp\lang\zh-cn.php
[ info ] [ ROUTE ] array (
)
[ info ] [ HEADER ] array (
  'host' => 'www.mall.com',
  'connection' => 'keep-alive',
  'upgrade-insecure-requests' => '1',
<<<<<<< HEAD
  'user-agent' => 'Mozilla/5.0 (Windows NT 10.0; Win64; x64) AppleWebKit/537.36 (KHTML, like Gecko) Chrome/70.0.3538.102 Safari/537.36',
  'accept' => 'text/html,application/xhtml+xml,application/xml;q=0.9,image/webp,image/apng,*/*;q=0.8',
  'accept-encoding' => 'gzip, deflate',
  'accept-language' => 'zh-CN,zh;q=0.9,en;q=0.8',
  'cookie' => 'pgv_pvi=7600446464',
=======
  'user-agent' => 'Mozilla/5.0 (Windows NT 6.1; Win64; x64) AppleWebKit/537.36 (KHTML, like Gecko) Chrome/76.0.3809.87 Safari/537.36',
  'accept' => 'text/html,application/xhtml+xml,application/xml;q=0.9,image/webp,image/apng,*/*;q=0.8,application/signed-exchange;v=b3',
  'purpose' => 'prefetch',
  'accept-encoding' => 'gzip, deflate',
  'accept-language' => 'zh-CN,zh;q=0.9,en;q=0.8',
  'cookie' => 'ace.settings=%7B%22navbar-fixed%22%3A1%2C%22main-container-fixed%22%3A-1%2C%22sidebar-fixed%22%3A1%2C%22sidebar-collapsed%22%3A-1%7D; pgv_pvi=2395768832',
>>>>>>> 83002a61b142ea2c151b293e3cdba29382d4ce64
)
[ info ] [ PARAM ] array (
)
[ info ] [ VIEW ] C:\wamp\www\mall\application\admin\view\common\error.html [ array (
  0 => 'code',
  1 => 'msg',
  2 => 'data',
  3 => 'url',
  4 => 'wait',
) ]
---------------------------------------------------------------

<<<<<<< HEAD
[2019-12-03T20:03:35+08:00] 127.0.0.1 GET www.mall.com/admin/login/index.html
[运行时间：0.135969s] [吞吐率：7.35req/s] [内存消耗：2,776.99kb] [文件加载：80]
=======
[2019-12-03T09:09:04+08:00] 127.0.0.1 GET www.mall.com/admin/index/index
[运行时间：0.054004s] [吞吐率：18.52req/s] [内存消耗：2,568.02kb] [文件加载：71]
>>>>>>> 83002a61b142ea2c151b293e3cdba29382d4ce64
[ info ] [ LANG ] C:\wamp\www\mall\thinkphp\lang\zh-cn.php
[ info ] [ ROUTE ] array (
)
[ info ] [ HEADER ] array (
  'host' => 'www.mall.com',
  'connection' => 'keep-alive',
  'upgrade-insecure-requests' => '1',
<<<<<<< HEAD
  'user-agent' => 'Mozilla/5.0 (Windows NT 10.0; Win64; x64) AppleWebKit/537.36 (KHTML, like Gecko) Chrome/70.0.3538.102 Safari/537.36',
  'accept' => 'text/html,application/xhtml+xml,application/xml;q=0.9,image/webp,image/apng,*/*;q=0.8',
  'referer' => 'http://www.mall.com/admin/rbac/node.html',
  'accept-encoding' => 'gzip, deflate',
  'accept-language' => 'zh-CN,zh;q=0.9,en;q=0.8',
  'cookie' => 'pgv_pvi=7600446464; PHPSESSID=3iru3gn3ne69d2s2hou06knp72',
=======
  'user-agent' => 'Mozilla/5.0 (Windows NT 6.1; Win64; x64) AppleWebKit/537.36 (KHTML, like Gecko) Chrome/76.0.3809.87 Safari/537.36',
  'accept' => 'text/html,application/xhtml+xml,application/xml;q=0.9,image/webp,image/apng,*/*;q=0.8,application/signed-exchange;v=b3',
  'accept-encoding' => 'gzip, deflate',
  'accept-language' => 'zh-CN,zh;q=0.9,en;q=0.8',
  'cookie' => 'ace.settings=%7B%22navbar-fixed%22%3A1%2C%22main-container-fixed%22%3A-1%2C%22sidebar-fixed%22%3A1%2C%22sidebar-collapsed%22%3A-1%7D; pgv_pvi=2395768832; PHPSESSID=vae89egq8537nalmjhmba9lr26',
)
[ info ] [ PARAM ] array (
)
[ info ] [ VIEW ] C:\wamp\www\mall\application\admin\view\common\error.html [ array (
  0 => 'code',
  1 => 'msg',
  2 => 'data',
  3 => 'url',
  4 => 'wait',
) ]
---------------------------------------------------------------

[2019-12-03T09:09:07+08:00] 127.0.0.1 GET www.mall.com/admin/login/index.html
[运行时间：0.062004s] [吞吐率：16.13req/s] [内存消耗：3,067.31kb] [文件加载：78]
[ info ] [ LANG ] C:\wamp\www\mall\thinkphp\lang\zh-cn.php
[ info ] [ ROUTE ] array (
)
[ info ] [ HEADER ] array (
  'host' => 'www.mall.com',
  'connection' => 'keep-alive',
  'upgrade-insecure-requests' => '1',
  'user-agent' => 'Mozilla/5.0 (Windows NT 6.1; Win64; x64) AppleWebKit/537.36 (KHTML, like Gecko) Chrome/76.0.3809.87 Safari/537.36',
  'accept' => 'text/html,application/xhtml+xml,application/xml;q=0.9,image/webp,image/apng,*/*;q=0.8,application/signed-exchange;v=b3',
  'referer' => 'http://www.mall.com/admin/index/index',
  'accept-encoding' => 'gzip, deflate',
  'accept-language' => 'zh-CN,zh;q=0.9,en;q=0.8',
  'cookie' => 'pgv_pvi=2395768832; PHPSESSID=vae89egq8537nalmjhmba9lr26',
>>>>>>> 83002a61b142ea2c151b293e3cdba29382d4ce64
)
[ info ] [ PARAM ] array (
)
[ info ] [ VIEW ] C:\wamp\www\mall\application\admin\view\login\index.html [ array (
) ]
---------------------------------------------------------------

<<<<<<< HEAD
[2019-12-03T20:03:36+08:00] 127.0.0.1 GET www.mall.com/admin/login/verify.html
[运行时间：0.226712s] [吞吐率：4.41req/s] [内存消耗：2,495.76kb] [文件加载：74]
=======
[2019-12-03T09:09:07+08:00] 127.0.0.1 GET www.mall.com/admin/login/verify.html
[运行时间：0.070004s] [吞吐率：14.28req/s] [内存消耗：3,025.32kb] [文件加载：74]
[ info ] [ LANG ] C:\wamp\www\mall\thinkphp\lang\zh-cn.php
[ info ] [ ROUTE ] array (
)
[ info ] [ HEADER ] array (
  'host' => 'www.mall.com',
  'connection' => 'keep-alive',
  'user-agent' => 'Mozilla/5.0 (Windows NT 6.1; Win64; x64) AppleWebKit/537.36 (KHTML, like Gecko) Chrome/76.0.3809.87 Safari/537.36',
  'accept' => 'image/webp,image/apng,image/*,*/*;q=0.8',
  'referer' => 'http://www.mall.com/admin/login/index.html',
  'accept-encoding' => 'gzip, deflate',
  'accept-language' => 'zh-CN,zh;q=0.9,en;q=0.8',
  'cookie' => 'pgv_pvi=2395768832; PHPSESSID=vae89egq8537nalmjhmba9lr26',
)
[ info ] [ PARAM ] array (
)
---------------------------------------------------------------

[2019-12-03T09:09:10+08:00] 127.0.0.1 GET www.mall.com/admin/login/verify.html?rand=0.43258300366331714
[运行时间：0.058004s] [吞吐率：17.24req/s] [内存消耗：3,025.88kb] [文件加载：74]
[ info ] [ LANG ] C:\wamp\www\mall\thinkphp\lang\zh-cn.php
[ info ] [ ROUTE ] array (
)
[ info ] [ HEADER ] array (
  'host' => 'www.mall.com',
  'connection' => 'keep-alive',
  'user-agent' => 'Mozilla/5.0 (Windows NT 6.1; Win64; x64) AppleWebKit/537.36 (KHTML, like Gecko) Chrome/76.0.3809.87 Safari/537.36',
  'accept' => 'image/webp,image/apng,image/*,*/*;q=0.8',
  'referer' => 'http://www.mall.com/admin/login/index.html',
  'accept-encoding' => 'gzip, deflate',
  'accept-language' => 'zh-CN,zh;q=0.9,en;q=0.8',
  'cookie' => 'thinkphp_show_page_trace=0|0; pgv_pvi=2395768832; PHPSESSID=vae89egq8537nalmjhmba9lr26',
)
[ info ] [ PARAM ] array (
  'rand' => '0.43258300366331714',
)
---------------------------------------------------------------

[2019-12-03T09:09:12+08:00] 127.0.0.1 GET www.mall.com/admin/login/verify.html?rand=0.3528089451809071
[运行时间：0.055003s] [吞吐率：18.18req/s] [内存消耗：3,025.88kb] [文件加载：74]
>>>>>>> 83002a61b142ea2c151b293e3cdba29382d4ce64
[ info ] [ LANG ] C:\wamp\www\mall\thinkphp\lang\zh-cn.php
[ info ] [ ROUTE ] array (
)
[ info ] [ HEADER ] array (
  'host' => 'www.mall.com',
  'connection' => 'keep-alive',
<<<<<<< HEAD
  'user-agent' => 'Mozilla/5.0 (Windows NT 10.0; Win64; x64) AppleWebKit/537.36 (KHTML, like Gecko) Chrome/70.0.3538.102 Safari/537.36',
=======
  'user-agent' => 'Mozilla/5.0 (Windows NT 6.1; Win64; x64) AppleWebKit/537.36 (KHTML, like Gecko) Chrome/76.0.3809.87 Safari/537.36',
>>>>>>> 83002a61b142ea2c151b293e3cdba29382d4ce64
  'accept' => 'image/webp,image/apng,image/*,*/*;q=0.8',
  'referer' => 'http://www.mall.com/admin/login/index.html',
  'accept-encoding' => 'gzip, deflate',
  'accept-language' => 'zh-CN,zh;q=0.9,en;q=0.8',
<<<<<<< HEAD
  'cookie' => 'pgv_pvi=7600446464; PHPSESSID=3iru3gn3ne69d2s2hou06knp72',
)
[ info ] [ PARAM ] array (
)
---------------------------------------------------------------

[2019-12-03T20:03:41+08:00] 127.0.0.1 POST www.mall.com/admin/login/login.html
[运行时间：0.099241s] [吞吐率：10.08req/s] [内存消耗：3,582.48kb] [文件加载：80]
=======
  'cookie' => 'thinkphp_show_page_trace=0|0; pgv_pvi=2395768832; PHPSESSID=vae89egq8537nalmjhmba9lr26',
)
[ info ] [ PARAM ] array (
  'rand' => '0.3528089451809071',
)
---------------------------------------------------------------

[2019-12-03T09:09:15+08:00] 127.0.0.1 POST www.mall.com/admin/login/login.html
[运行时间：0.108006s] [吞吐率：9.26req/s] [内存消耗：4,282.87kb] [文件加载：80]
>>>>>>> 83002a61b142ea2c151b293e3cdba29382d4ce64
[ info ] [ LANG ] C:\wamp\www\mall\thinkphp\lang\zh-cn.php
[ info ] [ ROUTE ] array (
)
[ info ] [ HEADER ] array (
  'host' => 'www.mall.com',
  'connection' => 'keep-alive',
  'content-length' => '40',
  'accept' => 'application/json, text/javascript, */*; q=0.01',
  'origin' => 'http://www.mall.com',
  'x-requested-with' => 'XMLHttpRequest',
<<<<<<< HEAD
  'user-agent' => 'Mozilla/5.0 (Windows NT 10.0; Win64; x64) AppleWebKit/537.36 (KHTML, like Gecko) Chrome/70.0.3538.102 Safari/537.36',
=======
  'user-agent' => 'Mozilla/5.0 (Windows NT 6.1; Win64; x64) AppleWebKit/537.36 (KHTML, like Gecko) Chrome/76.0.3809.87 Safari/537.36',
>>>>>>> 83002a61b142ea2c151b293e3cdba29382d4ce64
  'content-type' => 'application/x-www-form-urlencoded; charset=UTF-8',
  'referer' => 'http://www.mall.com/admin/login/index.html',
  'accept-encoding' => 'gzip, deflate',
  'accept-language' => 'zh-CN,zh;q=0.9,en;q=0.8',
<<<<<<< HEAD
  'cookie' => 'thinkphp_show_page_trace=0|0; pgv_pvi=7600446464; PHPSESSID=3iru3gn3ne69d2s2hou06knp72',
=======
  'cookie' => 'thinkphp_show_page_trace=0|0; pgv_pvi=2395768832; PHPSESSID=vae89egq8537nalmjhmba9lr26',
>>>>>>> 83002a61b142ea2c151b293e3cdba29382d4ce64
)
[ info ] [ PARAM ] array (
  'username' => 'admin',
  'password' => '123456',
<<<<<<< HEAD
  'code' => '8da6',
)
[ info ] [ DB ] INIT mysql
[ sql ] [ DB ] CONNECT:[ UseTime:0.008831s ] mysql:host=localhost;dbname=mall;charset=utf8
[ sql ] [ SQL ] SHOW COLUMNS FROM `mall_admin` [ RunTime:0.009413s ]
[ sql ] [ SQL ] SELECT * FROM `mall_admin` WHERE  `username` = 'admin' LIMIT 1 [ RunTime:0.000884s ]
[ sql ] [ SQL ] UPDATE `mall_admin`  SET `login_time` = 1575374621 , `login_ip` = '127.0.0.1'  WHERE  `admin_id` = 1 [ RunTime:0.000886s ]
---------------------------------------------------------------

[2019-12-03T20:03:42+08:00] 127.0.0.1 GET www.mall.com/admin/index/index.html
[运行时间：0.110856s] [吞吐率：9.02req/s] [内存消耗：2,370.36kb] [文件加载：73]
=======
  'code' => 'dfhw',
)
[ info ] [ DB ] INIT mysql
[ sql ] [ DB ] CONNECT:[ UseTime:0.010001s ] mysql:host=localhost;dbname=mall;charset=utf8
[ sql ] [ SQL ] SHOW COLUMNS FROM `mall_admin` [ RunTime:0.007000s ]
[ sql ] [ SQL ] SELECT * FROM `mall_admin` WHERE  `username` = 'admin' LIMIT 1 [ RunTime:0.001000s ]
[ sql ] [ SQL ] UPDATE `mall_admin`  SET `login_time` = 1575335355 , `login_ip` = '127.0.0.1'  WHERE  `admin_id` = 1 [ RunTime:0.001000s ]
---------------------------------------------------------------

[2019-12-03T09:09:16+08:00] 127.0.0.1 GET www.mall.com/admin/index/index.html
[运行时间：0.062003s] [吞吐率：16.13req/s] [内存消耗：2,592.27kb] [文件加载：71]
>>>>>>> 83002a61b142ea2c151b293e3cdba29382d4ce64
[ info ] [ LANG ] C:\wamp\www\mall\thinkphp\lang\zh-cn.php
[ info ] [ ROUTE ] array (
)
[ info ] [ HEADER ] array (
  'host' => 'www.mall.com',
  'connection' => 'keep-alive',
  'upgrade-insecure-requests' => '1',
<<<<<<< HEAD
  'user-agent' => 'Mozilla/5.0 (Windows NT 10.0; Win64; x64) AppleWebKit/537.36 (KHTML, like Gecko) Chrome/70.0.3538.102 Safari/537.36',
  'accept' => 'text/html,application/xhtml+xml,application/xml;q=0.9,image/webp,image/apng,*/*;q=0.8',
  'referer' => 'http://www.mall.com/admin/login/index.html',
  'accept-encoding' => 'gzip, deflate',
  'accept-language' => 'zh-CN,zh;q=0.9,en;q=0.8',
  'cookie' => 'pgv_pvi=7600446464; PHPSESSID=3iru3gn3ne69d2s2hou06knp72',
=======
  'user-agent' => 'Mozilla/5.0 (Windows NT 6.1; Win64; x64) AppleWebKit/537.36 (KHTML, like Gecko) Chrome/76.0.3809.87 Safari/537.36',
  'accept' => 'text/html,application/xhtml+xml,application/xml;q=0.9,image/webp,image/apng,*/*;q=0.8,application/signed-exchange;v=b3',
  'referer' => 'http://www.mall.com/admin/login/index.html',
  'accept-encoding' => 'gzip, deflate',
  'accept-language' => 'zh-CN,zh;q=0.9,en;q=0.8',
  'cookie' => 'ace.settings=%7B%22navbar-fixed%22%3A1%2C%22main-container-fixed%22%3A-1%2C%22sidebar-fixed%22%3A1%2C%22sidebar-collapsed%22%3A-1%7D; thinkphp_show_page_trace=0|0; pgv_pvi=2395768832; PHPSESSID=vae89egq8537nalmjhmba9lr26',
>>>>>>> 83002a61b142ea2c151b293e3cdba29382d4ce64
)
[ info ] [ PARAM ] array (
)
[ info ] [ VIEW ] C:\wamp\www\mall\application\admin\view\index\index.html [ array (
) ]
---------------------------------------------------------------

<<<<<<< HEAD
[2019-12-03T20:03:42+08:00] 127.0.0.1 GET www.mall.com/admin/index/copy.html
[运行时间：0.198682s] [吞吐率：5.03req/s] [内存消耗：2,096.31kb] [文件加载：69]
=======
[2019-12-03T09:09:16+08:00] 127.0.0.1 GET www.mall.com/admin/index/copy.html
[运行时间：0.063003s] [吞吐率：15.87req/s] [内存消耗：2,497.77kb] [文件加载：69]
>>>>>>> 83002a61b142ea2c151b293e3cdba29382d4ce64
[ info ] [ LANG ] C:\wamp\www\mall\thinkphp\lang\zh-cn.php
[ info ] [ ROUTE ] array (
)
[ info ] [ HEADER ] array (
  'host' => 'www.mall.com',
  'connection' => 'keep-alive',
  'upgrade-insecure-requests' => '1',
<<<<<<< HEAD
  'user-agent' => 'Mozilla/5.0 (Windows NT 10.0; Win64; x64) AppleWebKit/537.36 (KHTML, like Gecko) Chrome/70.0.3538.102 Safari/537.36',
  'accept' => 'text/html,application/xhtml+xml,application/xml;q=0.9,image/webp,image/apng,*/*;q=0.8',
  'referer' => 'http://www.mall.com/admin/index/index.html',
  'accept-encoding' => 'gzip, deflate',
  'accept-language' => 'zh-CN,zh;q=0.9,en;q=0.8',
  'cookie' => 'pgv_pvi=7600446464; PHPSESSID=3iru3gn3ne69d2s2hou06knp72',
=======
  'user-agent' => 'Mozilla/5.0 (Windows NT 6.1; Win64; x64) AppleWebKit/537.36 (KHTML, like Gecko) Chrome/76.0.3809.87 Safari/537.36',
  'accept' => 'text/html,application/xhtml+xml,application/xml;q=0.9,image/webp,image/apng,*/*;q=0.8,application/signed-exchange;v=b3',
  'referer' => 'http://www.mall.com/admin/index/index.html',
  'accept-encoding' => 'gzip, deflate',
  'accept-language' => 'zh-CN,zh;q=0.9,en;q=0.8',
  'cookie' => 'ace.settings=%7B%22navbar-fixed%22%3A1%2C%22main-container-fixed%22%3A-1%2C%22sidebar-fixed%22%3A1%2C%22sidebar-collapsed%22%3A-1%7D; thinkphp_show_page_trace=0|0; pgv_pvi=2395768832; PHPSESSID=vae89egq8537nalmjhmba9lr26',
>>>>>>> 83002a61b142ea2c151b293e3cdba29382d4ce64
)
[ info ] [ PARAM ] array (
)
[ info ] [ VIEW ] C:\wamp\www\mall\application\admin\view\index\copy.html [ array (
) ]
---------------------------------------------------------------

<<<<<<< HEAD
[2019-12-03T20:03:43+08:00] 127.0.0.1 GET www.mall.com/static/admin//static/admin/images/favicon.ico
[运行时间：0.078931s] [吞吐率：12.67req/s] [内存消耗：1,730.79kb] [文件加载：59]
[ info ] [ LANG ] C:\wamp\www\mall\thinkphp\lang\zh-cn.php
---------------------------------------------------------------

[2019-12-03T20:03:52+08:00] 127.0.0.1 GET www.mall.com/admin/rbac/node.html
[运行时间：0.116246s] [吞吐率：8.60req/s] [内存消耗：3,816.34kb] [文件加载：86]
=======
[2019-12-03T09:09:17+08:00] 127.0.0.1 GET www.mall.com/static/admin//static/admin/images/favicon.ico
[运行时间：0.032002s] [吞吐率：31.25req/s] [内存消耗：2,057.45kb] [文件加载：59]
[ info ] [ LANG ] C:\wamp\www\mall\thinkphp\lang\zh-cn.php
---------------------------------------------------------------

[2019-12-03T09:09:19+08:00] 127.0.0.1 GET www.mall.com/admin/rbac/role.html
[运行时间：0.059003s] [吞吐率：16.95req/s] [内存消耗：3,019.99kb] [文件加载：79]
[ info ] [ LANG ] C:\wamp\www\mall\thinkphp\lang\zh-cn.php
[ info ] [ ROUTE ] array (
)
[ info ] [ HEADER ] array (
  'host' => 'www.mall.com',
  'connection' => 'keep-alive',
  'upgrade-insecure-requests' => '1',
  'user-agent' => 'Mozilla/5.0 (Windows NT 6.1; Win64; x64) AppleWebKit/537.36 (KHTML, like Gecko) Chrome/76.0.3809.87 Safari/537.36',
  'accept' => 'text/html,application/xhtml+xml,application/xml;q=0.9,image/webp,image/apng,*/*;q=0.8,application/signed-exchange;v=b3',
  'referer' => 'http://www.mall.com/admin/index/index.html',
  'accept-encoding' => 'gzip, deflate',
  'accept-language' => 'zh-CN,zh;q=0.9,en;q=0.8',
  'cookie' => 'pgv_pvi=2395768832; PHPSESSID=vae89egq8537nalmjhmba9lr26',
)
[ info ] [ PARAM ] array (
)
---------------------------------------------------------------

[2019-12-03T09:09:20+08:00] 127.0.0.1 GET www.mall.com/admin/rbac/node.html
[运行时间：0.075005s] [吞吐率：13.33req/s] [内存消耗：4,539.44kb] [文件加载：86]
[ info ] [ LANG ] C:\wamp\www\mall\thinkphp\lang\zh-cn.php
[ info ] [ ROUTE ] array (
)
[ info ] [ HEADER ] array (
  'host' => 'www.mall.com',
  'connection' => 'keep-alive',
  'upgrade-insecure-requests' => '1',
  'user-agent' => 'Mozilla/5.0 (Windows NT 6.1; Win64; x64) AppleWebKit/537.36 (KHTML, like Gecko) Chrome/76.0.3809.87 Safari/537.36',
  'accept' => 'text/html,application/xhtml+xml,application/xml;q=0.9,image/webp,image/apng,*/*;q=0.8,application/signed-exchange;v=b3',
  'referer' => 'http://www.mall.com/admin/index/index.html',
  'accept-encoding' => 'gzip, deflate',
  'accept-language' => 'zh-CN,zh;q=0.9,en;q=0.8',
  'cookie' => 'thinkphp_show_page_trace=0|0; pgv_pvi=2395768832; PHPSESSID=vae89egq8537nalmjhmba9lr26',
)
[ info ] [ PARAM ] array (
)
[ info ] [ DB ] INIT mysql
[ info ] [ VIEW ] C:\wamp\www\mall\application\admin\view\rbac\node.html [ array (
  0 => 'page_data',
) ]
[ sql ] [ DB ] CONNECT:[ UseTime:0.002000s ] mysql:host=localhost;dbname=mall;charset=utf8
[ sql ] [ SQL ] SHOW COLUMNS FROM `mall_node` [ RunTime:0.004000s ]
[ sql ] [ SQL ] SELECT `id`,`name`,`title`,`pid` FROM `mall_node` ORDER BY `id` ASC [ RunTime:0.000000s ]
---------------------------------------------------------------

[2019-12-03T09:09:27+08:00] 127.0.0.1 GET www.mall.com/admin/rbac/node.html
[运行时间：0.086005s] [吞吐率：11.63req/s] [内存消耗：4,360.79kb] [文件加载：84]
[ info ] [ LANG ] C:\wamp\www\mall\thinkphp\lang\zh-cn.php
[ info ] [ ROUTE ] array (
)
[ info ] [ HEADER ] array (
  'host' => 'www.mall.com',
  'connection' => 'keep-alive',
  'cache-control' => 'max-age=0',
  'upgrade-insecure-requests' => '1',
  'user-agent' => 'Mozilla/5.0 (Windows NT 6.1; Win64; x64) AppleWebKit/537.36 (KHTML, like Gecko) Chrome/76.0.3809.87 Safari/537.36',
  'accept' => 'text/html,application/xhtml+xml,application/xml;q=0.9,image/webp,image/apng,*/*;q=0.8,application/signed-exchange;v=b3',
  'referer' => 'http://www.mall.com/admin/index/index.html',
  'accept-encoding' => 'gzip, deflate',
  'accept-language' => 'zh-CN,zh;q=0.9,en;q=0.8',
  'cookie' => 'thinkphp_show_page_trace=0|0; pgv_pvi=2395768832; PHPSESSID=vae89egq8537nalmjhmba9lr26',
)
[ info ] [ PARAM ] array (
)
[ info ] [ DB ] INIT mysql
[ info ] [ VIEW ] C:\wamp\www\mall\application\admin\view\rbac\node.html [ array (
  0 => 'page_data',
) ]
[ sql ] [ DB ] CONNECT:[ UseTime:0.001000s ] mysql:host=localhost;dbname=mall;charset=utf8
[ sql ] [ SQL ] SHOW COLUMNS FROM `mall_node` [ RunTime:0.001000s ]
[ sql ] [ SQL ] SELECT `id`,`name`,`title`,`pid` FROM `mall_node` ORDER BY `id` ASC [ RunTime:0.000000s ]
---------------------------------------------------------------

[2019-12-03T09:09:36+08:00] 127.0.0.1 GET www.mall.com/admin/rbac/editnode/id/1/level/1.html
[运行时间：0.054003s] [吞吐率：18.52req/s] [内存消耗：3,021.02kb] [文件加载：79]
[ info ] [ LANG ] C:\wamp\www\mall\thinkphp\lang\zh-cn.php
[ info ] [ ROUTE ] array (
)
[ info ] [ HEADER ] array (
  'host' => 'www.mall.com',
  'connection' => 'keep-alive',
  'upgrade-insecure-requests' => '1',
  'user-agent' => 'Mozilla/5.0 (Windows NT 6.1; Win64; x64) AppleWebKit/537.36 (KHTML, like Gecko) Chrome/76.0.3809.87 Safari/537.36',
  'accept' => 'text/html,application/xhtml+xml,application/xml;q=0.9,image/webp,image/apng,*/*;q=0.8,application/signed-exchange;v=b3',
  'referer' => 'http://www.mall.com/admin/rbac/node.html',
  'accept-encoding' => 'gzip, deflate',
  'accept-language' => 'zh-CN,zh;q=0.9,en;q=0.8',
  'cookie' => 'thinkphp_show_page_trace=0|0; pgv_pvi=2395768832; PHPSESSID=vae89egq8537nalmjhmba9lr26',
)
[ info ] [ PARAM ] array (
  'id' => '1',
  'level' => '1',
)
---------------------------------------------------------------

[2019-12-03T09:09:39+08:00] 127.0.0.1 GET www.mall.com/admin/rbac/node.html
[运行时间：0.076004s] [吞吐率：13.16req/s] [内存消耗：4,360.71kb] [文件加载：84]
[ info ] [ LANG ] C:\wamp\www\mall\thinkphp\lang\zh-cn.php
[ info ] [ ROUTE ] array (
)
[ info ] [ HEADER ] array (
  'host' => 'www.mall.com',
  'connection' => 'keep-alive',
  'upgrade-insecure-requests' => '1',
  'user-agent' => 'Mozilla/5.0 (Windows NT 6.1; Win64; x64) AppleWebKit/537.36 (KHTML, like Gecko) Chrome/76.0.3809.87 Safari/537.36',
  'accept' => 'text/html,application/xhtml+xml,application/xml;q=0.9,image/webp,image/apng,*/*;q=0.8,application/signed-exchange;v=b3',
  'referer' => 'http://www.mall.com/admin/index/index.html',
  'accept-encoding' => 'gzip, deflate',
  'accept-language' => 'zh-CN,zh;q=0.9,en;q=0.8',
  'cookie' => 'thinkphp_show_page_trace=0|0; pgv_pvi=2395768832; PHPSESSID=vae89egq8537nalmjhmba9lr26',
)
[ info ] [ PARAM ] array (
)
[ info ] [ DB ] INIT mysql
[ info ] [ VIEW ] C:\wamp\www\mall\application\admin\view\rbac\node.html [ array (
  0 => 'page_data',
) ]
[ sql ] [ DB ] CONNECT:[ UseTime:0.001000s ] mysql:host=localhost;dbname=mall;charset=utf8
[ sql ] [ SQL ] SHOW COLUMNS FROM `mall_node` [ RunTime:0.001000s ]
[ sql ] [ SQL ] SELECT `id`,`name`,`title`,`pid` FROM `mall_node` ORDER BY `id` ASC [ RunTime:0.001000s ]
---------------------------------------------------------------

[2019-12-03T09:09:40+08:00] 127.0.0.1 GET www.mall.com/admin/rbac/addnode/pid/1/level/2.html
[运行时间：0.095005s] [吞吐率：10.53req/s] [内存消耗：3,184.26kb] [文件加载：79]
[ info ] [ LANG ] C:\wamp\www\mall\thinkphp\lang\zh-cn.php
[ info ] [ ROUTE ] array (
)
[ info ] [ HEADER ] array (
  'host' => 'www.mall.com',
  'connection' => 'keep-alive',
  'upgrade-insecure-requests' => '1',
  'user-agent' => 'Mozilla/5.0 (Windows NT 6.1; Win64; x64) AppleWebKit/537.36 (KHTML, like Gecko) Chrome/76.0.3809.87 Safari/537.36',
  'accept' => 'text/html,application/xhtml+xml,application/xml;q=0.9,image/webp,image/apng,*/*;q=0.8,application/signed-exchange;v=b3',
  'referer' => 'http://www.mall.com/admin/rbac/node.html',
  'accept-encoding' => 'gzip, deflate',
  'accept-language' => 'zh-CN,zh;q=0.9,en;q=0.8',
  'cookie' => 'thinkphp_show_page_trace=0|0; pgv_pvi=2395768832; PHPSESSID=vae89egq8537nalmjhmba9lr26',
)
[ info ] [ PARAM ] array (
  'pid' => '1',
  'level' => '2',
)
[ info ] [ VIEW ] C:\wamp\www\mall\application\admin\view\rbac\add_node.html [ array (
  0 => 'level',
  1 => 'pid',
) ]
---------------------------------------------------------------

[2019-12-03T09:09:45+08:00] 127.0.0.1 GET www.mall.com/admin/rbac/node.html
[运行时间：0.080005s] [吞吐率：12.50req/s] [内存消耗：4,360.71kb] [文件加载：84]
[ info ] [ LANG ] C:\wamp\www\mall\thinkphp\lang\zh-cn.php
[ info ] [ ROUTE ] array (
)
[ info ] [ HEADER ] array (
  'host' => 'www.mall.com',
  'connection' => 'keep-alive',
  'upgrade-insecure-requests' => '1',
  'user-agent' => 'Mozilla/5.0 (Windows NT 6.1; Win64; x64) AppleWebKit/537.36 (KHTML, like Gecko) Chrome/76.0.3809.87 Safari/537.36',
  'accept' => 'text/html,application/xhtml+xml,application/xml;q=0.9,image/webp,image/apng,*/*;q=0.8,application/signed-exchange;v=b3',
  'referer' => 'http://www.mall.com/admin/index/index.html',
  'accept-encoding' => 'gzip, deflate',
  'accept-language' => 'zh-CN,zh;q=0.9,en;q=0.8',
  'cookie' => 'thinkphp_show_page_trace=0|0; pgv_pvi=2395768832; PHPSESSID=vae89egq8537nalmjhmba9lr26',
)
[ info ] [ PARAM ] array (
)
[ info ] [ DB ] INIT mysql
[ info ] [ VIEW ] C:\wamp\www\mall\application\admin\view\rbac\node.html [ array (
  0 => 'page_data',
) ]
[ sql ] [ DB ] CONNECT:[ UseTime:0.012000s ] mysql:host=localhost;dbname=mall;charset=utf8
[ sql ] [ SQL ] SHOW COLUMNS FROM `mall_node` [ RunTime:0.001000s ]
[ sql ] [ SQL ] SELECT `id`,`name`,`title`,`pid` FROM `mall_node` ORDER BY `id` ASC [ RunTime:0.000000s ]
---------------------------------------------------------------

[2019-12-03T09:19:06+08:00] 127.0.0.1 GET www.mall.com/admin/rbac/addnode.html
[运行时间：0.076004s] [吞吐率：13.16req/s] [内存消耗：3,183.39kb] [文件加载：79]
[ info ] [ LANG ] C:\wamp\www\mall\thinkphp\lang\zh-cn.php
[ info ] [ ROUTE ] array (
)
[ info ] [ HEADER ] array (
  'host' => 'www.mall.com',
  'connection' => 'keep-alive',
  'upgrade-insecure-requests' => '1',
  'user-agent' => 'Mozilla/5.0 (Windows NT 6.1; Win64; x64) AppleWebKit/537.36 (KHTML, like Gecko) Chrome/76.0.3809.87 Safari/537.36',
  'accept' => 'text/html,application/xhtml+xml,application/xml;q=0.9,image/webp,image/apng,*/*;q=0.8,application/signed-exchange;v=b3',
  'referer' => 'http://www.mall.com/admin/rbac/node.html',
  'accept-encoding' => 'gzip, deflate',
  'accept-language' => 'zh-CN,zh;q=0.9,en;q=0.8',
  'cookie' => 'thinkphp_show_page_trace=0|0; pgv_pvi=2395768832; PHPSESSID=vae89egq8537nalmjhmba9lr26',
)
[ info ] [ PARAM ] array (
)
[ info ] [ VIEW ] C:\wamp\www\mall\application\admin\view\rbac\add_node.html [ array (
  0 => 'level',
  1 => 'pid',
) ]
---------------------------------------------------------------

[2019-12-03T09:30:13+08:00] 127.0.0.1 GET www.mall.com/admin/rbac/node.html
[运行时间：0.066004s] [吞吐率：15.15req/s] [内存消耗：4,360.73kb] [文件加载：84]
>>>>>>> 83002a61b142ea2c151b293e3cdba29382d4ce64
[ info ] [ LANG ] C:\wamp\www\mall\thinkphp\lang\zh-cn.php
[ info ] [ ROUTE ] array (
)
[ info ] [ HEADER ] array (
  'host' => 'www.mall.com',
  'connection' => 'keep-alive',
  'upgrade-insecure-requests' => '1',
<<<<<<< HEAD
  'user-agent' => 'Mozilla/5.0 (Windows NT 10.0; Win64; x64) AppleWebKit/537.36 (KHTML, like Gecko) Chrome/70.0.3538.102 Safari/537.36',
  'accept' => 'text/html,application/xhtml+xml,application/xml;q=0.9,image/webp,image/apng,*/*;q=0.8',
  'referer' => 'http://www.mall.com/admin/index/index.html',
  'accept-encoding' => 'gzip, deflate',
  'accept-language' => 'zh-CN,zh;q=0.9,en;q=0.8',
  'cookie' => 'thinkphp_show_page_trace=0|0; pgv_pvi=7600446464; PHPSESSID=3iru3gn3ne69d2s2hou06knp72',
=======
  'user-agent' => 'Mozilla/5.0 (Windows NT 6.1; Win64; x64) AppleWebKit/537.36 (KHTML, like Gecko) Chrome/76.0.3809.87 Safari/537.36',
  'accept' => 'text/html,application/xhtml+xml,application/xml;q=0.9,image/webp,image/apng,*/*;q=0.8,application/signed-exchange;v=b3',
  'referer' => 'http://www.mall.com/admin/index/index.html',
  'accept-encoding' => 'gzip, deflate',
  'accept-language' => 'zh-CN,zh;q=0.9,en;q=0.8',
  'cookie' => 'thinkphp_show_page_trace=0|0; pgv_pvi=2395768832; PHPSESSID=vae89egq8537nalmjhmba9lr26',
>>>>>>> 83002a61b142ea2c151b293e3cdba29382d4ce64
)
[ info ] [ PARAM ] array (
)
[ info ] [ DB ] INIT mysql
[ info ] [ VIEW ] C:\wamp\www\mall\application\admin\view\rbac\node.html [ array (
  0 => 'page_data',
) ]
<<<<<<< HEAD
[ sql ] [ DB ] CONNECT:[ UseTime:0.003051s ] mysql:host=localhost;dbname=mall;charset=utf8
[ sql ] [ SQL ] SHOW COLUMNS FROM `mall_node` [ RunTime:0.004024s ]
[ sql ] [ SQL ] SELECT `id`,`name`,`title`,`pid` FROM `mall_node` ORDER BY `id` ASC [ RunTime:0.000740s ]
=======
[ sql ] [ DB ] CONNECT:[ UseTime:0.001000s ] mysql:host=localhost;dbname=mall;charset=utf8
[ sql ] [ SQL ] SHOW COLUMNS FROM `mall_node` [ RunTime:0.001000s ]
[ sql ] [ SQL ] SELECT `id`,`name`,`title`,`pid` FROM `mall_node` ORDER BY `id` ASC [ RunTime:0.001000s ]
---------------------------------------------------------------

[2019-12-03T09:30:26+08:00] 127.0.0.1 GET www.mall.com/admin/rbac/addnode/pid/1/level/2.html
[运行时间：0.045002s] [吞吐率：22.22req/s] [内存消耗：2,995.23kb] [文件加载：77]
[ info ] [ LANG ] C:\wamp\www\mall\thinkphp\lang\zh-cn.php
[ info ] [ ROUTE ] array (
)
[ info ] [ HEADER ] array (
  'host' => 'www.mall.com',
  'connection' => 'keep-alive',
  'upgrade-insecure-requests' => '1',
  'user-agent' => 'Mozilla/5.0 (Windows NT 6.1; Win64; x64) AppleWebKit/537.36 (KHTML, like Gecko) Chrome/76.0.3809.87 Safari/537.36',
  'accept' => 'text/html,application/xhtml+xml,application/xml;q=0.9,image/webp,image/apng,*/*;q=0.8,application/signed-exchange;v=b3',
  'referer' => 'http://www.mall.com/admin/rbac/node.html',
  'accept-encoding' => 'gzip, deflate',
  'accept-language' => 'zh-CN,zh;q=0.9,en;q=0.8',
  'cookie' => 'thinkphp_show_page_trace=0|0; thinkphp_show_page_trace=0|0; pgv_pvi=2395768832; PHPSESSID=vae89egq8537nalmjhmba9lr26',
)
[ info ] [ PARAM ] array (
  'pid' => '1',
  'level' => '2',
)
[ info ] [ VIEW ] C:\wamp\www\mall\application\admin\view\rbac\add_node.html [ array (
  0 => 'level',
  1 => 'pid',
) ]
---------------------------------------------------------------

[2019-12-03T09:30:38+08:00] 127.0.0.1 POST www.mall.com/admin/rbac/addnode/pid/1/level/2.html
[运行时间：0.065004s] [吞吐率：15.38req/s] [内存消耗：4,384.35kb] [文件加载：87]
[ info ] [ LANG ] C:\wamp\www\mall\thinkphp\lang\zh-cn.php
[ info ] [ ROUTE ] array (
)
[ info ] [ HEADER ] array (
  'host' => 'www.mall.com',
  'connection' => 'keep-alive',
  'content-length' => '92',
  'cache-control' => 'max-age=0',
  'origin' => 'http://www.mall.com',
  'upgrade-insecure-requests' => '1',
  'content-type' => 'application/x-www-form-urlencoded',
  'user-agent' => 'Mozilla/5.0 (Windows NT 6.1; Win64; x64) AppleWebKit/537.36 (KHTML, like Gecko) Chrome/76.0.3809.87 Safari/537.36',
  'accept' => 'text/html,application/xhtml+xml,application/xml;q=0.9,image/webp,image/apng,*/*;q=0.8,application/signed-exchange;v=b3',
  'referer' => 'http://www.mall.com/admin/rbac/addnode/pid/1/level/2.html',
  'accept-encoding' => 'gzip, deflate',
  'accept-language' => 'zh-CN,zh;q=0.9,en;q=0.8',
  'cookie' => 'thinkphp_show_page_trace=0|0; thinkphp_show_page_trace=0|0; pgv_pvi=2395768832; PHPSESSID=vae89egq8537nalmjhmba9lr26',
)
[ info ] [ PARAM ] array (
  'name' => 'node',
  'title' => '节点列表',
  'status' => '1',
  'is_show' => '1',
  'sort' => '1',
  'level' => '2',
  'pid' => '1',
)
[ info ] [ DB ] INIT mysql
[ info ] [ VIEW ] C:\wamp\www\mall\application\admin\view\common\success.html [ array (
  0 => 'code',
  1 => 'msg',
  2 => 'data',
  3 => 'url',
  4 => 'wait',
) ]
[ error ] [8]Use of undefined constant intval - assumed 'intval'[C:\wamp\www\mall\application\admin\controller\Rbac.php:65]
[ error ] [8]Use of undefined constant intval - assumed 'intval'[C:\wamp\www\mall\application\admin\controller\Rbac.php:67]
[ sql ] [ DB ] CONNECT:[ UseTime:0.001000s ] mysql:host=localhost;dbname=mall;charset=utf8
[ sql ] [ SQL ] SHOW COLUMNS FROM `mall_node` [ RunTime:0.001000s ]
[ sql ] [ SQL ] INSERT INTO `mall_node` (`name` , `title` , `status` , `is_show` , `sort` , `pid` , `level`) VALUES ('node' , '节点列表' , 1 , 1 , 1 , 1 , 2) [ RunTime:0.001000s ]
---------------------------------------------------------------

[2019-12-03T09:30:41+08:00] 127.0.0.1 GET www.mall.com/admin/rbac/addnode/pid/1/level/%7B&url%7D
[运行时间：0.056003s] [吞吐率：17.86req/s] [内存消耗：2,995.16kb] [文件加载：77]
[ info ] [ LANG ] C:\wamp\www\mall\thinkphp\lang\zh-cn.php
[ info ] [ ROUTE ] array (
)
[ info ] [ HEADER ] array (
  'host' => 'www.mall.com',
  'connection' => 'keep-alive',
  'upgrade-insecure-requests' => '1',
  'user-agent' => 'Mozilla/5.0 (Windows NT 6.1; Win64; x64) AppleWebKit/537.36 (KHTML, like Gecko) Chrome/76.0.3809.87 Safari/537.36',
  'accept' => 'text/html,application/xhtml+xml,application/xml;q=0.9,image/webp,image/apng,*/*;q=0.8,application/signed-exchange;v=b3',
  'referer' => 'http://www.mall.com/admin/rbac/addnode/pid/1/level/2.html',
  'accept-encoding' => 'gzip, deflate',
  'accept-language' => 'zh-CN,zh;q=0.9,en;q=0.8',
  'cookie' => 'thinkphp_show_page_trace=0|0; thinkphp_show_page_trace=0|0; pgv_pvi=2395768832; PHPSESSID=vae89egq8537nalmjhmba9lr26',
)
[ info ] [ PARAM ] array (
  'pid' => '1',
  'level' => '{&url}',
)
[ info ] [ VIEW ] C:\wamp\www\mall\application\admin\view\rbac\add_node.html [ array (
  0 => 'level',
  1 => 'pid',
) ]
---------------------------------------------------------------

[2019-12-03T09:30:44+08:00] 127.0.0.1 GET www.mall.com/admin/rbac/node.html
[运行时间：0.071004s] [吞吐率：14.08req/s] [内存消耗：4,361.65kb] [文件加载：84]
[ info ] [ LANG ] C:\wamp\www\mall\thinkphp\lang\zh-cn.php
[ info ] [ ROUTE ] array (
)
[ info ] [ HEADER ] array (
  'host' => 'www.mall.com',
  'connection' => 'keep-alive',
  'upgrade-insecure-requests' => '1',
  'user-agent' => 'Mozilla/5.0 (Windows NT 6.1; Win64; x64) AppleWebKit/537.36 (KHTML, like Gecko) Chrome/76.0.3809.87 Safari/537.36',
  'accept' => 'text/html,application/xhtml+xml,application/xml;q=0.9,image/webp,image/apng,*/*;q=0.8,application/signed-exchange;v=b3',
  'referer' => 'http://www.mall.com/admin/index/index.html',
  'accept-encoding' => 'gzip, deflate',
  'accept-language' => 'zh-CN,zh;q=0.9,en;q=0.8',
  'cookie' => 'thinkphp_show_page_trace=0|0; pgv_pvi=2395768832; PHPSESSID=vae89egq8537nalmjhmba9lr26',
)
[ info ] [ PARAM ] array (
)
[ info ] [ DB ] INIT mysql
[ info ] [ VIEW ] C:\wamp\www\mall\application\admin\view\rbac\node.html [ array (
  0 => 'page_data',
) ]
[ sql ] [ DB ] CONNECT:[ UseTime:0.010000s ] mysql:host=localhost;dbname=mall;charset=utf8
[ sql ] [ SQL ] SHOW COLUMNS FROM `mall_node` [ RunTime:0.001000s ]
[ sql ] [ SQL ] SELECT `id`,`name`,`title`,`pid` FROM `mall_node` ORDER BY `id` ASC [ RunTime:0.000000s ]
---------------------------------------------------------------

[2019-12-03T09:30:52+08:00] 127.0.0.1 GET www.mall.com/admin/rbac/addnode/pid/2/level/3.html
[运行时间：0.052003s] [吞吐率：19.23req/s] [内存消耗：2,995.18kb] [文件加载：77]
[ info ] [ LANG ] C:\wamp\www\mall\thinkphp\lang\zh-cn.php
[ info ] [ ROUTE ] array (
)
[ info ] [ HEADER ] array (
  'host' => 'www.mall.com',
  'connection' => 'keep-alive',
  'upgrade-insecure-requests' => '1',
  'user-agent' => 'Mozilla/5.0 (Windows NT 6.1; Win64; x64) AppleWebKit/537.36 (KHTML, like Gecko) Chrome/76.0.3809.87 Safari/537.36',
  'accept' => 'text/html,application/xhtml+xml,application/xml;q=0.9,image/webp,image/apng,*/*;q=0.8,application/signed-exchange;v=b3',
  'referer' => 'http://www.mall.com/admin/rbac/node.html',
  'accept-encoding' => 'gzip, deflate',
  'accept-language' => 'zh-CN,zh;q=0.9,en;q=0.8',
  'cookie' => 'thinkphp_show_page_trace=0|0; pgv_pvi=2395768832; PHPSESSID=vae89egq8537nalmjhmba9lr26',
)
[ info ] [ PARAM ] array (
  'pid' => '2',
  'level' => '3',
)
[ info ] [ VIEW ] C:\wamp\www\mall\application\admin\view\rbac\add_node.html [ array (
  0 => 'level',
  1 => 'pid',
) ]
---------------------------------------------------------------

[2019-12-03T09:31:08+08:00] 127.0.0.1 POST www.mall.com/admin/rbac/addnode/pid/2/level/3.html
[运行时间：0.071004s] [吞吐率：14.08req/s] [内存消耗：4,384.38kb] [文件加载：87]
[ info ] [ LANG ] C:\wamp\www\mall\thinkphp\lang\zh-cn.php
[ info ] [ ROUTE ] array (
)
[ info ] [ HEADER ] array (
  'host' => 'www.mall.com',
  'connection' => 'keep-alive',
  'content-length' => '95',
  'cache-control' => 'max-age=0',
  'origin' => 'http://www.mall.com',
  'upgrade-insecure-requests' => '1',
  'content-type' => 'application/x-www-form-urlencoded',
  'user-agent' => 'Mozilla/5.0 (Windows NT 6.1; Win64; x64) AppleWebKit/537.36 (KHTML, like Gecko) Chrome/76.0.3809.87 Safari/537.36',
  'accept' => 'text/html,application/xhtml+xml,application/xml;q=0.9,image/webp,image/apng,*/*;q=0.8,application/signed-exchange;v=b3',
  'referer' => 'http://www.mall.com/admin/rbac/addnode/pid/2/level/3.html',
  'accept-encoding' => 'gzip, deflate',
  'accept-language' => 'zh-CN,zh;q=0.9,en;q=0.8',
  'cookie' => 'thinkphp_show_page_trace=0|0; thinkphp_show_page_trace=0|0; pgv_pvi=2395768832; PHPSESSID=vae89egq8537nalmjhmba9lr26',
)
[ info ] [ PARAM ] array (
  'name' => 'addNode',
  'title' => '节点添加',
  'status' => '1',
  'is_show' => '1',
  'sort' => '1',
  'level' => '3',
  'pid' => '2',
)
[ info ] [ DB ] INIT mysql
[ info ] [ VIEW ] C:\wamp\www\mall\application\admin\view\common\success.html [ array (
  0 => 'code',
  1 => 'msg',
  2 => 'data',
  3 => 'url',
  4 => 'wait',
) ]
[ error ] [8]Use of undefined constant intval - assumed 'intval'[C:\wamp\www\mall\application\admin\controller\Rbac.php:65]
[ error ] [8]Use of undefined constant intval - assumed 'intval'[C:\wamp\www\mall\application\admin\controller\Rbac.php:67]
[ sql ] [ DB ] CONNECT:[ UseTime:0.010000s ] mysql:host=localhost;dbname=mall;charset=utf8
[ sql ] [ SQL ] SHOW COLUMNS FROM `mall_node` [ RunTime:0.001000s ]
[ sql ] [ SQL ] INSERT INTO `mall_node` (`name` , `title` , `status` , `is_show` , `sort` , `pid` , `level`) VALUES ('addNode' , '节点添加' , 1 , 1 , 1 , 2 , 3) [ RunTime:0.000000s ]
---------------------------------------------------------------

[2019-12-03T09:31:11+08:00] 127.0.0.1 GET www.mall.com/admin/rbac/addnode/pid/2/level/%7B&url%7D
[运行时间：0.052003s] [吞吐率：19.23req/s] [内存消耗：2,995.16kb] [文件加载：77]
[ info ] [ LANG ] C:\wamp\www\mall\thinkphp\lang\zh-cn.php
[ info ] [ ROUTE ] array (
)
[ info ] [ HEADER ] array (
  'host' => 'www.mall.com',
  'connection' => 'keep-alive',
  'upgrade-insecure-requests' => '1',
  'user-agent' => 'Mozilla/5.0 (Windows NT 6.1; Win64; x64) AppleWebKit/537.36 (KHTML, like Gecko) Chrome/76.0.3809.87 Safari/537.36',
  'accept' => 'text/html,application/xhtml+xml,application/xml;q=0.9,image/webp,image/apng,*/*;q=0.8,application/signed-exchange;v=b3',
  'referer' => 'http://www.mall.com/admin/rbac/addnode/pid/2/level/3.html',
  'accept-encoding' => 'gzip, deflate',
  'accept-language' => 'zh-CN,zh;q=0.9,en;q=0.8',
  'cookie' => 'thinkphp_show_page_trace=0|0; thinkphp_show_page_trace=0|0; pgv_pvi=2395768832; PHPSESSID=vae89egq8537nalmjhmba9lr26',
)
[ info ] [ PARAM ] array (
  'pid' => '2',
  'level' => '{&url}',
)
[ info ] [ VIEW ] C:\wamp\www\mall\application\admin\view\rbac\add_node.html [ array (
  0 => 'level',
  1 => 'pid',
) ]
---------------------------------------------------------------

[2019-12-03T09:31:12+08:00] 127.0.0.1 GET www.mall.com/admin/rbac/node.html
[运行时间：0.076005s] [吞吐率：13.16req/s] [内存消耗：4,362.55kb] [文件加载：84]
[ info ] [ LANG ] C:\wamp\www\mall\thinkphp\lang\zh-cn.php
[ info ] [ ROUTE ] array (
)
[ info ] [ HEADER ] array (
  'host' => 'www.mall.com',
  'connection' => 'keep-alive',
  'upgrade-insecure-requests' => '1',
  'user-agent' => 'Mozilla/5.0 (Windows NT 6.1; Win64; x64) AppleWebKit/537.36 (KHTML, like Gecko) Chrome/76.0.3809.87 Safari/537.36',
  'accept' => 'text/html,application/xhtml+xml,application/xml;q=0.9,image/webp,image/apng,*/*;q=0.8,application/signed-exchange;v=b3',
  'referer' => 'http://www.mall.com/admin/index/index.html',
  'accept-encoding' => 'gzip, deflate',
  'accept-language' => 'zh-CN,zh;q=0.9,en;q=0.8',
  'cookie' => 'thinkphp_show_page_trace=0|0; pgv_pvi=2395768832; PHPSESSID=vae89egq8537nalmjhmba9lr26',
)
[ info ] [ PARAM ] array (
)
[ info ] [ DB ] INIT mysql
[ info ] [ VIEW ] C:\wamp\www\mall\application\admin\view\rbac\node.html [ array (
  0 => 'page_data',
) ]
[ sql ] [ DB ] CONNECT:[ UseTime:0.011000s ] mysql:host=localhost;dbname=mall;charset=utf8
[ sql ] [ SQL ] SHOW COLUMNS FROM `mall_node` [ RunTime:0.001000s ]
[ sql ] [ SQL ] SELECT `id`,`name`,`title`,`pid` FROM `mall_node` ORDER BY `id` ASC [ RunTime:0.001000s ]
---------------------------------------------------------------

[2019-12-03T09:31:15+08:00] 127.0.0.1 GET www.mall.com/admin/rbac/addnode/pid/2/level/3.html
[运行时间：0.061004s] [吞吐率：16.39req/s] [内存消耗：2,995.23kb] [文件加载：77]
[ info ] [ LANG ] C:\wamp\www\mall\thinkphp\lang\zh-cn.php
[ info ] [ ROUTE ] array (
)
[ info ] [ HEADER ] array (
  'host' => 'www.mall.com',
  'connection' => 'keep-alive',
  'upgrade-insecure-requests' => '1',
  'user-agent' => 'Mozilla/5.0 (Windows NT 6.1; Win64; x64) AppleWebKit/537.36 (KHTML, like Gecko) Chrome/76.0.3809.87 Safari/537.36',
  'accept' => 'text/html,application/xhtml+xml,application/xml;q=0.9,image/webp,image/apng,*/*;q=0.8,application/signed-exchange;v=b3',
  'referer' => 'http://www.mall.com/admin/rbac/node.html',
  'accept-encoding' => 'gzip, deflate',
  'accept-language' => 'zh-CN,zh;q=0.9,en;q=0.8',
  'cookie' => 'thinkphp_show_page_trace=0|0; thinkphp_show_page_trace=0|0; pgv_pvi=2395768832; PHPSESSID=vae89egq8537nalmjhmba9lr26',
)
[ info ] [ PARAM ] array (
  'pid' => '2',
  'level' => '3',
)
[ info ] [ VIEW ] C:\wamp\www\mall\application\admin\view\rbac\add_node.html [ array (
  0 => 'level',
  1 => 'pid',
) ]
---------------------------------------------------------------

[2019-12-03T09:31:33+08:00] 127.0.0.1 POST www.mall.com/admin/rbac/addnode/pid/2/level/3.html
[运行时间：0.075004s] [吞吐率：13.33req/s] [内存消耗：4,384.39kb] [文件加载：87]
[ info ] [ LANG ] C:\wamp\www\mall\thinkphp\lang\zh-cn.php
[ info ] [ ROUTE ] array (
)
[ info ] [ HEADER ] array (
  'host' => 'www.mall.com',
  'connection' => 'keep-alive',
  'content-length' => '96',
  'cache-control' => 'max-age=0',
  'origin' => 'http://www.mall.com',
  'upgrade-insecure-requests' => '1',
  'content-type' => 'application/x-www-form-urlencoded',
  'user-agent' => 'Mozilla/5.0 (Windows NT 6.1; Win64; x64) AppleWebKit/537.36 (KHTML, like Gecko) Chrome/76.0.3809.87 Safari/537.36',
  'accept' => 'text/html,application/xhtml+xml,application/xml;q=0.9,image/webp,image/apng,*/*;q=0.8,application/signed-exchange;v=b3',
  'referer' => 'http://www.mall.com/admin/rbac/addnode/pid/2/level/3.html',
  'accept-encoding' => 'gzip, deflate',
  'accept-language' => 'zh-CN,zh;q=0.9,en;q=0.8',
  'cookie' => 'thinkphp_show_page_trace=0|0; thinkphp_show_page_trace=0|0; pgv_pvi=2395768832; PHPSESSID=vae89egq8537nalmjhmba9lr26',
)
[ info ] [ PARAM ] array (
  'name' => 'editNode',
  'title' => '节点编辑',
  'status' => '1',
  'is_show' => '1',
  'sort' => '2',
  'level' => '3',
  'pid' => '2',
)
[ info ] [ DB ] INIT mysql
[ info ] [ VIEW ] C:\wamp\www\mall\application\admin\view\common\success.html [ array (
  0 => 'code',
  1 => 'msg',
  2 => 'data',
  3 => 'url',
  4 => 'wait',
) ]
[ error ] [8]Use of undefined constant intval - assumed 'intval'[C:\wamp\www\mall\application\admin\controller\Rbac.php:65]
[ error ] [8]Use of undefined constant intval - assumed 'intval'[C:\wamp\www\mall\application\admin\controller\Rbac.php:67]
[ sql ] [ DB ] CONNECT:[ UseTime:0.010000s ] mysql:host=localhost;dbname=mall;charset=utf8
[ sql ] [ SQL ] SHOW COLUMNS FROM `mall_node` [ RunTime:0.001000s ]
[ sql ] [ SQL ] INSERT INTO `mall_node` (`name` , `title` , `status` , `is_show` , `sort` , `pid` , `level`) VALUES ('editNode' , '节点编辑' , 1 , 1 , 2 , 2 , 3) [ RunTime:0.000000s ]
---------------------------------------------------------------

[2019-12-03T09:31:36+08:00] 127.0.0.1 GET www.mall.com/admin/rbac/addnode/pid/2/level/%7B&url%7D
[运行时间：0.059003s] [吞吐率：16.95req/s] [内存消耗：2,995.16kb] [文件加载：77]
[ info ] [ LANG ] C:\wamp\www\mall\thinkphp\lang\zh-cn.php
[ info ] [ ROUTE ] array (
)
[ info ] [ HEADER ] array (
  'host' => 'www.mall.com',
  'connection' => 'keep-alive',
  'upgrade-insecure-requests' => '1',
  'user-agent' => 'Mozilla/5.0 (Windows NT 6.1; Win64; x64) AppleWebKit/537.36 (KHTML, like Gecko) Chrome/76.0.3809.87 Safari/537.36',
  'accept' => 'text/html,application/xhtml+xml,application/xml;q=0.9,image/webp,image/apng,*/*;q=0.8,application/signed-exchange;v=b3',
  'referer' => 'http://www.mall.com/admin/rbac/addnode/pid/2/level/3.html',
  'accept-encoding' => 'gzip, deflate',
  'accept-language' => 'zh-CN,zh;q=0.9,en;q=0.8',
  'cookie' => 'thinkphp_show_page_trace=0|0; thinkphp_show_page_trace=0|0; pgv_pvi=2395768832; PHPSESSID=vae89egq8537nalmjhmba9lr26',
)
[ info ] [ PARAM ] array (
  'pid' => '2',
  'level' => '{&url}',
)
[ info ] [ VIEW ] C:\wamp\www\mall\application\admin\view\rbac\add_node.html [ array (
  0 => 'level',
  1 => 'pid',
) ]
---------------------------------------------------------------

[2019-12-03T09:31:37+08:00] 127.0.0.1 GET www.mall.com/admin/rbac/node.html
[运行时间：0.063003s] [吞吐率：15.87req/s] [内存消耗：4,363.13kb] [文件加载：84]
[ info ] [ LANG ] C:\wamp\www\mall\thinkphp\lang\zh-cn.php
[ info ] [ ROUTE ] array (
)
[ info ] [ HEADER ] array (
  'host' => 'www.mall.com',
  'connection' => 'keep-alive',
  'upgrade-insecure-requests' => '1',
  'user-agent' => 'Mozilla/5.0 (Windows NT 6.1; Win64; x64) AppleWebKit/537.36 (KHTML, like Gecko) Chrome/76.0.3809.87 Safari/537.36',
  'accept' => 'text/html,application/xhtml+xml,application/xml;q=0.9,image/webp,image/apng,*/*;q=0.8,application/signed-exchange;v=b3',
  'referer' => 'http://www.mall.com/admin/index/index.html',
  'accept-encoding' => 'gzip, deflate',
  'accept-language' => 'zh-CN,zh;q=0.9,en;q=0.8',
  'cookie' => 'thinkphp_show_page_trace=0|0; pgv_pvi=2395768832; PHPSESSID=vae89egq8537nalmjhmba9lr26',
)
[ info ] [ PARAM ] array (
)
[ info ] [ DB ] INIT mysql
[ info ] [ VIEW ] C:\wamp\www\mall\application\admin\view\rbac\node.html [ array (
  0 => 'page_data',
) ]
[ sql ] [ DB ] CONNECT:[ UseTime:0.001000s ] mysql:host=localhost;dbname=mall;charset=utf8
[ sql ] [ SQL ] SHOW COLUMNS FROM `mall_node` [ RunTime:0.001001s ]
[ sql ] [ SQL ] SELECT `id`,`name`,`title`,`pid` FROM `mall_node` ORDER BY `id` ASC [ RunTime:0.000000s ]
---------------------------------------------------------------

[2019-12-03T09:31:42+08:00] 127.0.0.1 GET www.mall.com/admin/rbac/addnode/pid/2/level/3.html
[运行时间：0.048002s] [吞吐率：20.83req/s] [内存消耗：2,995.23kb] [文件加载：77]
[ info ] [ LANG ] C:\wamp\www\mall\thinkphp\lang\zh-cn.php
[ info ] [ ROUTE ] array (
)
[ info ] [ HEADER ] array (
  'host' => 'www.mall.com',
  'connection' => 'keep-alive',
  'upgrade-insecure-requests' => '1',
  'user-agent' => 'Mozilla/5.0 (Windows NT 6.1; Win64; x64) AppleWebKit/537.36 (KHTML, like Gecko) Chrome/76.0.3809.87 Safari/537.36',
  'accept' => 'text/html,application/xhtml+xml,application/xml;q=0.9,image/webp,image/apng,*/*;q=0.8,application/signed-exchange;v=b3',
  'referer' => 'http://www.mall.com/admin/rbac/node.html',
  'accept-encoding' => 'gzip, deflate',
  'accept-language' => 'zh-CN,zh;q=0.9,en;q=0.8',
  'cookie' => 'thinkphp_show_page_trace=0|0; thinkphp_show_page_trace=0|0; pgv_pvi=2395768832; PHPSESSID=vae89egq8537nalmjhmba9lr26',
)
[ info ] [ PARAM ] array (
  'pid' => '2',
  'level' => '3',
)
[ info ] [ VIEW ] C:\wamp\www\mall\application\admin\view\rbac\add_node.html [ array (
  0 => 'level',
  1 => 'pid',
) ]
---------------------------------------------------------------

[2019-12-03T09:31:54+08:00] 127.0.0.1 POST www.mall.com/admin/rbac/addnode/pid/2/level/3.html
[运行时间：0.079004s] [吞吐率：12.66req/s] [内存消耗：4,384.38kb] [文件加载：87]
[ info ] [ LANG ] C:\wamp\www\mall\thinkphp\lang\zh-cn.php
[ info ] [ ROUTE ] array (
)
[ info ] [ HEADER ] array (
  'host' => 'www.mall.com',
  'connection' => 'keep-alive',
  'content-length' => '95',
  'cache-control' => 'max-age=0',
  'origin' => 'http://www.mall.com',
  'upgrade-insecure-requests' => '1',
  'content-type' => 'application/x-www-form-urlencoded',
  'user-agent' => 'Mozilla/5.0 (Windows NT 6.1; Win64; x64) AppleWebKit/537.36 (KHTML, like Gecko) Chrome/76.0.3809.87 Safari/537.36',
  'accept' => 'text/html,application/xhtml+xml,application/xml;q=0.9,image/webp,image/apng,*/*;q=0.8,application/signed-exchange;v=b3',
  'referer' => 'http://www.mall.com/admin/rbac/addnode/pid/2/level/3.html',
  'accept-encoding' => 'gzip, deflate',
  'accept-language' => 'zh-CN,zh;q=0.9,en;q=0.8',
  'cookie' => 'thinkphp_show_page_trace=0|0; thinkphp_show_page_trace=0|0; pgv_pvi=2395768832; PHPSESSID=vae89egq8537nalmjhmba9lr26',
)
[ info ] [ PARAM ] array (
  'name' => 'delNode',
  'title' => '节点删除',
  'status' => '1',
  'is_show' => '1',
  'sort' => '1',
  'level' => '3',
  'pid' => '2',
)
[ info ] [ DB ] INIT mysql
[ info ] [ VIEW ] C:\wamp\www\mall\application\admin\view\common\success.html [ array (
  0 => 'code',
  1 => 'msg',
  2 => 'data',
  3 => 'url',
  4 => 'wait',
) ]
[ error ] [8]Use of undefined constant intval - assumed 'intval'[C:\wamp\www\mall\application\admin\controller\Rbac.php:65]
[ error ] [8]Use of undefined constant intval - assumed 'intval'[C:\wamp\www\mall\application\admin\controller\Rbac.php:67]
[ sql ] [ DB ] CONNECT:[ UseTime:0.011001s ] mysql:host=localhost;dbname=mall;charset=utf8
[ sql ] [ SQL ] SHOW COLUMNS FROM `mall_node` [ RunTime:0.001000s ]
[ sql ] [ SQL ] INSERT INTO `mall_node` (`name` , `title` , `status` , `is_show` , `sort` , `pid` , `level`) VALUES ('delNode' , '节点删除' , 1 , 1 , 1 , 2 , 3) [ RunTime:0.001000s ]
---------------------------------------------------------------

[2019-12-03T09:31:57+08:00] 127.0.0.1 GET www.mall.com/admin/rbac/addnode/pid/2/level/%7B&url%7D
[运行时间：0.056003s] [吞吐率：17.86req/s] [内存消耗：2,995.16kb] [文件加载：77]
[ info ] [ LANG ] C:\wamp\www\mall\thinkphp\lang\zh-cn.php
[ info ] [ ROUTE ] array (
)
[ info ] [ HEADER ] array (
  'host' => 'www.mall.com',
  'connection' => 'keep-alive',
  'upgrade-insecure-requests' => '1',
  'user-agent' => 'Mozilla/5.0 (Windows NT 6.1; Win64; x64) AppleWebKit/537.36 (KHTML, like Gecko) Chrome/76.0.3809.87 Safari/537.36',
  'accept' => 'text/html,application/xhtml+xml,application/xml;q=0.9,image/webp,image/apng,*/*;q=0.8,application/signed-exchange;v=b3',
  'referer' => 'http://www.mall.com/admin/rbac/addnode/pid/2/level/3.html',
  'accept-encoding' => 'gzip, deflate',
  'accept-language' => 'zh-CN,zh;q=0.9,en;q=0.8',
  'cookie' => 'thinkphp_show_page_trace=0|0; thinkphp_show_page_trace=0|0; pgv_pvi=2395768832; PHPSESSID=vae89egq8537nalmjhmba9lr26',
)
[ info ] [ PARAM ] array (
  'pid' => '2',
  'level' => '{&url}',
)
[ info ] [ VIEW ] C:\wamp\www\mall\application\admin\view\rbac\add_node.html [ array (
  0 => 'level',
  1 => 'pid',
) ]
---------------------------------------------------------------

[2019-12-03T09:31:58+08:00] 127.0.0.1 GET www.mall.com/admin/rbac/node.html
[运行时间：0.074004s] [吞吐率：13.51req/s] [内存消耗：4,363.67kb] [文件加载：84]
[ info ] [ LANG ] C:\wamp\www\mall\thinkphp\lang\zh-cn.php
[ info ] [ ROUTE ] array (
)
[ info ] [ HEADER ] array (
  'host' => 'www.mall.com',
  'connection' => 'keep-alive',
  'upgrade-insecure-requests' => '1',
  'user-agent' => 'Mozilla/5.0 (Windows NT 6.1; Win64; x64) AppleWebKit/537.36 (KHTML, like Gecko) Chrome/76.0.3809.87 Safari/537.36',
  'accept' => 'text/html,application/xhtml+xml,application/xml;q=0.9,image/webp,image/apng,*/*;q=0.8,application/signed-exchange;v=b3',
  'referer' => 'http://www.mall.com/admin/index/index.html',
  'accept-encoding' => 'gzip, deflate',
  'accept-language' => 'zh-CN,zh;q=0.9,en;q=0.8',
  'cookie' => 'thinkphp_show_page_trace=0|0; pgv_pvi=2395768832; PHPSESSID=vae89egq8537nalmjhmba9lr26',
)
[ info ] [ PARAM ] array (
)
[ info ] [ DB ] INIT mysql
[ info ] [ VIEW ] C:\wamp\www\mall\application\admin\view\rbac\node.html [ array (
  0 => 'page_data',
) ]
[ sql ] [ DB ] CONNECT:[ UseTime:0.011000s ] mysql:host=localhost;dbname=mall;charset=utf8
[ sql ] [ SQL ] SHOW COLUMNS FROM `mall_node` [ RunTime:0.001001s ]
[ sql ] [ SQL ] SELECT `id`,`name`,`title`,`pid` FROM `mall_node` ORDER BY `id` ASC [ RunTime:0.000000s ]
---------------------------------------------------------------

[2019-12-03T09:32:11+08:00] 127.0.0.1 GET www.mall.com/admin/rbac/editnode/id/4/level/3.html
[运行时间：0.053003s] [吞吐率：18.87req/s] [内存消耗：3,021.02kb] [文件加载：79]
[ info ] [ LANG ] C:\wamp\www\mall\thinkphp\lang\zh-cn.php
[ info ] [ ROUTE ] array (
)
[ info ] [ HEADER ] array (
  'host' => 'www.mall.com',
  'connection' => 'keep-alive',
  'upgrade-insecure-requests' => '1',
  'user-agent' => 'Mozilla/5.0 (Windows NT 6.1; Win64; x64) AppleWebKit/537.36 (KHTML, like Gecko) Chrome/76.0.3809.87 Safari/537.36',
  'accept' => 'text/html,application/xhtml+xml,application/xml;q=0.9,image/webp,image/apng,*/*;q=0.8,application/signed-exchange;v=b3',
  'referer' => 'http://www.mall.com/admin/rbac/node.html',
  'accept-encoding' => 'gzip, deflate',
  'accept-language' => 'zh-CN,zh;q=0.9,en;q=0.8',
  'cookie' => 'thinkphp_show_page_trace=0|0; pgv_pvi=2395768832; PHPSESSID=vae89egq8537nalmjhmba9lr26',
)
[ info ] [ PARAM ] array (
  'id' => '4',
  'level' => '3',
)
---------------------------------------------------------------

[2019-12-03T09:32:12+08:00] 127.0.0.1 GET www.mall.com/admin/rbac/adduser.html
[运行时间：0.056003s] [吞吐率：17.86req/s] [内存消耗：3,020.14kb] [文件加载：79]
[ info ] [ LANG ] C:\wamp\www\mall\thinkphp\lang\zh-cn.php
[ info ] [ ROUTE ] array (
)
[ info ] [ HEADER ] array (
  'host' => 'www.mall.com',
  'connection' => 'keep-alive',
  'upgrade-insecure-requests' => '1',
  'user-agent' => 'Mozilla/5.0 (Windows NT 6.1; Win64; x64) AppleWebKit/537.36 (KHTML, like Gecko) Chrome/76.0.3809.87 Safari/537.36',
  'accept' => 'text/html,application/xhtml+xml,application/xml;q=0.9,image/webp,image/apng,*/*;q=0.8,application/signed-exchange;v=b3',
  'referer' => 'http://www.mall.com/admin/index/index.html',
  'accept-encoding' => 'gzip, deflate',
  'accept-language' => 'zh-CN,zh;q=0.9,en;q=0.8',
  'cookie' => 'thinkphp_show_page_trace=0|0; pgv_pvi=2395768832; PHPSESSID=vae89egq8537nalmjhmba9lr26',
)
[ info ] [ PARAM ] array (
)
---------------------------------------------------------------

[2019-12-03T09:32:13+08:00] 127.0.0.1 GET www.mall.com/admin/rbac/node.html
[运行时间：0.076005s] [吞吐率：13.16req/s] [内存消耗：4,363.67kb] [文件加载：84]
[ info ] [ LANG ] C:\wamp\www\mall\thinkphp\lang\zh-cn.php
[ info ] [ ROUTE ] array (
)
[ info ] [ HEADER ] array (
  'host' => 'www.mall.com',
  'connection' => 'keep-alive',
  'upgrade-insecure-requests' => '1',
  'user-agent' => 'Mozilla/5.0 (Windows NT 6.1; Win64; x64) AppleWebKit/537.36 (KHTML, like Gecko) Chrome/76.0.3809.87 Safari/537.36',
  'accept' => 'text/html,application/xhtml+xml,application/xml;q=0.9,image/webp,image/apng,*/*;q=0.8,application/signed-exchange;v=b3',
  'referer' => 'http://www.mall.com/admin/index/index.html',
  'accept-encoding' => 'gzip, deflate',
  'accept-language' => 'zh-CN,zh;q=0.9,en;q=0.8',
  'cookie' => 'thinkphp_show_page_trace=0|0; pgv_pvi=2395768832; PHPSESSID=vae89egq8537nalmjhmba9lr26',
)
[ info ] [ PARAM ] array (
)
[ info ] [ DB ] INIT mysql
[ info ] [ VIEW ] C:\wamp\www\mall\application\admin\view\rbac\node.html [ array (
  0 => 'page_data',
) ]
[ sql ] [ DB ] CONNECT:[ UseTime:0.011001s ] mysql:host=localhost;dbname=mall;charset=utf8
[ sql ] [ SQL ] SHOW COLUMNS FROM `mall_node` [ RunTime:0.000000s ]
[ sql ] [ SQL ] SELECT `id`,`name`,`title`,`pid` FROM `mall_node` ORDER BY `id` ASC [ RunTime:0.000000s ]
---------------------------------------------------------------

[2019-12-03T09:45:49+08:00] 127.0.0.1 GET www.mall.com/admin/rbac/addnode.html
[运行时间：0.065004s] [吞吐率：15.38req/s] [内存消耗：2,994.31kb] [文件加载：77]
[ info ] [ LANG ] C:\wamp\www\mall\thinkphp\lang\zh-cn.php
[ info ] [ ROUTE ] array (
)
[ info ] [ HEADER ] array (
  'host' => 'www.mall.com',
  'connection' => 'keep-alive',
  'upgrade-insecure-requests' => '1',
  'user-agent' => 'Mozilla/5.0 (Windows NT 6.1; Win64; x64) AppleWebKit/537.36 (KHTML, like Gecko) Chrome/76.0.3809.87 Safari/537.36',
  'accept' => 'text/html,application/xhtml+xml,application/xml;q=0.9,image/webp,image/apng,*/*;q=0.8,application/signed-exchange;v=b3',
  'referer' => 'http://www.mall.com/admin/rbac/node.html',
  'accept-encoding' => 'gzip, deflate',
  'accept-language' => 'zh-CN,zh;q=0.9,en;q=0.8',
  'cookie' => 'thinkphp_show_page_trace=0|0; pgv_pvi=2395768832; PHPSESSID=vae89egq8537nalmjhmba9lr26',
)
[ info ] [ PARAM ] array (
)
[ info ] [ VIEW ] C:\wamp\www\mall\application\admin\view\rbac\add_node.html [ array (
  0 => 'level',
  1 => 'pid',
) ]
---------------------------------------------------------------

[2019-12-03T09:46:18+08:00] 127.0.0.1 POST www.mall.com/admin/rbac/addnode.html
[运行时间：0.063003s] [吞吐率：15.87req/s] [内存消耗：4,383.84kb] [文件加载：87]
[ info ] [ LANG ] C:\wamp\www\mall\thinkphp\lang\zh-cn.php
[ info ] [ ROUTE ] array (
)
[ info ] [ HEADER ] array (
  'host' => 'www.mall.com',
  'connection' => 'keep-alive',
  'content-length' => '97',
  'cache-control' => 'max-age=0',
  'origin' => 'http://www.mall.com',
  'upgrade-insecure-requests' => '1',
  'content-type' => 'application/x-www-form-urlencoded',
  'user-agent' => 'Mozilla/5.0 (Windows NT 6.1; Win64; x64) AppleWebKit/537.36 (KHTML, like Gecko) Chrome/76.0.3809.87 Safari/537.36',
  'accept' => 'text/html,application/xhtml+xml,application/xml;q=0.9,image/webp,image/apng,*/*;q=0.8,application/signed-exchange;v=b3',
  'referer' => 'http://www.mall.com/admin/rbac/addnode.html',
  'accept-encoding' => 'gzip, deflate',
  'accept-language' => 'zh-CN,zh;q=0.9,en;q=0.8',
  'cookie' => 'thinkphp_show_page_trace=0|0; pgv_pvi=2395768832; PHPSESSID=vae89egq8537nalmjhmba9lr26',
)
[ info ] [ PARAM ] array (
  'name' => 'memberMan',
  'title' => '会员管理',
  'status' => '1',
  'is_show' => '1',
  'sort' => '2',
  'level' => '0',
  'pid' => '0',
)
[ info ] [ DB ] INIT mysql
[ info ] [ VIEW ] C:\wamp\www\mall\application\admin\view\common\success.html [ array (
  0 => 'code',
  1 => 'msg',
  2 => 'data',
  3 => 'url',
  4 => 'wait',
) ]
[ error ] [8]Use of undefined constant intval - assumed 'intval'[C:\wamp\www\mall\application\admin\controller\Rbac.php:65]
[ error ] [8]Use of undefined constant intval - assumed 'intval'[C:\wamp\www\mall\application\admin\controller\Rbac.php:67]
[ sql ] [ DB ] CONNECT:[ UseTime:0.001000s ] mysql:host=localhost;dbname=mall;charset=utf8
[ sql ] [ SQL ] SHOW COLUMNS FROM `mall_node` [ RunTime:0.000000s ]
[ sql ] [ SQL ] INSERT INTO `mall_node` (`name` , `title` , `status` , `is_show` , `sort` , `pid` , `level`) VALUES ('memberMan' , '会员管理' , 1 , 1 , 2 , 0 , 0) [ RunTime:0.000000s ]
---------------------------------------------------------------

[2019-12-03T09:46:21+08:00] 127.0.0.1 GET www.mall.com/admin/rbac/%7B&url%7D
[运行时间：0.066004s] [吞吐率：15.15req/s] [内存消耗：3,020.08kb] [文件加载：79]
[ info ] [ LANG ] C:\wamp\www\mall\thinkphp\lang\zh-cn.php
[ info ] [ ROUTE ] array (
)
[ info ] [ HEADER ] array (
  'host' => 'www.mall.com',
  'connection' => 'keep-alive',
  'upgrade-insecure-requests' => '1',
  'user-agent' => 'Mozilla/5.0 (Windows NT 6.1; Win64; x64) AppleWebKit/537.36 (KHTML, like Gecko) Chrome/76.0.3809.87 Safari/537.36',
  'accept' => 'text/html,application/xhtml+xml,application/xml;q=0.9,image/webp,image/apng,*/*;q=0.8,application/signed-exchange;v=b3',
  'referer' => 'http://www.mall.com/admin/rbac/addnode.html',
  'accept-encoding' => 'gzip, deflate',
  'accept-language' => 'zh-CN,zh;q=0.9,en;q=0.8',
  'cookie' => 'thinkphp_show_page_trace=0|0; pgv_pvi=2395768832; PHPSESSID=vae89egq8537nalmjhmba9lr26',
)
[ info ] [ PARAM ] array (
)
---------------------------------------------------------------

[2019-12-03T09:46:23+08:00] 127.0.0.1 GET www.mall.com/admin/rbac/node.html
[运行时间：0.063003s] [吞吐率：15.87req/s] [内存消耗：4,364.22kb] [文件加载：84]
[ info ] [ LANG ] C:\wamp\www\mall\thinkphp\lang\zh-cn.php
[ info ] [ ROUTE ] array (
)
[ info ] [ HEADER ] array (
  'host' => 'www.mall.com',
  'connection' => 'keep-alive',
  'upgrade-insecure-requests' => '1',
  'user-agent' => 'Mozilla/5.0 (Windows NT 6.1; Win64; x64) AppleWebKit/537.36 (KHTML, like Gecko) Chrome/76.0.3809.87 Safari/537.36',
  'accept' => 'text/html,application/xhtml+xml,application/xml;q=0.9,image/webp,image/apng,*/*;q=0.8,application/signed-exchange;v=b3',
  'referer' => 'http://www.mall.com/admin/index/index.html',
  'accept-encoding' => 'gzip, deflate',
  'accept-language' => 'zh-CN,zh;q=0.9,en;q=0.8',
  'cookie' => 'thinkphp_show_page_trace=0|0; pgv_pvi=2395768832; PHPSESSID=vae89egq8537nalmjhmba9lr26',
)
[ info ] [ PARAM ] array (
)
[ info ] [ DB ] INIT mysql
[ info ] [ VIEW ] C:\wamp\www\mall\application\admin\view\rbac\node.html [ array (
  0 => 'page_data',
) ]
[ sql ] [ DB ] CONNECT:[ UseTime:0.001000s ] mysql:host=localhost;dbname=mall;charset=utf8
[ sql ] [ SQL ] SHOW COLUMNS FROM `mall_node` [ RunTime:0.001000s ]
[ sql ] [ SQL ] SELECT `id`,`name`,`title`,`pid` FROM `mall_node` ORDER BY `id` ASC [ RunTime:0.000000s ]
---------------------------------------------------------------

[2019-12-03T09:46:31+08:00] 127.0.0.1 GET www.mall.com/admin/rbac/addnode/pid/6/level/2.html
[运行时间：0.088005s] [吞吐率：11.36req/s] [内存消耗：2,995.18kb] [文件加载：77]
[ info ] [ LANG ] C:\wamp\www\mall\thinkphp\lang\zh-cn.php
[ info ] [ ROUTE ] array (
)
[ info ] [ HEADER ] array (
  'host' => 'www.mall.com',
  'connection' => 'keep-alive',
  'upgrade-insecure-requests' => '1',
  'user-agent' => 'Mozilla/5.0 (Windows NT 6.1; Win64; x64) AppleWebKit/537.36 (KHTML, like Gecko) Chrome/76.0.3809.87 Safari/537.36',
  'accept' => 'text/html,application/xhtml+xml,application/xml;q=0.9,image/webp,image/apng,*/*;q=0.8,application/signed-exchange;v=b3',
  'referer' => 'http://www.mall.com/admin/rbac/node.html',
  'accept-encoding' => 'gzip, deflate',
  'accept-language' => 'zh-CN,zh;q=0.9,en;q=0.8',
  'cookie' => 'thinkphp_show_page_trace=0|0; pgv_pvi=2395768832; PHPSESSID=vae89egq8537nalmjhmba9lr26',
)
[ info ] [ PARAM ] array (
  'pid' => '6',
  'level' => '2',
)
[ info ] [ VIEW ] C:\wamp\www\mall\application\admin\view\rbac\add_node.html [ array (
  0 => 'level',
  1 => 'pid',
) ]
---------------------------------------------------------------

[2019-12-03T09:46:42+08:00] 127.0.0.1 POST www.mall.com/admin/rbac/addnode/pid/6/level/2.html
[运行时间：0.071004s] [吞吐率：14.08req/s] [内存消耗：4,384.39kb] [文件加载：87]
[ info ] [ LANG ] C:\wamp\www\mall\thinkphp\lang\zh-cn.php
[ info ] [ ROUTE ] array (
)
[ info ] [ HEADER ] array (
  'host' => 'www.mall.com',
  'connection' => 'keep-alive',
  'content-length' => '98',
  'cache-control' => 'max-age=0',
  'origin' => 'http://www.mall.com',
  'upgrade-insecure-requests' => '1',
  'content-type' => 'application/x-www-form-urlencoded',
  'user-agent' => 'Mozilla/5.0 (Windows NT 6.1; Win64; x64) AppleWebKit/537.36 (KHTML, like Gecko) Chrome/76.0.3809.87 Safari/537.36',
  'accept' => 'text/html,application/xhtml+xml,application/xml;q=0.9,image/webp,image/apng,*/*;q=0.8,application/signed-exchange;v=b3',
  'referer' => 'http://www.mall.com/admin/rbac/addnode/pid/6/level/2.html',
  'accept-encoding' => 'gzip, deflate',
  'accept-language' => 'zh-CN,zh;q=0.9,en;q=0.8',
  'cookie' => 'thinkphp_show_page_trace=0|0; thinkphp_show_page_trace=0|0; pgv_pvi=2395768832; PHPSESSID=vae89egq8537nalmjhmba9lr26',
)
[ info ] [ PARAM ] array (
  'name' => 'memberList',
  'title' => '会员列表',
  'status' => '1',
  'is_show' => '1',
  'sort' => '1',
  'level' => '2',
  'pid' => '6',
)
[ info ] [ DB ] INIT mysql
[ info ] [ VIEW ] C:\wamp\www\mall\application\admin\view\common\success.html [ array (
  0 => 'code',
  1 => 'msg',
  2 => 'data',
  3 => 'url',
  4 => 'wait',
) ]
[ error ] [8]Use of undefined constant intval - assumed 'intval'[C:\wamp\www\mall\application\admin\controller\Rbac.php:65]
[ error ] [8]Use of undefined constant intval - assumed 'intval'[C:\wamp\www\mall\application\admin\controller\Rbac.php:67]
[ sql ] [ DB ] CONNECT:[ UseTime:0.010001s ] mysql:host=localhost;dbname=mall;charset=utf8
[ sql ] [ SQL ] SHOW COLUMNS FROM `mall_node` [ RunTime:0.000000s ]
[ sql ] [ SQL ] INSERT INTO `mall_node` (`name` , `title` , `status` , `is_show` , `sort` , `pid` , `level`) VALUES ('memberList' , '会员列表' , 1 , 1 , 1 , 6 , 2) [ RunTime:0.000000s ]
---------------------------------------------------------------

[2019-12-03T09:46:45+08:00] 127.0.0.1 GET www.mall.com/admin/rbac/addnode/pid/6/level/%7B&url%7D
[运行时间：0.051003s] [吞吐率：19.61req/s] [内存消耗：2,995.16kb] [文件加载：77]
[ info ] [ LANG ] C:\wamp\www\mall\thinkphp\lang\zh-cn.php
[ info ] [ ROUTE ] array (
)
[ info ] [ HEADER ] array (
  'host' => 'www.mall.com',
  'connection' => 'keep-alive',
  'upgrade-insecure-requests' => '1',
  'user-agent' => 'Mozilla/5.0 (Windows NT 6.1; Win64; x64) AppleWebKit/537.36 (KHTML, like Gecko) Chrome/76.0.3809.87 Safari/537.36',
  'accept' => 'text/html,application/xhtml+xml,application/xml;q=0.9,image/webp,image/apng,*/*;q=0.8,application/signed-exchange;v=b3',
  'referer' => 'http://www.mall.com/admin/rbac/addnode/pid/6/level/2.html',
  'accept-encoding' => 'gzip, deflate',
  'accept-language' => 'zh-CN,zh;q=0.9,en;q=0.8',
  'cookie' => 'thinkphp_show_page_trace=0|0; thinkphp_show_page_trace=0|0; pgv_pvi=2395768832; PHPSESSID=vae89egq8537nalmjhmba9lr26',
)
[ info ] [ PARAM ] array (
  'pid' => '6',
  'level' => '{&url}',
)
[ info ] [ VIEW ] C:\wamp\www\mall\application\admin\view\rbac\add_node.html [ array (
  0 => 'level',
  1 => 'pid',
) ]
---------------------------------------------------------------

[2019-12-03T09:46:47+08:00] 127.0.0.1 GET www.mall.com/admin/rbac/node.html
[运行时间：0.066004s] [吞吐率：15.15req/s] [内存消耗：4,365.13kb] [文件加载：84]
[ info ] [ LANG ] C:\wamp\www\mall\thinkphp\lang\zh-cn.php
[ info ] [ ROUTE ] array (
)
[ info ] [ HEADER ] array (
  'host' => 'www.mall.com',
  'connection' => 'keep-alive',
  'upgrade-insecure-requests' => '1',
  'user-agent' => 'Mozilla/5.0 (Windows NT 6.1; Win64; x64) AppleWebKit/537.36 (KHTML, like Gecko) Chrome/76.0.3809.87 Safari/537.36',
  'accept' => 'text/html,application/xhtml+xml,application/xml;q=0.9,image/webp,image/apng,*/*;q=0.8,application/signed-exchange;v=b3',
  'referer' => 'http://www.mall.com/admin/index/index.html',
  'accept-encoding' => 'gzip, deflate',
  'accept-language' => 'zh-CN,zh;q=0.9,en;q=0.8',
  'cookie' => 'thinkphp_show_page_trace=0|0; pgv_pvi=2395768832; PHPSESSID=vae89egq8537nalmjhmba9lr26',
)
[ info ] [ PARAM ] array (
)
[ info ] [ DB ] INIT mysql
[ info ] [ VIEW ] C:\wamp\www\mall\application\admin\view\rbac\node.html [ array (
  0 => 'page_data',
) ]
[ sql ] [ DB ] CONNECT:[ UseTime:0.001000s ] mysql:host=localhost;dbname=mall;charset=utf8
[ sql ] [ SQL ] SHOW COLUMNS FROM `mall_node` [ RunTime:0.000000s ]
[ sql ] [ SQL ] SELECT `id`,`name`,`title`,`pid` FROM `mall_node` ORDER BY `id` ASC [ RunTime:0.000000s ]
---------------------------------------------------------------

[2019-12-03T09:46:52+08:00] 127.0.0.1 GET www.mall.com/admin/rbac/addnode/pid/6/level/2.html
[运行时间：0.058003s] [吞吐率：17.24req/s] [内存消耗：2,995.23kb] [文件加载：77]
[ info ] [ LANG ] C:\wamp\www\mall\thinkphp\lang\zh-cn.php
[ info ] [ ROUTE ] array (
)
[ info ] [ HEADER ] array (
  'host' => 'www.mall.com',
  'connection' => 'keep-alive',
  'upgrade-insecure-requests' => '1',
  'user-agent' => 'Mozilla/5.0 (Windows NT 6.1; Win64; x64) AppleWebKit/537.36 (KHTML, like Gecko) Chrome/76.0.3809.87 Safari/537.36',
  'accept' => 'text/html,application/xhtml+xml,application/xml;q=0.9,image/webp,image/apng,*/*;q=0.8,application/signed-exchange;v=b3',
  'referer' => 'http://www.mall.com/admin/rbac/node.html',
  'accept-encoding' => 'gzip, deflate',
  'accept-language' => 'zh-CN,zh;q=0.9,en;q=0.8',
  'cookie' => 'thinkphp_show_page_trace=0|0; thinkphp_show_page_trace=0|0; pgv_pvi=2395768832; PHPSESSID=vae89egq8537nalmjhmba9lr26',
)
[ info ] [ PARAM ] array (
  'pid' => '6',
  'level' => '2',
)
[ info ] [ VIEW ] C:\wamp\www\mall\application\admin\view\rbac\add_node.html [ array (
  0 => 'level',
  1 => 'pid',
) ]
---------------------------------------------------------------

[2019-12-03T09:47:10+08:00] 127.0.0.1 POST www.mall.com/admin/rbac/addnode/pid/6/level/2.html
[运行时间：0.080004s] [吞吐率：12.50req/s] [内存消耗：4,384.39kb] [文件加载：87]
[ info ] [ LANG ] C:\wamp\www\mall\thinkphp\lang\zh-cn.php
[ info ] [ ROUTE ] array (
)
[ info ] [ HEADER ] array (
  'host' => 'www.mall.com',
  'connection' => 'keep-alive',
  'content-length' => '97',
  'cache-control' => 'max-age=0',
  'origin' => 'http://www.mall.com',
  'upgrade-insecure-requests' => '1',
  'content-type' => 'application/x-www-form-urlencoded',
  'user-agent' => 'Mozilla/5.0 (Windows NT 6.1; Win64; x64) AppleWebKit/537.36 (KHTML, like Gecko) Chrome/76.0.3809.87 Safari/537.36',
  'accept' => 'text/html,application/xhtml+xml,application/xml;q=0.9,image/webp,image/apng,*/*;q=0.8,application/signed-exchange;v=b3',
  'referer' => 'http://www.mall.com/admin/rbac/addnode/pid/6/level/2.html',
  'accept-encoding' => 'gzip, deflate',
  'accept-language' => 'zh-CN,zh;q=0.9,en;q=0.8',
  'cookie' => 'thinkphp_show_page_trace=0|0; thinkphp_show_page_trace=0|0; pgv_pvi=2395768832; PHPSESSID=vae89egq8537nalmjhmba9lr26',
)
[ info ] [ PARAM ] array (
  'name' => 'memberLev',
  'title' => '会员等级',
  'status' => '1',
  'is_show' => '1',
  'sort' => '2',
  'level' => '2',
  'pid' => '6',
)
[ info ] [ DB ] INIT mysql
[ info ] [ VIEW ] C:\wamp\www\mall\application\admin\view\common\success.html [ array (
  0 => 'code',
  1 => 'msg',
  2 => 'data',
  3 => 'url',
  4 => 'wait',
) ]
[ error ] [8]Use of undefined constant intval - assumed 'intval'[C:\wamp\www\mall\application\admin\controller\Rbac.php:65]
[ error ] [8]Use of undefined constant intval - assumed 'intval'[C:\wamp\www\mall\application\admin\controller\Rbac.php:67]
[ sql ] [ DB ] CONNECT:[ UseTime:0.010001s ] mysql:host=localhost;dbname=mall;charset=utf8
[ sql ] [ SQL ] SHOW COLUMNS FROM `mall_node` [ RunTime:0.001000s ]
[ sql ] [ SQL ] INSERT INTO `mall_node` (`name` , `title` , `status` , `is_show` , `sort` , `pid` , `level`) VALUES ('memberLev' , '会员等级' , 1 , 1 , 2 , 6 , 2) [ RunTime:0.000000s ]
---------------------------------------------------------------

[2019-12-03T09:47:13+08:00] 127.0.0.1 GET www.mall.com/admin/rbac/addnode/pid/6/level/%7B&url%7D
[运行时间：0.051003s] [吞吐率：19.61req/s] [内存消耗：2,995.16kb] [文件加载：77]
[ info ] [ LANG ] C:\wamp\www\mall\thinkphp\lang\zh-cn.php
[ info ] [ ROUTE ] array (
)
[ info ] [ HEADER ] array (
  'host' => 'www.mall.com',
  'connection' => 'keep-alive',
  'upgrade-insecure-requests' => '1',
  'user-agent' => 'Mozilla/5.0 (Windows NT 6.1; Win64; x64) AppleWebKit/537.36 (KHTML, like Gecko) Chrome/76.0.3809.87 Safari/537.36',
  'accept' => 'text/html,application/xhtml+xml,application/xml;q=0.9,image/webp,image/apng,*/*;q=0.8,application/signed-exchange;v=b3',
  'referer' => 'http://www.mall.com/admin/rbac/addnode/pid/6/level/2.html',
  'accept-encoding' => 'gzip, deflate',
  'accept-language' => 'zh-CN,zh;q=0.9,en;q=0.8',
  'cookie' => 'thinkphp_show_page_trace=0|0; thinkphp_show_page_trace=0|0; pgv_pvi=2395768832; PHPSESSID=vae89egq8537nalmjhmba9lr26',
)
[ info ] [ PARAM ] array (
  'pid' => '6',
  'level' => '{&url}',
)
[ info ] [ VIEW ] C:\wamp\www\mall\application\admin\view\rbac\add_node.html [ array (
  0 => 'level',
  1 => 'pid',
) ]
---------------------------------------------------------------

[2019-12-03T09:47:14+08:00] 127.0.0.1 GET www.mall.com/admin/rbac/node.html
[运行时间：0.079004s] [吞吐率：12.66req/s] [内存消耗：4,365.75kb] [文件加载：84]
[ info ] [ LANG ] C:\wamp\www\mall\thinkphp\lang\zh-cn.php
[ info ] [ ROUTE ] array (
)
[ info ] [ HEADER ] array (
  'host' => 'www.mall.com',
  'connection' => 'keep-alive',
  'upgrade-insecure-requests' => '1',
  'user-agent' => 'Mozilla/5.0 (Windows NT 6.1; Win64; x64) AppleWebKit/537.36 (KHTML, like Gecko) Chrome/76.0.3809.87 Safari/537.36',
  'accept' => 'text/html,application/xhtml+xml,application/xml;q=0.9,image/webp,image/apng,*/*;q=0.8,application/signed-exchange;v=b3',
  'referer' => 'http://www.mall.com/admin/index/index.html',
  'accept-encoding' => 'gzip, deflate',
  'accept-language' => 'zh-CN,zh;q=0.9,en;q=0.8',
  'cookie' => 'thinkphp_show_page_trace=0|0; pgv_pvi=2395768832; PHPSESSID=vae89egq8537nalmjhmba9lr26',
)
[ info ] [ PARAM ] array (
)
[ info ] [ DB ] INIT mysql
[ info ] [ VIEW ] C:\wamp\www\mall\application\admin\view\rbac\node.html [ array (
  0 => 'page_data',
) ]
[ sql ] [ DB ] CONNECT:[ UseTime:0.001000s ] mysql:host=localhost;dbname=mall;charset=utf8
[ sql ] [ SQL ] SHOW COLUMNS FROM `mall_node` [ RunTime:0.001000s ]
[ sql ] [ SQL ] SELECT `id`,`name`,`title`,`pid` FROM `mall_node` ORDER BY `id` ASC [ RunTime:0.000000s ]
---------------------------------------------------------------

[2019-12-03T10:11:03+08:00] 127.0.0.1 GET www.mall.com/admin/rbac/addnode.html
[运行时间：0.057004s] [吞吐率：17.54req/s] [内存消耗：2,581.16kb] [文件加载：71]
[ info ] [ LANG ] C:\wamp\www\mall\thinkphp\lang\zh-cn.php
[ info ] [ ROUTE ] array (
)
[ info ] [ HEADER ] array (
  'host' => 'www.mall.com',
  'connection' => 'keep-alive',
  'upgrade-insecure-requests' => '1',
  'user-agent' => 'Mozilla/5.0 (Windows NT 6.1; Win64; x64) AppleWebKit/537.36 (KHTML, like Gecko) Chrome/76.0.3809.87 Safari/537.36',
  'accept' => 'text/html,application/xhtml+xml,application/xml;q=0.9,image/webp,image/apng,*/*;q=0.8,application/signed-exchange;v=b3',
  'referer' => 'http://www.mall.com/admin/index/index.html',
  'accept-encoding' => 'gzip, deflate',
  'accept-language' => 'zh-CN,zh;q=0.9,en;q=0.8',
  'cookie' => 'thinkphp_show_page_trace=0|0; pgv_pvi=2395768832',
)
[ info ] [ PARAM ] array (
)
[ info ] [ VIEW ] C:\wamp\www\mall\application\admin\view\common\error.html [ array (
  0 => 'code',
  1 => 'msg',
  2 => 'data',
  3 => 'url',
  4 => 'wait',
) ]
---------------------------------------------------------------

[2019-12-03T10:11:06+08:00] 127.0.0.1 GET www.mall.com/admin/login/index.html
[运行时间：0.054003s] [吞吐率：18.52req/s] [内存消耗：3,067.47kb] [文件加载：78]
[ info ] [ LANG ] C:\wamp\www\mall\thinkphp\lang\zh-cn.php
[ info ] [ ROUTE ] array (
)
[ info ] [ HEADER ] array (
  'host' => 'www.mall.com',
  'connection' => 'keep-alive',
  'upgrade-insecure-requests' => '1',
  'user-agent' => 'Mozilla/5.0 (Windows NT 6.1; Win64; x64) AppleWebKit/537.36 (KHTML, like Gecko) Chrome/76.0.3809.87 Safari/537.36',
  'accept' => 'text/html,application/xhtml+xml,application/xml;q=0.9,image/webp,image/apng,*/*;q=0.8,application/signed-exchange;v=b3',
  'referer' => 'http://www.mall.com/admin/rbac/addnode.html',
  'accept-encoding' => 'gzip, deflate',
  'accept-language' => 'zh-CN,zh;q=0.9,en;q=0.8',
  'cookie' => 'thinkphp_show_page_trace=0|0; pgv_pvi=2395768832; PHPSESSID=po3br6n583md1vq7m6q2dkaoju',
)
[ info ] [ PARAM ] array (
)
[ info ] [ VIEW ] C:\wamp\www\mall\application\admin\view\login\index.html [ array (
) ]
---------------------------------------------------------------

[2019-12-03T10:11:06+08:00] 127.0.0.1 GET www.mall.com/admin/login/verify.html
[运行时间：0.059003s] [吞吐率：16.95req/s] [内存消耗：3,025.34kb] [文件加载：74]
[ info ] [ LANG ] C:\wamp\www\mall\thinkphp\lang\zh-cn.php
[ info ] [ ROUTE ] array (
)
[ info ] [ HEADER ] array (
  'host' => 'www.mall.com',
  'connection' => 'keep-alive',
  'user-agent' => 'Mozilla/5.0 (Windows NT 6.1; Win64; x64) AppleWebKit/537.36 (KHTML, like Gecko) Chrome/76.0.3809.87 Safari/537.36',
  'accept' => 'image/webp,image/apng,image/*,*/*;q=0.8',
  'referer' => 'http://www.mall.com/admin/login/index.html',
  'accept-encoding' => 'gzip, deflate',
  'accept-language' => 'zh-CN,zh;q=0.9,en;q=0.8',
  'cookie' => 'thinkphp_show_page_trace=0|0; pgv_pvi=2395768832; PHPSESSID=po3br6n583md1vq7m6q2dkaoju',
)
[ info ] [ PARAM ] array (
)
---------------------------------------------------------------

[2019-12-03T10:11:11+08:00] 127.0.0.1 POST www.mall.com/admin/login/login.html
[运行时间：0.059004s] [吞吐率：16.95req/s] [内存消耗：4,282.87kb] [文件加载：80]
[ info ] [ LANG ] C:\wamp\www\mall\thinkphp\lang\zh-cn.php
[ info ] [ ROUTE ] array (
)
[ info ] [ HEADER ] array (
  'host' => 'www.mall.com',
  'connection' => 'keep-alive',
  'content-length' => '40',
  'accept' => 'application/json, text/javascript, */*; q=0.01',
  'origin' => 'http://www.mall.com',
  'x-requested-with' => 'XMLHttpRequest',
  'user-agent' => 'Mozilla/5.0 (Windows NT 6.1; Win64; x64) AppleWebKit/537.36 (KHTML, like Gecko) Chrome/76.0.3809.87 Safari/537.36',
  'content-type' => 'application/x-www-form-urlencoded; charset=UTF-8',
  'referer' => 'http://www.mall.com/admin/login/index.html',
  'accept-encoding' => 'gzip, deflate',
  'accept-language' => 'zh-CN,zh;q=0.9,en;q=0.8',
  'cookie' => 'thinkphp_show_page_trace=0|0; pgv_pvi=2395768832; PHPSESSID=po3br6n583md1vq7m6q2dkaoju',
)
[ info ] [ PARAM ] array (
  'username' => 'admin',
  'password' => '123456',
  'code' => 'kgjq',
)
[ info ] [ DB ] INIT mysql
[ sql ] [ DB ] CONNECT:[ UseTime:0.001000s ] mysql:host=localhost;dbname=mall;charset=utf8
[ sql ] [ SQL ] SHOW COLUMNS FROM `mall_admin` [ RunTime:0.001000s ]
[ sql ] [ SQL ] SELECT * FROM `mall_admin` WHERE  `username` = 'admin' LIMIT 1 [ RunTime:0.000000s ]
[ sql ] [ SQL ] UPDATE `mall_admin`  SET `login_time` = 1575339071 , `login_ip` = '127.0.0.1'  WHERE  `admin_id` = 1 [ RunTime:0.000000s ]
---------------------------------------------------------------

[2019-12-03T10:11:12+08:00] 127.0.0.1 GET www.mall.com/admin/index/index.html
[运行时间：0.066004s] [吞吐率：15.15req/s] [内存消耗：2,592.27kb] [文件加载：71]
[ info ] [ LANG ] C:\wamp\www\mall\thinkphp\lang\zh-cn.php
[ info ] [ ROUTE ] array (
)
[ info ] [ HEADER ] array (
  'host' => 'www.mall.com',
  'connection' => 'keep-alive',
  'upgrade-insecure-requests' => '1',
  'user-agent' => 'Mozilla/5.0 (Windows NT 6.1; Win64; x64) AppleWebKit/537.36 (KHTML, like Gecko) Chrome/76.0.3809.87 Safari/537.36',
  'accept' => 'text/html,application/xhtml+xml,application/xml;q=0.9,image/webp,image/apng,*/*;q=0.8,application/signed-exchange;v=b3',
  'referer' => 'http://www.mall.com/admin/login/index.html',
  'accept-encoding' => 'gzip, deflate',
  'accept-language' => 'zh-CN,zh;q=0.9,en;q=0.8',
  'cookie' => 'ace.settings=%7B%22navbar-fixed%22%3A1%2C%22main-container-fixed%22%3A-1%2C%22sidebar-fixed%22%3A1%2C%22sidebar-collapsed%22%3A-1%7D; thinkphp_show_page_trace=0|0; pgv_pvi=2395768832; PHPSESSID=po3br6n583md1vq7m6q2dkaoju',
)
[ info ] [ PARAM ] array (
)
[ info ] [ VIEW ] C:\wamp\www\mall\application\admin\view\index\index.html [ array (
) ]
---------------------------------------------------------------

[2019-12-03T10:11:12+08:00] 127.0.0.1 GET www.mall.com/admin/index/copy.html
[运行时间：0.047003s] [吞吐率：21.28req/s] [内存消耗：2,497.77kb] [文件加载：69]
[ info ] [ LANG ] C:\wamp\www\mall\thinkphp\lang\zh-cn.php
[ info ] [ ROUTE ] array (
)
[ info ] [ HEADER ] array (
  'host' => 'www.mall.com',
  'connection' => 'keep-alive',
  'upgrade-insecure-requests' => '1',
  'user-agent' => 'Mozilla/5.0 (Windows NT 6.1; Win64; x64) AppleWebKit/537.36 (KHTML, like Gecko) Chrome/76.0.3809.87 Safari/537.36',
  'accept' => 'text/html,application/xhtml+xml,application/xml;q=0.9,image/webp,image/apng,*/*;q=0.8,application/signed-exchange;v=b3',
  'referer' => 'http://www.mall.com/admin/index/index.html',
  'accept-encoding' => 'gzip, deflate',
  'accept-language' => 'zh-CN,zh;q=0.9,en;q=0.8',
  'cookie' => 'ace.settings=%7B%22navbar-fixed%22%3A1%2C%22main-container-fixed%22%3A-1%2C%22sidebar-fixed%22%3A1%2C%22sidebar-collapsed%22%3A-1%7D; thinkphp_show_page_trace=0|0; pgv_pvi=2395768832; PHPSESSID=po3br6n583md1vq7m6q2dkaoju',
)
[ info ] [ PARAM ] array (
)
[ info ] [ VIEW ] C:\wamp\www\mall\application\admin\view\index\copy.html [ array (
) ]
---------------------------------------------------------------

[2019-12-03T10:11:13+08:00] 127.0.0.1 GET www.mall.com/admin/index/index.html
[运行时间：0.039002s] [吞吐率：25.64req/s] [内存消耗：2,592.59kb] [文件加载：71]
[ info ] [ LANG ] C:\wamp\www\mall\thinkphp\lang\zh-cn.php
[ info ] [ ROUTE ] array (
)
[ info ] [ HEADER ] array (
  'host' => 'www.mall.com',
  'connection' => 'keep-alive',
  'cache-control' => 'max-age=0',
  'upgrade-insecure-requests' => '1',
  'user-agent' => 'Mozilla/5.0 (Windows NT 6.1; Win64; x64) AppleWebKit/537.36 (KHTML, like Gecko) Chrome/76.0.3809.87 Safari/537.36',
  'accept' => 'text/html,application/xhtml+xml,application/xml;q=0.9,image/webp,image/apng,*/*;q=0.8,application/signed-exchange;v=b3',
  'referer' => 'http://www.mall.com/admin/login/index.html',
  'accept-encoding' => 'gzip, deflate',
  'accept-language' => 'zh-CN,zh;q=0.9,en;q=0.8',
  'cookie' => 'ace.settings=%7B%22navbar-fixed%22%3A1%2C%22main-container-fixed%22%3A-1%2C%22sidebar-fixed%22%3A1%2C%22sidebar-collapsed%22%3A-1%7D; thinkphp_show_page_trace=0|0; pgv_pvi=2395768832; PHPSESSID=po3br6n583md1vq7m6q2dkaoju',
)
[ info ] [ PARAM ] array (
)
[ info ] [ VIEW ] C:\wamp\www\mall\application\admin\view\index\index.html [ array (
) ]
---------------------------------------------------------------

[2019-12-03T10:11:13+08:00] 127.0.0.1 GET www.mall.com/admin/index/copy.html
[运行时间：0.039002s] [吞吐率：25.64req/s] [内存消耗：2,497.77kb] [文件加载：69]
[ info ] [ LANG ] C:\wamp\www\mall\thinkphp\lang\zh-cn.php
[ info ] [ ROUTE ] array (
)
[ info ] [ HEADER ] array (
  'host' => 'www.mall.com',
  'connection' => 'keep-alive',
  'upgrade-insecure-requests' => '1',
  'user-agent' => 'Mozilla/5.0 (Windows NT 6.1; Win64; x64) AppleWebKit/537.36 (KHTML, like Gecko) Chrome/76.0.3809.87 Safari/537.36',
  'accept' => 'text/html,application/xhtml+xml,application/xml;q=0.9,image/webp,image/apng,*/*;q=0.8,application/signed-exchange;v=b3',
  'referer' => 'http://www.mall.com/admin/index/index.html',
  'accept-encoding' => 'gzip, deflate',
  'accept-language' => 'zh-CN,zh;q=0.9,en;q=0.8',
  'cookie' => 'ace.settings=%7B%22navbar-fixed%22%3A1%2C%22main-container-fixed%22%3A-1%2C%22sidebar-fixed%22%3A1%2C%22sidebar-collapsed%22%3A-1%7D; thinkphp_show_page_trace=0|0; pgv_pvi=2395768832; PHPSESSID=po3br6n583md1vq7m6q2dkaoju',
)
[ info ] [ PARAM ] array (
)
[ info ] [ VIEW ] C:\wamp\www\mall\application\admin\view\index\copy.html [ array (
) ]
---------------------------------------------------------------

[2019-12-03T14:38:40+08:00] 127.0.0.1 GET www.mall.com/admin/index/index
[运行时间：0.069004s] [吞吐率：14.49req/s] [内存消耗：2,567.32kb] [文件加载：71]
[ info ] [ LANG ] C:\wamp\www\mall\thinkphp\lang\zh-cn.php
[ info ] [ ROUTE ] array (
)
[ info ] [ HEADER ] array (
  'host' => 'www.mall.com',
  'user-agent' => 'Mozilla/5.0 (Windows NT 6.1; Win64; x64; rv:70.0) Gecko/20100101 Firefox/70.0',
  'accept' => 'text/html,application/xhtml+xml,application/xml;q=0.9,*/*;q=0.8',
  'accept-language' => 'zh-CN,zh;q=0.8,zh-TW;q=0.7,zh-HK;q=0.5,en-US;q=0.3,en;q=0.2',
  'accept-encoding' => 'gzip, deflate',
  'connection' => 'keep-alive',
  'cookie' => 'pgv_pvi=1350569984',
  'upgrade-insecure-requests' => '1',
)
[ info ] [ PARAM ] array (
)
[ info ] [ VIEW ] C:\wamp\www\mall\application\admin\view\common\error.html [ array (
  0 => 'code',
  1 => 'msg',
  2 => 'data',
  3 => 'url',
  4 => 'wait',
) ]
---------------------------------------------------------------

[2019-12-03T14:38:43+08:00] 127.0.0.1 GET www.mall.com/admin/login/index.html
[运行时间：0.056003s] [吞吐率：17.86req/s] [内存消耗：3,067.13kb] [文件加载：78]
[ info ] [ LANG ] C:\wamp\www\mall\thinkphp\lang\zh-cn.php
[ info ] [ ROUTE ] array (
)
[ info ] [ HEADER ] array (
  'host' => 'www.mall.com',
  'user-agent' => 'Mozilla/5.0 (Windows NT 6.1; Win64; x64; rv:70.0) Gecko/20100101 Firefox/70.0',
  'accept' => 'text/html,application/xhtml+xml,application/xml;q=0.9,*/*;q=0.8',
  'accept-language' => 'zh-CN,zh;q=0.8,zh-TW;q=0.7,zh-HK;q=0.5,en-US;q=0.3,en;q=0.2',
  'accept-encoding' => 'gzip, deflate',
  'connection' => 'keep-alive',
  'referer' => 'http://www.mall.com/admin/index/index',
  'cookie' => 'pgv_pvi=1350569984; PHPSESSID=vnfhf6pll1rr1j8c8n6kntjgn4',
  'upgrade-insecure-requests' => '1',
)
[ info ] [ PARAM ] array (
)
[ info ] [ VIEW ] C:\wamp\www\mall\application\admin\view\login\index.html [ array (
) ]
---------------------------------------------------------------

[2019-12-03T14:38:43+08:00] 127.0.0.1 GET www.mall.com/admin/login/verify.html
[运行时间：0.081005s] [吞吐率：12.34req/s] [内存消耗：3,024.92kb] [文件加载：74]
[ info ] [ LANG ] C:\wamp\www\mall\thinkphp\lang\zh-cn.php
[ info ] [ ROUTE ] array (
)
[ info ] [ HEADER ] array (
  'host' => 'www.mall.com',
  'user-agent' => 'Mozilla/5.0 (Windows NT 6.1; Win64; x64; rv:70.0) Gecko/20100101 Firefox/70.0',
  'accept' => 'image/webp,*/*',
  'accept-language' => 'zh-CN,zh;q=0.8,zh-TW;q=0.7,zh-HK;q=0.5,en-US;q=0.3,en;q=0.2',
  'accept-encoding' => 'gzip, deflate',
  'connection' => 'keep-alive',
  'referer' => 'http://www.mall.com/admin/login/index.html',
  'cookie' => 'pgv_pvi=1350569984; PHPSESSID=vnfhf6pll1rr1j8c8n6kntjgn4',
)
[ info ] [ PARAM ] array (
)
---------------------------------------------------------------

[2019-12-03T14:38:56+08:00] 127.0.0.1 POST www.mall.com/admin/login/login.html
[运行时间：0.069004s] [吞吐率：14.49req/s] [内存消耗：4,282.87kb] [文件加载：80]
[ info ] [ LANG ] C:\wamp\www\mall\thinkphp\lang\zh-cn.php
[ info ] [ ROUTE ] array (
)
[ info ] [ HEADER ] array (
  'host' => 'www.mall.com',
  'user-agent' => 'Mozilla/5.0 (Windows NT 6.1; Win64; x64; rv:70.0) Gecko/20100101 Firefox/70.0',
  'accept' => 'application/json, text/javascript, */*; q=0.01',
  'accept-language' => 'zh-CN,zh;q=0.8,zh-TW;q=0.7,zh-HK;q=0.5,en-US;q=0.3,en;q=0.2',
  'accept-encoding' => 'gzip, deflate',
  'content-type' => 'application/x-www-form-urlencoded; charset=UTF-8',
  'x-requested-with' => 'XMLHttpRequest',
  'content-length' => '40',
  'origin' => 'http://www.mall.com',
  'connection' => 'keep-alive',
  'referer' => 'http://www.mall.com/admin/login/index.html',
  'cookie' => 'thinkphp_show_page_trace=0|0; pgv_pvi=1350569984; PHPSESSID=vnfhf6pll1rr1j8c8n6kntjgn4',
)
[ info ] [ PARAM ] array (
  'username' => 'admin',
  'password' => '123456',
  'code' => 'z5mm',
)
[ info ] [ DB ] INIT mysql
[ sql ] [ DB ] CONNECT:[ UseTime:0.011001s ] mysql:host=localhost;dbname=mall;charset=utf8
[ sql ] [ SQL ] SHOW COLUMNS FROM `mall_admin` [ RunTime:0.001000s ]
[ sql ] [ SQL ] SELECT * FROM `mall_admin` WHERE  `username` = 'admin' LIMIT 1 [ RunTime:0.001000s ]
[ sql ] [ SQL ] UPDATE `mall_admin`  SET `login_time` = 1575355136 , `login_ip` = '127.0.0.1'  WHERE  `admin_id` = 1 [ RunTime:0.001000s ]
---------------------------------------------------------------

[2019-12-03T14:38:57+08:00] 127.0.0.1 GET www.mall.com/admin/index/index.html
[运行时间：0.040003s] [吞吐率：25.00req/s] [内存消耗：2,591.44kb] [文件加载：71]
[ info ] [ LANG ] C:\wamp\www\mall\thinkphp\lang\zh-cn.php
[ info ] [ ROUTE ] array (
)
[ info ] [ HEADER ] array (
  'host' => 'www.mall.com',
  'user-agent' => 'Mozilla/5.0 (Windows NT 6.1; Win64; x64; rv:70.0) Gecko/20100101 Firefox/70.0',
  'accept' => 'text/html,application/xhtml+xml,application/xml;q=0.9,*/*;q=0.8',
  'accept-language' => 'zh-CN,zh;q=0.8,zh-TW;q=0.7,zh-HK;q=0.5,en-US;q=0.3,en;q=0.2',
  'accept-encoding' => 'gzip, deflate',
  'connection' => 'keep-alive',
  'referer' => 'http://www.mall.com/admin/login/index.html',
  'cookie' => 'thinkphp_show_page_trace=0|0; pgv_pvi=1350569984; PHPSESSID=vnfhf6pll1rr1j8c8n6kntjgn4',
  'upgrade-insecure-requests' => '1',
)
[ info ] [ PARAM ] array (
)
[ info ] [ VIEW ] C:\wamp\www\mall\application\admin\view\index\index.html [ array (
) ]
---------------------------------------------------------------

[2019-12-03T14:38:57+08:00] 127.0.0.1 GET www.mall.com/admin/index/copy.html
[运行时间：0.067004s] [吞吐率：14.92req/s] [内存消耗：2,496.94kb] [文件加载：69]
[ info ] [ LANG ] C:\wamp\www\mall\thinkphp\lang\zh-cn.php
[ info ] [ ROUTE ] array (
)
[ info ] [ HEADER ] array (
  'host' => 'www.mall.com',
  'user-agent' => 'Mozilla/5.0 (Windows NT 6.1; Win64; x64; rv:70.0) Gecko/20100101 Firefox/70.0',
  'accept' => 'text/html,application/xhtml+xml,application/xml;q=0.9,*/*;q=0.8',
  'accept-language' => 'zh-CN,zh;q=0.8,zh-TW;q=0.7,zh-HK;q=0.5,en-US;q=0.3,en;q=0.2',
  'accept-encoding' => 'gzip, deflate',
  'connection' => 'keep-alive',
  'referer' => 'http://www.mall.com/admin/index/index.html',
  'cookie' => 'thinkphp_show_page_trace=0|0; pgv_pvi=1350569984; PHPSESSID=vnfhf6pll1rr1j8c8n6kntjgn4',
  'upgrade-insecure-requests' => '1',
)
[ info ] [ PARAM ] array (
)
[ info ] [ VIEW ] C:\wamp\www\mall\application\admin\view\index\copy.html [ array (
) ]
---------------------------------------------------------------

[2019-12-03T14:38:57+08:00] 127.0.0.1 GET www.mall.com/static/admin//static/admin/images/favicon.ico
[运行时间：0.053003s] [吞吐率：18.87req/s] [内存消耗：2,057.31kb] [文件加载：59]
[ info ] [ LANG ] C:\wamp\www\mall\thinkphp\lang\zh-cn.php
>>>>>>> 83002a61b142ea2c151b293e3cdba29382d4ce64
