---------------------------------------------------------------

[2019-12-11T09:29:59+08:00] 127.0.0.1 GET www.mall.com/admin/login/index
[运行时间：0.065003s] [吞吐率：15.38req/s] [内存消耗：3,072.51kb] [文件加载：79]
[ info ] [ LANG ] C:\wamp\www\mall\thinkphp\lang\zh-cn.php
[ info ] [ ROUTE ] array (
)
[ info ] [ HEADER ] array (
  'host' => 'www.mall.com',
  'connection' => 'keep-alive',
  'upgrade-insecure-requests' => '1',
  'user-agent' => 'Mozilla/5.0 (Windows NT 6.1; Win64; x64) AppleWebKit/537.36 (KHTML, like Gecko) Chrome/76.0.3809.87 Safari/537.36',
  'accept' => 'text/html,application/xhtml+xml,application/xml;q=0.9,image/webp,image/apng,*/*;q=0.8,application/signed-exchange;v=b3',
  'accept-encoding' => 'gzip, deflate',
  'accept-language' => 'zh-CN,zh;q=0.9,en;q=0.8',
  'cookie' => 'pgv_pvi=2395768832',
)
[ info ] [ PARAM ] array (
)
[ info ] [ VIEW ] C:\wamp\www\mall\application\admin\view\login\index.html [ array (
) ]
---------------------------------------------------------------

[2019-12-11T09:29:59+08:00] 127.0.0.1 GET www.mall.com/admin/login/verify.html
[运行时间：0.077004s] [吞吐率：12.99req/s] [内存消耗：3,031.11kb] [文件加载：75]
[ info ] [ LANG ] C:\wamp\www\mall\thinkphp\lang\zh-cn.php
[ info ] [ ROUTE ] array (
)
[ info ] [ HEADER ] array (
  'host' => 'www.mall.com',
  'connection' => 'keep-alive',
  'user-agent' => 'Mozilla/5.0 (Windows NT 6.1; Win64; x64) AppleWebKit/537.36 (KHTML, like Gecko) Chrome/76.0.3809.87 Safari/537.36',
  'accept' => 'image/webp,image/apng,image/*,*/*;q=0.8',
  'referer' => 'http://www.mall.com/admin/login/index',
  'accept-encoding' => 'gzip, deflate',
  'accept-language' => 'zh-CN,zh;q=0.9,en;q=0.8',
  'cookie' => 'pgv_pvi=2395768832; PHPSESSID=veu9c6nohek8q7cmbaon8p8dtj',
)
[ info ] [ PARAM ] array (
)
---------------------------------------------------------------

[2019-12-11T09:30:03+08:00] 127.0.0.1 POST www.mall.com/admin/login/login.html
[运行时间：0.043002s] [吞吐率：23.25req/s] [内存消耗：3,036.73kb] [文件加载：76]
[ info ] [ LANG ] C:\wamp\www\mall\thinkphp\lang\zh-cn.php
[ info ] [ ROUTE ] array (
)
[ info ] [ HEADER ] array (
  'host' => 'www.mall.com',
  'connection' => 'keep-alive',
  'content-length' => '40',
  'accept' => 'application/json, text/javascript, */*; q=0.01',
  'origin' => 'http://www.mall.com',
  'x-requested-with' => 'XMLHttpRequest',
  'user-agent' => 'Mozilla/5.0 (Windows NT 6.1; Win64; x64) AppleWebKit/537.36 (KHTML, like Gecko) Chrome/76.0.3809.87 Safari/537.36',
  'content-type' => 'application/x-www-form-urlencoded; charset=UTF-8',
  'referer' => 'http://www.mall.com/admin/login/index',
  'accept-encoding' => 'gzip, deflate',
  'accept-language' => 'zh-CN,zh;q=0.9,en;q=0.8',
  'cookie' => 'thinkphp_show_page_trace=0|0; pgv_pvi=2395768832; PHPSESSID=veu9c6nohek8q7cmbaon8p8dtj',
)
[ info ] [ PARAM ] array (
  'username' => 'admin',
  'password' => '123456',
  'code' => 'heeb',
)
---------------------------------------------------------------

[2019-12-11T09:30:04+08:00] 127.0.0.1 GET www.mall.com/admin/login/index
[运行时间：0.057003s] [吞吐率：17.54req/s] [内存消耗：3,074.44kb] [文件加载：79]
[ info ] [ LANG ] C:\wamp\www\mall\thinkphp\lang\zh-cn.php
[ info ] [ ROUTE ] array (
)
[ info ] [ HEADER ] array (
  'host' => 'www.mall.com',
  'connection' => 'keep-alive',
  'cache-control' => 'max-age=0',
  'upgrade-insecure-requests' => '1',
  'user-agent' => 'Mozilla/5.0 (Windows NT 6.1; Win64; x64) AppleWebKit/537.36 (KHTML, like Gecko) Chrome/76.0.3809.87 Safari/537.36',
  'accept' => 'text/html,application/xhtml+xml,application/xml;q=0.9,image/webp,image/apng,*/*;q=0.8,application/signed-exchange;v=b3',
  'referer' => 'http://www.mall.com/admin/login/index',
  'accept-encoding' => 'gzip, deflate',
  'accept-language' => 'zh-CN,zh;q=0.9,en;q=0.8',
  'cookie' => 'thinkphp_show_page_trace=0|0; pgv_pvi=2395768832; PHPSESSID=veu9c6nohek8q7cmbaon8p8dtj',
)
[ info ] [ PARAM ] array (
)
[ info ] [ VIEW ] C:\wamp\www\mall\application\admin\view\login\index.html [ array (
) ]
---------------------------------------------------------------

[2019-12-11T09:30:04+08:00] 127.0.0.1 GET www.mall.com/admin/login/verify.html
[运行时间：0.069004s] [吞吐率：14.49req/s] [内存消耗：3,031.28kb] [文件加载：75]
[ info ] [ LANG ] C:\wamp\www\mall\thinkphp\lang\zh-cn.php
[ info ] [ ROUTE ] array (
)
[ info ] [ HEADER ] array (
  'host' => 'www.mall.com',
  'connection' => 'keep-alive',
  'user-agent' => 'Mozilla/5.0 (Windows NT 6.1; Win64; x64) AppleWebKit/537.36 (KHTML, like Gecko) Chrome/76.0.3809.87 Safari/537.36',
  'accept' => 'image/webp,image/apng,image/*,*/*;q=0.8',
  'referer' => 'http://www.mall.com/admin/login/index',
  'accept-encoding' => 'gzip, deflate',
  'accept-language' => 'zh-CN,zh;q=0.9,en;q=0.8',
  'cookie' => 'thinkphp_show_page_trace=0|0; pgv_pvi=2395768832; PHPSESSID=veu9c6nohek8q7cmbaon8p8dtj',
)
[ info ] [ PARAM ] array (
)
---------------------------------------------------------------

[2019-12-11T09:30:15+08:00] 127.0.0.1 POST www.mall.com/admin/login/login.html
[运行时间：0.051003s] [吞吐率：19.61req/s] [内存消耗：3,036.73kb] [文件加载：76]
[ info ] [ LANG ] C:\wamp\www\mall\thinkphp\lang\zh-cn.php
[ info ] [ ROUTE ] array (
)
[ info ] [ HEADER ] array (
  'host' => 'www.mall.com',
  'connection' => 'keep-alive',
  'content-length' => '40',
  'accept' => 'application/json, text/javascript, */*; q=0.01',
  'origin' => 'http://www.mall.com',
  'x-requested-with' => 'XMLHttpRequest',
  'user-agent' => 'Mozilla/5.0 (Windows NT 6.1; Win64; x64) AppleWebKit/537.36 (KHTML, like Gecko) Chrome/76.0.3809.87 Safari/537.36',
  'content-type' => 'application/x-www-form-urlencoded; charset=UTF-8',
  'referer' => 'http://www.mall.com/admin/login/index',
  'accept-encoding' => 'gzip, deflate',
  'accept-language' => 'zh-CN,zh;q=0.9,en;q=0.8',
  'cookie' => 'thinkphp_show_page_trace=0|0; pgv_pvi=2395768832; PHPSESSID=veu9c6nohek8q7cmbaon8p8dtj',
)
[ info ] [ PARAM ] array (
  'username' => 'admin',
  'password' => '123456',
  'code' => '6j6i',
)
---------------------------------------------------------------

[2019-12-11T09:30:16+08:00] 127.0.0.1 GET www.mall.com/admin/login/index
[运行时间：0.054003s] [吞吐率：18.52req/s] [内存消耗：3,074.44kb] [文件加载：79]
[ info ] [ LANG ] C:\wamp\www\mall\thinkphp\lang\zh-cn.php
[ info ] [ ROUTE ] array (
)
[ info ] [ HEADER ] array (
  'host' => 'www.mall.com',
  'connection' => 'keep-alive',
  'cache-control' => 'max-age=0',
  'upgrade-insecure-requests' => '1',
  'user-agent' => 'Mozilla/5.0 (Windows NT 6.1; Win64; x64) AppleWebKit/537.36 (KHTML, like Gecko) Chrome/76.0.3809.87 Safari/537.36',
  'accept' => 'text/html,application/xhtml+xml,application/xml;q=0.9,image/webp,image/apng,*/*;q=0.8,application/signed-exchange;v=b3',
  'referer' => 'http://www.mall.com/admin/login/index',
  'accept-encoding' => 'gzip, deflate',
  'accept-language' => 'zh-CN,zh;q=0.9,en;q=0.8',
  'cookie' => 'thinkphp_show_page_trace=0|0; pgv_pvi=2395768832; PHPSESSID=veu9c6nohek8q7cmbaon8p8dtj',
)
[ info ] [ PARAM ] array (
)
[ info ] [ VIEW ] C:\wamp\www\mall\application\admin\view\login\index.html [ array (
) ]
---------------------------------------------------------------

[2019-12-11T09:30:16+08:00] 127.0.0.1 GET www.mall.com/admin/login/verify.html
[运行时间：0.071004s] [吞吐率：14.08req/s] [内存消耗：3,031.28kb] [文件加载：75]
[ info ] [ LANG ] C:\wamp\www\mall\thinkphp\lang\zh-cn.php
[ info ] [ ROUTE ] array (
)
[ info ] [ HEADER ] array (
  'host' => 'www.mall.com',
  'connection' => 'keep-alive',
  'user-agent' => 'Mozilla/5.0 (Windows NT 6.1; Win64; x64) AppleWebKit/537.36 (KHTML, like Gecko) Chrome/76.0.3809.87 Safari/537.36',
  'accept' => 'image/webp,image/apng,image/*,*/*;q=0.8',
  'referer' => 'http://www.mall.com/admin/login/index',
  'accept-encoding' => 'gzip, deflate',
  'accept-language' => 'zh-CN,zh;q=0.9,en;q=0.8',
  'cookie' => 'thinkphp_show_page_trace=0|0; pgv_pvi=2395768832; PHPSESSID=veu9c6nohek8q7cmbaon8p8dtj',
)
[ info ] [ PARAM ] array (
)
---------------------------------------------------------------

[2019-12-11T09:30:17+08:00] 127.0.0.1 GET www.mall.com/admin/login/verify.html?rand=0.16057058089521448
[运行时间：0.062003s] [吞吐率：16.13req/s] [内存消耗：3,031.66kb] [文件加载：75]
[ info ] [ LANG ] C:\wamp\www\mall\thinkphp\lang\zh-cn.php
[ info ] [ ROUTE ] array (
)
[ info ] [ HEADER ] array (
  'host' => 'www.mall.com',
  'connection' => 'keep-alive',
  'user-agent' => 'Mozilla/5.0 (Windows NT 6.1; Win64; x64) AppleWebKit/537.36 (KHTML, like Gecko) Chrome/76.0.3809.87 Safari/537.36',
  'accept' => 'image/webp,image/apng,image/*,*/*;q=0.8',
  'referer' => 'http://www.mall.com/admin/login/index',
  'accept-encoding' => 'gzip, deflate',
  'accept-language' => 'zh-CN,zh;q=0.9,en;q=0.8',
  'cookie' => 'thinkphp_show_page_trace=0|0; pgv_pvi=2395768832; PHPSESSID=veu9c6nohek8q7cmbaon8p8dtj',
)
[ info ] [ PARAM ] array (
  'rand' => '0.16057058089521448',
)
---------------------------------------------------------------

[2019-12-11T09:30:22+08:00] 127.0.0.1 POST www.mall.com/admin/login/login.html
[运行时间：0.055003s] [吞吐率：18.18req/s] [内存消耗：4,288.66kb] [文件加载：81]
[ info ] [ LANG ] C:\wamp\www\mall\thinkphp\lang\zh-cn.php
[ info ] [ ROUTE ] array (
)
[ info ] [ HEADER ] array (
  'host' => 'www.mall.com',
  'connection' => 'keep-alive',
  'content-length' => '40',
  'accept' => 'application/json, text/javascript, */*; q=0.01',
  'origin' => 'http://www.mall.com',
  'x-requested-with' => 'XMLHttpRequest',
  'user-agent' => 'Mozilla/5.0 (Windows NT 6.1; Win64; x64) AppleWebKit/537.36 (KHTML, like Gecko) Chrome/76.0.3809.87 Safari/537.36',
  'content-type' => 'application/x-www-form-urlencoded; charset=UTF-8',
  'referer' => 'http://www.mall.com/admin/login/index',
  'accept-encoding' => 'gzip, deflate',
  'accept-language' => 'zh-CN,zh;q=0.9,en;q=0.8',
  'cookie' => 'thinkphp_show_page_trace=0|0; pgv_pvi=2395768832; PHPSESSID=veu9c6nohek8q7cmbaon8p8dtj',
)
[ info ] [ PARAM ] array (
  'username' => 'admin',
  'password' => '123456',
  'code' => 'qnyg',
)
[ info ] [ DB ] INIT mysql
[ sql ] [ DB ] CONNECT:[ UseTime:0.001000s ] mysql:host=localhost;dbname=mall;charset=utf8
[ sql ] [ SQL ] SHOW COLUMNS FROM `mall_admin` [ RunTime:0.001000s ]
[ sql ] [ SQL ] SELECT * FROM `mall_admin` WHERE  `username` = 'admin' LIMIT 1 [ RunTime:0.000000s ]
[ sql ] [ SQL ] UPDATE `mall_admin`  SET `login_time` = 1576027822 , `login_ip` = '127.0.0.1'  WHERE  `admin_id` = 1 [ RunTime:0.001000s ]
---------------------------------------------------------------

[2019-12-11T09:30:23+08:00] 127.0.0.1 GET www.mall.com/admin/index/index.html
[运行时间：0.054003s] [吞吐率：18.52req/s] [内存消耗：2,596.31kb] [文件加载：72]
[ info ] [ LANG ] C:\wamp\www\mall\thinkphp\lang\zh-cn.php
[ info ] [ ROUTE ] array (
)
[ info ] [ HEADER ] array (
  'host' => 'www.mall.com',
  'connection' => 'keep-alive',
  'upgrade-insecure-requests' => '1',
  'user-agent' => 'Mozilla/5.0 (Windows NT 6.1; Win64; x64) AppleWebKit/537.36 (KHTML, like Gecko) Chrome/76.0.3809.87 Safari/537.36',
  'accept' => 'text/html,application/xhtml+xml,application/xml;q=0.9,image/webp,image/apng,*/*;q=0.8,application/signed-exchange;v=b3',
  'referer' => 'http://www.mall.com/admin/login/index',
  'accept-encoding' => 'gzip, deflate',
  'accept-language' => 'zh-CN,zh;q=0.9,en;q=0.8',
  'cookie' => 'ace.settings=%7B%22navbar-fixed%22%3A1%2C%22sidebar-fixed%22%3A-1%2C%22main-container-fixed%22%3A-1%7D; pgv_pvi=2395768832; PHPSESSID=veu9c6nohek8q7cmbaon8p8dtj',
)
[ info ] [ PARAM ] array (
)
[ info ] [ VIEW ] C:\wamp\www\mall\application\admin\view\index\index.html [ array (
) ]
---------------------------------------------------------------

[2019-12-11T09:30:23+08:00] 127.0.0.1 GET www.mall.com/admin/index/copy.html
[运行时间：0.068004s] [吞吐率：14.70req/s] [内存消耗：2,501.83kb] [文件加载：70]
[ info ] [ LANG ] C:\wamp\www\mall\thinkphp\lang\zh-cn.php
[ info ] [ ROUTE ] array (
)
[ info ] [ HEADER ] array (
  'host' => 'www.mall.com',
  'connection' => 'keep-alive',
  'upgrade-insecure-requests' => '1',
  'user-agent' => 'Mozilla/5.0 (Windows NT 6.1; Win64; x64) AppleWebKit/537.36 (KHTML, like Gecko) Chrome/76.0.3809.87 Safari/537.36',
  'accept' => 'text/html,application/xhtml+xml,application/xml;q=0.9,image/webp,image/apng,*/*;q=0.8,application/signed-exchange;v=b3',
  'referer' => 'http://www.mall.com/admin/index/index.html',
  'accept-encoding' => 'gzip, deflate',
  'accept-language' => 'zh-CN,zh;q=0.9,en;q=0.8',
  'cookie' => 'ace.settings=%7B%22navbar-fixed%22%3A1%2C%22sidebar-fixed%22%3A-1%2C%22main-container-fixed%22%3A-1%7D; pgv_pvi=2395768832; PHPSESSID=veu9c6nohek8q7cmbaon8p8dtj',
)
[ info ] [ PARAM ] array (
)
[ info ] [ VIEW ] C:\wamp\www\mall\application\admin\view\index\copy.html [ array (
) ]
---------------------------------------------------------------

[2019-12-11T09:30:26+08:00] 127.0.0.1 GET www.mall.com/admin/rbac/role.html
[运行时间：0.084005s] [吞吐率：11.90req/s] [内存消耗：4,585.94kb] [文件加载：88]
[ info ] [ LANG ] C:\wamp\www\mall\thinkphp\lang\zh-cn.php
[ info ] [ ROUTE ] array (
)
[ info ] [ HEADER ] array (
  'host' => 'www.mall.com',
  'connection' => 'keep-alive',
  'upgrade-insecure-requests' => '1',
  'user-agent' => 'Mozilla/5.0 (Windows NT 6.1; Win64; x64) AppleWebKit/537.36 (KHTML, like Gecko) Chrome/76.0.3809.87 Safari/537.36',
  'accept' => 'text/html,application/xhtml+xml,application/xml;q=0.9,image/webp,image/apng,*/*;q=0.8,application/signed-exchange;v=b3',
  'referer' => 'http://www.mall.com/admin/index/index.html',
  'accept-encoding' => 'gzip, deflate',
  'accept-language' => 'zh-CN,zh;q=0.9,en;q=0.8',
  'cookie' => 'pgv_pvi=2395768832; PHPSESSID=veu9c6nohek8q7cmbaon8p8dtj',
)
[ info ] [ PARAM ] array (
)
[ info ] [ DB ] INIT mysql
[ info ] [ VIEW ] C:\wamp\www\mall\application\admin\view\rbac\role.html [ array (
  0 => 'page',
  1 => 'page_data',
  2 => 'remark',
  3 => 'status',
  4 => 'page_total',
) ]
[ sql ] [ DB ] CONNECT:[ UseTime:0.001000s ] mysql:host=localhost;dbname=mall;charset=utf8
[ sql ] [ SQL ] SHOW COLUMNS FROM `mall_role` [ RunTime:0.001000s ]
[ sql ] [ SQL ] SELECT COUNT(*) AS tp_count FROM `mall_role` [ RunTime:0.000000s ]
[ sql ] [ SQL ] SELECT `id`,`name`,`remark`,`status` FROM `mall_role` ORDER BY `id` ASC LIMIT 0,10 [ RunTime:0.001000s ]
---------------------------------------------------------------

[2019-12-11T09:30:30+08:00] 127.0.0.1 GET www.mall.com/admin/rbac/editrole/id/3.html
[运行时间：0.074004s] [吞吐率：13.51req/s] [内存消耗：4,452.86kb] [文件加载：86]
[ info ] [ LANG ] C:\wamp\www\mall\thinkphp\lang\zh-cn.php
[ info ] [ ROUTE ] array (
)
[ info ] [ HEADER ] array (
  'host' => 'www.mall.com',
  'connection' => 'keep-alive',
  'upgrade-insecure-requests' => '1',
  'user-agent' => 'Mozilla/5.0 (Windows NT 6.1; Win64; x64) AppleWebKit/537.36 (KHTML, like Gecko) Chrome/76.0.3809.87 Safari/537.36',
  'accept' => 'text/html,application/xhtml+xml,application/xml;q=0.9,image/webp,image/apng,*/*;q=0.8,application/signed-exchange;v=b3',
  'referer' => 'http://www.mall.com/admin/rbac/role.html',
  'accept-encoding' => 'gzip, deflate',
  'accept-language' => 'zh-CN,zh;q=0.9,en;q=0.8',
  'cookie' => 'thinkphp_show_page_trace=0|0; pgv_pvi=2395768832; PHPSESSID=veu9c6nohek8q7cmbaon8p8dtj',
)
[ info ] [ PARAM ] array (
  'id' => '3',
)
[ info ] [ DB ] INIT mysql
[ info ] [ VIEW ] C:\wamp\www\mall\application\admin\view\rbac\edit_role.html [ array (
  0 => 'editdata',
) ]
[ sql ] [ DB ] CONNECT:[ UseTime:0.000000s ] mysql:host=localhost;dbname=mall;charset=utf8
[ sql ] [ SQL ] SHOW COLUMNS FROM `mall_role` [ RunTime:0.000000s ]
[ sql ] [ SQL ] SELECT * FROM `mall_role` WHERE  `id` = 3 LIMIT 1 [ RunTime:0.000000s ]
---------------------------------------------------------------

[2019-12-11T09:30:33+08:00] 127.0.0.1 GET www.mall.com/admin/rbac/role.html
[运行时间：0.075005s] [吞吐率：13.33req/s] [内存消耗：4,586.08kb] [文件加载：88]
[ info ] [ LANG ] C:\wamp\www\mall\thinkphp\lang\zh-cn.php
[ info ] [ ROUTE ] array (
)
[ info ] [ HEADER ] array (
  'host' => 'www.mall.com',
  'connection' => 'keep-alive',
  'upgrade-insecure-requests' => '1',
  'user-agent' => 'Mozilla/5.0 (Windows NT 6.1; Win64; x64) AppleWebKit/537.36 (KHTML, like Gecko) Chrome/76.0.3809.87 Safari/537.36',
  'accept' => 'text/html,application/xhtml+xml,application/xml;q=0.9,image/webp,image/apng,*/*;q=0.8,application/signed-exchange;v=b3',
  'referer' => 'http://www.mall.com/admin/index/index.html',
  'accept-encoding' => 'gzip, deflate',
  'accept-language' => 'zh-CN,zh;q=0.9,en;q=0.8',
  'cookie' => 'thinkphp_show_page_trace=0|0; pgv_pvi=2395768832; PHPSESSID=veu9c6nohek8q7cmbaon8p8dtj',
)
[ info ] [ PARAM ] array (
)
[ info ] [ DB ] INIT mysql
[ info ] [ VIEW ] C:\wamp\www\mall\application\admin\view\rbac\role.html [ array (
  0 => 'page',
  1 => 'page_data',
  2 => 'remark',
  3 => 'status',
  4 => 'page_total',
) ]
[ sql ] [ DB ] CONNECT:[ UseTime:0.001000s ] mysql:host=localhost;dbname=mall;charset=utf8
[ sql ] [ SQL ] SHOW COLUMNS FROM `mall_role` [ RunTime:0.001000s ]
[ sql ] [ SQL ] SELECT COUNT(*) AS tp_count FROM `mall_role` [ RunTime:0.000000s ]
[ sql ] [ SQL ] SELECT `id`,`name`,`remark`,`status` FROM `mall_role` ORDER BY `id` ASC LIMIT 0,10 [ RunTime:0.001000s ]
---------------------------------------------------------------

[2019-12-11T09:51:03+08:00] 127.0.0.1 GET www.mall.com/admin/rbac/role.html
[运行时间：0.073004s] [吞吐率：13.70req/s] [内存消耗：4,586.08kb] [文件加载：88]
[ info ] [ LANG ] C:\wamp\www\mall\thinkphp\lang\zh-cn.php
[ info ] [ ROUTE ] array (
)
[ info ] [ HEADER ] array (
  'host' => 'www.mall.com',
  'connection' => 'keep-alive',
  'upgrade-insecure-requests' => '1',
  'user-agent' => 'Mozilla/5.0 (Windows NT 6.1; Win64; x64) AppleWebKit/537.36 (KHTML, like Gecko) Chrome/76.0.3809.87 Safari/537.36',
  'accept' => 'text/html,application/xhtml+xml,application/xml;q=0.9,image/webp,image/apng,*/*;q=0.8,application/signed-exchange;v=b3',
  'referer' => 'http://www.mall.com/admin/index/index.html',
  'accept-encoding' => 'gzip, deflate',
  'accept-language' => 'zh-CN,zh;q=0.9,en;q=0.8',
  'cookie' => 'thinkphp_show_page_trace=0|0; pgv_pvi=2395768832; PHPSESSID=veu9c6nohek8q7cmbaon8p8dtj',
)
[ info ] [ PARAM ] array (
)
[ info ] [ DB ] INIT mysql
[ info ] [ VIEW ] C:\wamp\www\mall\application\admin\view\rbac\role.html [ array (
  0 => 'page',
  1 => 'page_data',
  2 => 'remark',
  3 => 'status',
  4 => 'page_total',
) ]
[ sql ] [ DB ] CONNECT:[ UseTime:0.001000s ] mysql:host=localhost;dbname=mall;charset=utf8
[ sql ] [ SQL ] SHOW COLUMNS FROM `mall_role` [ RunTime:0.001000s ]
[ sql ] [ SQL ] SELECT COUNT(*) AS tp_count FROM `mall_role` [ RunTime:0.000000s ]
[ sql ] [ SQL ] SELECT `id`,`name`,`remark`,`status` FROM `mall_role` ORDER BY `id` ASC LIMIT 0,10 [ RunTime:0.000000s ]
---------------------------------------------------------------

[2019-12-11T09:51:05+08:00] 127.0.0.1 GET www.mall.com/admin/rbac/editrole/id/3.html
[运行时间：0.072004s] [吞吐率：13.89req/s] [内存消耗：4,452.91kb] [文件加载：86]
[ info ] [ LANG ] C:\wamp\www\mall\thinkphp\lang\zh-cn.php
[ info ] [ ROUTE ] array (
)
[ info ] [ HEADER ] array (
  'host' => 'www.mall.com',
  'connection' => 'keep-alive',
  'upgrade-insecure-requests' => '1',
  'user-agent' => 'Mozilla/5.0 (Windows NT 6.1; Win64; x64) AppleWebKit/537.36 (KHTML, like Gecko) Chrome/76.0.3809.87 Safari/537.36',
  'accept' => 'text/html,application/xhtml+xml,application/xml;q=0.9,image/webp,image/apng,*/*;q=0.8,application/signed-exchange;v=b3',
  'referer' => 'http://www.mall.com/admin/rbac/role.html',
  'accept-encoding' => 'gzip, deflate',
  'accept-language' => 'zh-CN,zh;q=0.9,en;q=0.8',
  'cookie' => 'thinkphp_show_page_trace=0|0; thinkphp_show_page_trace=0|0; pgv_pvi=2395768832; PHPSESSID=veu9c6nohek8q7cmbaon8p8dtj',
)
[ info ] [ PARAM ] array (
  'id' => '3',
)
[ info ] [ DB ] INIT mysql
[ info ] [ VIEW ] C:\wamp\www\mall\application\admin\view\rbac\edit_role.html [ array (
  0 => 'editdata',
) ]
[ sql ] [ DB ] CONNECT:[ UseTime:0.001001s ] mysql:host=localhost;dbname=mall;charset=utf8
[ sql ] [ SQL ] SHOW COLUMNS FROM `mall_role` [ RunTime:0.001000s ]
[ sql ] [ SQL ] SELECT * FROM `mall_role` WHERE  `id` = 3 LIMIT 1 [ RunTime:0.000000s ]
---------------------------------------------------------------

[2019-12-11T09:51:06+08:00] 127.0.0.1 GET www.mall.com/admin/rbac/role.html
[运行时间：0.083005s] [吞吐率：12.05req/s] [内存消耗：4,586.08kb] [文件加载：88]
[ info ] [ LANG ] C:\wamp\www\mall\thinkphp\lang\zh-cn.php
[ info ] [ ROUTE ] array (
)
[ info ] [ HEADER ] array (
  'host' => 'www.mall.com',
  'connection' => 'keep-alive',
  'upgrade-insecure-requests' => '1',
  'user-agent' => 'Mozilla/5.0 (Windows NT 6.1; Win64; x64) AppleWebKit/537.36 (KHTML, like Gecko) Chrome/76.0.3809.87 Safari/537.36',
  'accept' => 'text/html,application/xhtml+xml,application/xml;q=0.9,image/webp,image/apng,*/*;q=0.8,application/signed-exchange;v=b3',
  'referer' => 'http://www.mall.com/admin/index/index.html',
  'accept-encoding' => 'gzip, deflate',
  'accept-language' => 'zh-CN,zh;q=0.9,en;q=0.8',
  'cookie' => 'thinkphp_show_page_trace=0|0; pgv_pvi=2395768832; PHPSESSID=veu9c6nohek8q7cmbaon8p8dtj',
)
[ info ] [ PARAM ] array (
)
[ info ] [ DB ] INIT mysql
[ info ] [ VIEW ] C:\wamp\www\mall\application\admin\view\rbac\role.html [ array (
  0 => 'page',
  1 => 'page_data',
  2 => 'remark',
  3 => 'status',
  4 => 'page_total',
) ]
[ sql ] [ DB ] CONNECT:[ UseTime:0.010000s ] mysql:host=localhost;dbname=mall;charset=utf8
[ sql ] [ SQL ] SHOW COLUMNS FROM `mall_role` [ RunTime:0.001000s ]
[ sql ] [ SQL ] SELECT COUNT(*) AS tp_count FROM `mall_role` [ RunTime:0.000000s ]
[ sql ] [ SQL ] SELECT `id`,`name`,`remark`,`status` FROM `mall_role` ORDER BY `id` ASC LIMIT 0,10 [ RunTime:0.000000s ]
---------------------------------------------------------------

[2019-12-11T09:54:26+08:00] 127.0.0.1 GET www.mall.com/admin/rbac/role.html
[运行时间：0.095005s] [吞吐率：10.53req/s] [内存消耗：4,586.08kb] [文件加载：88]
[ info ] [ LANG ] C:\wamp\www\mall\thinkphp\lang\zh-cn.php
[ info ] [ ROUTE ] array (
)
[ info ] [ HEADER ] array (
  'host' => 'www.mall.com',
  'connection' => 'keep-alive',
  'upgrade-insecure-requests' => '1',
  'user-agent' => 'Mozilla/5.0 (Windows NT 6.1; Win64; x64) AppleWebKit/537.36 (KHTML, like Gecko) Chrome/76.0.3809.87 Safari/537.36',
  'accept' => 'text/html,application/xhtml+xml,application/xml;q=0.9,image/webp,image/apng,*/*;q=0.8,application/signed-exchange;v=b3',
  'referer' => 'http://www.mall.com/admin/index/index.html',
  'accept-encoding' => 'gzip, deflate',
  'accept-language' => 'zh-CN,zh;q=0.9,en;q=0.8',
  'cookie' => 'thinkphp_show_page_trace=0|0; pgv_pvi=2395768832; PHPSESSID=veu9c6nohek8q7cmbaon8p8dtj',
)
[ info ] [ PARAM ] array (
)
[ info ] [ DB ] INIT mysql
[ info ] [ VIEW ] C:\wamp\www\mall\application\admin\view\rbac\role.html [ array (
  0 => 'page',
  1 => 'page_data',
  2 => 'remark',
  3 => 'status',
  4 => 'page_total',
) ]
[ sql ] [ DB ] CONNECT:[ UseTime:0.010000s ] mysql:host=localhost;dbname=mall;charset=utf8
[ sql ] [ SQL ] SHOW COLUMNS FROM `mall_role` [ RunTime:0.001000s ]
[ sql ] [ SQL ] SELECT COUNT(*) AS tp_count FROM `mall_role` [ RunTime:0.000000s ]
[ sql ] [ SQL ] SELECT `id`,`name`,`remark`,`status` FROM `mall_role` ORDER BY `id` ASC LIMIT 0,10 [ RunTime:0.001000s ]
---------------------------------------------------------------

[2019-12-11T09:54:28+08:00] 127.0.0.1 GET www.mall.com/admin/rbac/node.html
[运行时间：0.085005s] [吞吐率：11.76req/s] [内存消耗：4,454.66kb] [文件加载：86]
[ info ] [ LANG ] C:\wamp\www\mall\thinkphp\lang\zh-cn.php
[ info ] [ ROUTE ] array (
)
[ info ] [ HEADER ] array (
  'host' => 'www.mall.com',
  'connection' => 'keep-alive',
  'upgrade-insecure-requests' => '1',
  'user-agent' => 'Mozilla/5.0 (Windows NT 6.1; Win64; x64) AppleWebKit/537.36 (KHTML, like Gecko) Chrome/76.0.3809.87 Safari/537.36',
  'accept' => 'text/html,application/xhtml+xml,application/xml;q=0.9,image/webp,image/apng,*/*;q=0.8,application/signed-exchange;v=b3',
  'referer' => 'http://www.mall.com/admin/index/index.html',
  'accept-encoding' => 'gzip, deflate',
  'accept-language' => 'zh-CN,zh;q=0.9,en;q=0.8',
  'cookie' => 'thinkphp_show_page_trace=0|0; pgv_pvi=2395768832; PHPSESSID=veu9c6nohek8q7cmbaon8p8dtj',
)
[ info ] [ PARAM ] array (
)
[ info ] [ DB ] INIT mysql
[ info ] [ VIEW ] C:\wamp\www\mall\application\admin\view\rbac\node.html [ array (
  0 => 'page_data',
) ]
[ sql ] [ DB ] CONNECT:[ UseTime:0.001000s ] mysql:host=localhost;dbname=mall;charset=utf8
[ sql ] [ SQL ] SHOW COLUMNS FROM `mall_node` [ RunTime:0.001000s ]
[ sql ] [ SQL ] SELECT `id`,`name`,`title`,`pid` FROM `mall_node` ORDER BY `id` ASC [ RunTime:0.000000s ]
---------------------------------------------------------------

[2019-12-11T09:54:29+08:00] 127.0.0.1 GET www.mall.com/admin/rbac/role.html
[运行时间：0.110007s] [吞吐率：9.09req/s] [内存消耗：4,586.08kb] [文件加载：88]
[ info ] [ LANG ] C:\wamp\www\mall\thinkphp\lang\zh-cn.php
[ info ] [ ROUTE ] array (
)
[ info ] [ HEADER ] array (
  'host' => 'www.mall.com',
  'connection' => 'keep-alive',
  'upgrade-insecure-requests' => '1',
  'user-agent' => 'Mozilla/5.0 (Windows NT 6.1; Win64; x64) AppleWebKit/537.36 (KHTML, like Gecko) Chrome/76.0.3809.87 Safari/537.36',
  'accept' => 'text/html,application/xhtml+xml,application/xml;q=0.9,image/webp,image/apng,*/*;q=0.8,application/signed-exchange;v=b3',
  'referer' => 'http://www.mall.com/admin/index/index.html',
  'accept-encoding' => 'gzip, deflate',
  'accept-language' => 'zh-CN,zh;q=0.9,en;q=0.8',
  'cookie' => 'thinkphp_show_page_trace=0|0; pgv_pvi=2395768832; PHPSESSID=veu9c6nohek8q7cmbaon8p8dtj',
)
[ info ] [ PARAM ] array (
)
[ info ] [ DB ] INIT mysql
[ info ] [ VIEW ] C:\wamp\www\mall\application\admin\view\rbac\role.html [ array (
  0 => 'page',
  1 => 'page_data',
  2 => 'remark',
  3 => 'status',
  4 => 'page_total',
) ]
[ sql ] [ DB ] CONNECT:[ UseTime:0.011001s ] mysql:host=localhost;dbname=mall;charset=utf8
[ sql ] [ SQL ] SHOW COLUMNS FROM `mall_role` [ RunTime:0.001000s ]
[ sql ] [ SQL ] SELECT COUNT(*) AS tp_count FROM `mall_role` [ RunTime:0.000000s ]
[ sql ] [ SQL ] SELECT `id`,`name`,`remark`,`status` FROM `mall_role` ORDER BY `id` ASC LIMIT 0,10 [ RunTime:0.000000s ]
---------------------------------------------------------------

[2019-12-11T09:54:30+08:00] 127.0.0.1 GET www.mall.com/admin/rbac/node.html
[运行时间：0.069004s] [吞吐率：14.49req/s] [内存消耗：4,454.66kb] [文件加载：86]
[ info ] [ LANG ] C:\wamp\www\mall\thinkphp\lang\zh-cn.php
[ info ] [ ROUTE ] array (
)
[ info ] [ HEADER ] array (
  'host' => 'www.mall.com',
  'connection' => 'keep-alive',
  'upgrade-insecure-requests' => '1',
  'user-agent' => 'Mozilla/5.0 (Windows NT 6.1; Win64; x64) AppleWebKit/537.36 (KHTML, like Gecko) Chrome/76.0.3809.87 Safari/537.36',
  'accept' => 'text/html,application/xhtml+xml,application/xml;q=0.9,image/webp,image/apng,*/*;q=0.8,application/signed-exchange;v=b3',
  'referer' => 'http://www.mall.com/admin/index/index.html',
  'accept-encoding' => 'gzip, deflate',
  'accept-language' => 'zh-CN,zh;q=0.9,en;q=0.8',
  'cookie' => 'thinkphp_show_page_trace=0|0; pgv_pvi=2395768832; PHPSESSID=veu9c6nohek8q7cmbaon8p8dtj',
)
[ info ] [ PARAM ] array (
)
[ info ] [ DB ] INIT mysql
[ info ] [ VIEW ] C:\wamp\www\mall\application\admin\view\rbac\node.html [ array (
  0 => 'page_data',
) ]
[ sql ] [ DB ] CONNECT:[ UseTime:0.001000s ] mysql:host=localhost;dbname=mall;charset=utf8
[ sql ] [ SQL ] SHOW COLUMNS FROM `mall_node` [ RunTime:0.001000s ]
[ sql ] [ SQL ] SELECT `id`,`name`,`title`,`pid` FROM `mall_node` ORDER BY `id` ASC [ RunTime:0.000000s ]
---------------------------------------------------------------

[2019-12-11T09:54:54+08:00] 127.0.0.1 GET www.mall.com/admin/rbac/node.html
[运行时间：0.082004s] [吞吐率：12.19req/s] [内存消耗：4,454.74kb] [文件加载：86]
[ info ] [ LANG ] C:\wamp\www\mall\thinkphp\lang\zh-cn.php
[ info ] [ ROUTE ] array (
)
[ info ] [ HEADER ] array (
  'host' => 'www.mall.com',
  'connection' => 'keep-alive',
  'cache-control' => 'max-age=0',
  'upgrade-insecure-requests' => '1',
  'user-agent' => 'Mozilla/5.0 (Windows NT 6.1; Win64; x64) AppleWebKit/537.36 (KHTML, like Gecko) Chrome/76.0.3809.87 Safari/537.36',
  'accept' => 'text/html,application/xhtml+xml,application/xml;q=0.9,image/webp,image/apng,*/*;q=0.8,application/signed-exchange;v=b3',
  'referer' => 'http://www.mall.com/admin/index/index.html',
  'accept-encoding' => 'gzip, deflate',
  'accept-language' => 'zh-CN,zh;q=0.9,en;q=0.8',
  'cookie' => 'thinkphp_show_page_trace=0|0; pgv_pvi=2395768832; PHPSESSID=veu9c6nohek8q7cmbaon8p8dtj',
)
[ info ] [ PARAM ] array (
)
[ info ] [ DB ] INIT mysql
[ info ] [ VIEW ] C:\wamp\www\mall\application\admin\view\rbac\node.html [ array (
  0 => 'page_data',
) ]
[ sql ] [ DB ] CONNECT:[ UseTime:0.001001s ] mysql:host=localhost;dbname=mall;charset=utf8
[ sql ] [ SQL ] SHOW COLUMNS FROM `mall_node` [ RunTime:0.001000s ]
[ sql ] [ SQL ] SELECT `id`,`name`,`title`,`pid` FROM `mall_node` ORDER BY `id` ASC [ RunTime:0.000000s ]
